info|2024-02-02 16:19:56.190694|[SDK][WS][SERVICE],[NEWOBJ][WsService]=0000018F1F626E30
info|2024-02-02 16:19:56.190694|[RPCWS][SERVICE]init the local protocol,minVersion=1,maxVersion=1,module=2
info|2024-02-02 16:19:56.192694|[DEFAULT][WS][INITIALIZER][initWsService]start websocket service as client,connected size=2
info|2024-02-02 16:19:56.193721|[DEFAULT][WS][INITIALIZER][initWsService]initializer for websocket service,listenIP=,listenPort=0,disableSsl=false,server=false,client=true,threadPoolSize=8,maxMsgSize=33554432,msgTimeOut=-1,connected peers=2
info|2024-02-02 16:19:56.193721|[bcos_sdk_create][NEWOBJ],sdk=0000018F1F597DC0
info|2024-02-02 16:19:57.180181|[DEFAULT][WS][CONNECTOR][connectToWsServer]async_connect success,endpoint=212.64.16.142:20200
info|2024-02-02 16:19:57.180181|[DEFAULT][WS][STREAM],[NEWOBJ][WsStream]=0000018F215750F0
info|2024-02-02 16:19:57.183209|[DEFAULT][WS][CONNECTOR][connectToWsServer]async_connect success,endpoint=212.64.16.142:20201
info|2024-02-02 16:19:57.183209|[DEFAULT][WS][STREAM],[NEWOBJ][WsStream]=0000018F1F28D6B0
info|2024-02-02 16:19:57.200719|[DEFAULT][BOOSTSSL][NODEINFO][NEW]SSLContext pubHex: 3082010a0282010100bae646023f74d7b34090780bb49c5159d516b483ee7a23bf1a9461905ea4d344486dfa8d1e72f316dad949d7f581bc3b295089248919b4b1ce7c71426aa4e29ed36bf256726385674e036344f2ecb2a24d06065402f7cd822a6f9fdb53f37e4707eff93b362ac8217a14fce2b1ed7694caa05db2c8d93f0007dce6af402f37eb6f1b61774c02c01d8b7d49ef0b76dc410475fde3a5165e9299f954ac1638e7e7ac40f31e531d12d9ed820bf62ffca7e6c553b6466675b8a0fd02d7d578e13a22bb02a4f87f5d1f8d24a1f3900a806915a9c62d5b16f718dec9297cd9d46b3ab3ee2dc388b8535571bd3893f18c4d13eaecf0bdb4d62b4e2213f94b275ab6b2a90203010001
warning|2024-02-02 16:19:57.200719|[DEFAULT][BOOSTSSL][NODEINFO]Get ca basic failed
info|2024-02-02 16:19:57.200719|[DEFAULT][BOOSTSSL][NODEINFO][NEW]SSLContext pubHex: 3082010a0282010100bae646023f74d7b34090780bb49c5159d516b483ee7a23bf1a9461905ea4d344486dfa8d1e72f316dad949d7f581bc3b295089248919b4b1ce7c71426aa4e29ed36bf256726385674e036344f2ecb2a24d06065402f7cd822a6f9fdb53f37e4707eff93b362ac8217a14fce2b1ed7694caa05db2c8d93f0007dce6af402f37eb6f1b61774c02c01d8b7d49ef0b76dc410475fde3a5165e9299f954ac1638e7e7ac40f31e531d12d9ed820bf62ffca7e6c553b6466675b8a0fd02d7d578e13a22bb02a4f87f5d1f8d24a1f3900a806915a9c62d5b16f718dec9297cd9d46b3ab3ee2dc388b8535571bd3893f18c4d13eaecf0bdb4d62b4e2213f94b275ab6b2a90203010001
warning|2024-02-02 16:19:57.200719|[DEFAULT][BOOSTSSL][NODEINFO]Get ca basic failed
info|2024-02-02 16:19:57.201184|[DEFAULT][BOOSTSSL][NODEINFO][NEW]SSLContext pubHex: 3082010a0282010100ec2cfa195b7e79d4b3e65192cfee0d70561854264fa5a0c4a1ceea113ced4032f6b8770b147e4722e957569316bf61123b1ef57814943d52fb42a96787ef6b33c730d3c3c787b4e2c18d7f41b0d11a558b329538a1e81ca1c009bffa3b14f51e6cf8c6c73ea5ed1250941d6f9aae95173c57afbf7be6b87d3a98fa25294ae0955d936ea5492f4b161ef9fe2515b97d7add57cb74260bd0ad3b60e3cc949635e2a36f69776e57459f9275c2680ba7b951670c647f1af8565e7955cb8c4113d3c521f17e725c1ed878b3f2df0c89ff50d26056da006ea2f198169ae6de8178d36ccf3e261b3d774d86029e29779841ad5938847010056099041288f1ddbbb75dd50203010001
info|2024-02-02 16:19:57.201184|[DEFAULT][BOOSTSSL][NODEINFO][NEW]SSLContext pubHex: 3082010a0282010100d560d40e64f8ef80a7a5f486de4aa292feeb997462296000f165af3c64a97c22aeec4273dddbe9dbcc959967b78f64ac19d5bd4ac945759f44c8695287de3d5428d0c992fe159b958cbca32f0b6f10490195257b3e6ad1d95c1427f532985bd8d61d3e6eca5ff7e2af9b86db11b0d015a0de9a49e985552c6424cc5c84e62ed5bd018cfbc0030c5dd2199164ebe1b3cd2a049bbb7a231899235400dd35e9331ec5b5e972142f7cfc99b991a68f6be36835be31df92c9081d81b9d26b6ac7e8f41c883d779fae271248742b119ef938fef1cf28f9a80667dc5b5c4a9e80fc1ffbed4811d4acd63b3e3955add23eb91ff3cbd9cb99737e7f5ed2e1de555b04226d0203010001
info|2024-02-02 16:19:57.226861|[DEFAULT][WS][CONNECTOR][connectToWsServer]ssl async_handshake success,host=212.64.16.142,port=20200
info|2024-02-02 16:19:57.243422|[DEFAULT][WS][CONNECTOR][connectToWsServer]ssl async_handshake success,host=212.64.16.142,port=20201
info|2024-02-02 16:19:57.243422|[DEFAULT][WS][CONNECTOR][connectToWsServer]websocket handshake successfully,host=212.64.16.142,port=20200
info|2024-02-02 16:19:57.243422|[SDK][WS][SESSION],[NEWOBJ][WSSESSION]=0000018F1F69E290
info|2024-02-02 16:19:57.243422|[SDK][WS][SERVICE][newSession]start the session,endPoint=212.64.16.142:20200
info|2024-02-02 16:19:57.243422|[SDK][WS][SERVICE][addSession]add session to mapping,connectedEndPoint=212.64.16.142:20200,endPoint=212.64.16.142:20200,result=true
info|2024-02-02 16:19:57.243422|[SDK][WS][SERVICE][onConnect],endpoint=212.64.16.142:20200,connectedEndPoint=212.64.16.142:20200,refCount=6
info|2024-02-02 16:19:57.243422|[RPCWS][SERVICE][startHandshake],endpoint=212.64.16.142:20200
info|2024-02-02 16:19:57.244235|[SDK][WS][SESSION][startAsClient]websocket handshake successfully,endPoint=212.64.16.142:20200,session=0000018F1F69E290
info|2024-02-02 16:19:57.276418|[DEFAULT][WS][CONNECTOR][connectToWsServer]websocket handshake successfully,host=212.64.16.142,port=20201
info|2024-02-02 16:19:57.276418|[SDK][WS][SESSION],[NEWOBJ][WSSESSION]=0000018F1F69E530
info|2024-02-02 16:19:57.276418|[SDK][WS][SERVICE][newSession]start the session,endPoint=212.64.16.142:20201
info|2024-02-02 16:19:57.276418|[SDK][WS][SERVICE][addSession]add session to mapping,connectedEndPoint=212.64.16.142:20201,endPoint=212.64.16.142:20201,result=true
info|2024-02-02 16:19:57.276418|[SDK][WS][SERVICE][onConnect],endpoint=212.64.16.142:20201,connectedEndPoint=212.64.16.142:20201,refCount=6
info|2024-02-02 16:19:57.276418|[RPCWS][SERVICE][startHandshake],endpoint=212.64.16.142:20201
info|2024-02-02 16:19:57.277425|[SDK][WS][SERVICE]connected nodes,count=2
info|2024-02-02 16:19:57.277425|[SDK][WS][SERVICE][start]start websocket service successfully,model=1,max msg size=33554432
info|2024-02-02 16:19:57.277425|[RPCWS][SERVICE][fromJson] new group info,groupInfo=,group=group0,chain=chain0,nodeSize=1
info|2024-02-02 16:19:57.277425|[RPCWS][SERVICE][fromJson]parser protocol version,protocolVersion=1,groupInfoList size=1,groupBlockNumber size=1
info|2024-02-02 16:19:57.277425|[RPCWS][SERVICE][updateGroupInfoByEp],endPoint=212.64.16.142:20200,group=group0,chainID=chain0,genesisConfig={"blockTxCountLimit":1000,"consensusLeaderPeriod":1,"consensusType":"pbft","sealerList":[{"nodeID":"2ef4e14124bf8d1aaeea7a7ff5c86afb3df8d78de1d50ffd0a0ac2bfc2ade745bdfeada7c1966da91f60aa2ddcd1e2f2bb2be2c9db906248631bf0aaa5acd20f","weight":1},{"nodeID":"7b5537bc68d67acbe37a10460a88a3b480a7b4b545355df12ea8748e07d16d4267f4a29960ab62c8adc38acc8526a8c2553073c85ef30ba534d48b66eaa7c704","weight":1},{"nodeID":"aa3876f42d91c2ee4c6d4ffb786c09a5f647a1f6cbadf45b6e6a3496a5794d67d6b0e5606e10b28eda14061c438b7b8af46ee93f093c082716f951b43a384744","weight":1},{"nodeID":"fbb889492fff55facd685abf2e616fc71685740a1d58aac8075943cf2c3f7f48c4bc4e87b7100671ab6611b81f42bf1597f7adff1c0791fb527b82fa08af2c08","weight":1}],"txGasLimit":3000000000}
,iniConfig=,nodesNum=1
info|2024-02-02 16:19:57.277425|[RPCWS][SERVICE][updateGroupInfo],endPoint=212.64.16.142:20200,group=group0,chainID=chain0,nodesNum=1
info|2024-02-02 16:19:57.277425|[RPCWS][SERVICE][clearGroupInfoByEp],endPoint=212.64.16.142:20200,group=group0
info|2024-02-02 16:19:57.277425|[RPCWS][SERVICE][printGroupInfo],total count=1
info|2024-02-02 16:19:57.277425|[RPCWS][SERVICE][printGroupInfo]group list,group=group0,count=1
info|2024-02-02 16:19:57.277425|[RPCWS][SERVICE][printGroupInfo]node list,group=group0,node=fbb889492fff55facd685abf2e616fc71685740a1d58aac8075943cf2c3f7f48c4bc4e87b7100671ab6611b81f42bf1597f7adff1c0791fb527b82fa08af2c08,count=1
info|2024-02-02 16:19:57.277425|[RPCWS][SERVICE][updateGroupBlockNumber],groupID=group0,_blockNumber=6
info|2024-02-02 16:19:57.277425|[AMOP][CLIENT][updateTopicsToRemote]send subscribe message to server,endpoint=212.64.16.142:20200,topics={"topics":[]}
info|2024-02-02 16:19:57.277425|[SDK][WS][SESSION][startAsClient]websocket handshake successfully,endPoint=212.64.16.142:20201,session=0000018F1F69E530
info|2024-02-02 16:19:57.277425|[RPCWS][SERVICE][startHandshake]handshake successfully,endPoint=212.64.16.142:20200,handshake version=1,groupInfoList size=1,groupBlockNumber size=1,handshake string={"groupBlockNumber":[{"group0":6}],"groupInfoList":[{"chainID":"chain0","genesisConfig":"{\"blockTxCountLimit\":1000,\"consensusLeaderPeriod\":1,\"consensusType\":\"pbft\",\"sealerList\":[{\"nodeID\":\"2ef4e14124bf8d1aaeea7a7ff5c86afb3df8d78de1d50ffd0a0ac2bfc2ade745bdfeada7c1966da91f60aa2ddcd1e2f2bb2be2c9db906248631bf0aaa5acd20f\",\"weight\":1},{\"nodeID\":\"7b5537bc68d67acbe37a10460a88a3b480a7b4b545355df12ea8748e07d16d4267f4a29960ab62c8adc38acc8526a8c2553073c85ef30ba534d48b66eaa7c704\",\"weight\":1},{\"nodeID\":\"aa3876f42d91c2ee4c6d4ffb786c09a5f647a1f6cbadf45b6e6a3496a5794d67d6b0e5606e10b28eda14061c438b7b8af46ee93f093c082716f951b43a384744\",\"weight\":1},{\"nodeID\":\"fbb889492fff55facd685abf2e616fc71685740a1d58aac8075943cf2c3f7f48c4bc4e87b7100671ab6611b81f42bf1597f7adff1c0791fb527b82fa08af2c08\",\"weight\":1}],\"txGasLimit\":3000000000}\n","groupID":"group0","iniConfig":"","nodeList":[{"iniConfig":"{\"binaryInfo\":{\"buildTime\":\"20231120 09:26:49\",\"gitCommitHash\":\"773c82d4289698e0adf0321dd5c8ba0f3d4e9aea\",\"platform\":\"Linux/g++\",\"version\":\"3.5.0\"},\"chainID\":\"chain0\",\"gatewayServiceName\":\"\",\"groupID\":\"group0\",\"isAuthCheck\":false,\"isSerialExecute\":true,\"isWasm\":false,\"nodeID\":\"fbb889492fff55facd685abf2e616fc71685740a1d58aac8075943cf2c3f7f48c4bc4e87b7100671ab6611b81f42bf1597f7adff1c0791fb527b82fa08af2c08\",\"nodeName\":\"fbb889492fff55facd685abf2e616fc71685740a1d58aac8075943cf2c3f7f48c4bc4e87b7100671ab6611b81f42bf1597f7adff1c0791fb527b82fa08af2c08\",\"rpcServiceName\":\"\",\"smCryptoType\":false}\n","microService":false,"name":"fbb889492fff55facd685abf2e616fc71685740a1d58aac8075943cf2c3f7f48c4bc4e87b7100671ab6611b81f42bf1597f7adff1c0791fb527b82fa08af2c08","nodeID":"fbb889492fff55facd685abf2e616fc71685740a1d58aac8075943cf2c3f7f48c4bc4e87b7100671ab6611b81f42bf1597f7adff1c0791fb527b82fa08af2c08","protocol":{"compatibilityVersion":50659328,"maxSupportedVersion":2,"minSupportedVersion":0},"serviceInfo":[{"serviceName":"LedgerServiceObj","type":2},{"serviceName":"SchedulerServiceObj","type":3},{"serviceName":"FrontServiceObj","type":4},{"serviceName":"","type":6},{"serviceName":"","type":7},{"serviceName":"TxPoolServiceObj","type":8}],"type":0}]}],"protocolVersion":1}
info|2024-02-02 16:19:57.295675|[RPCWS][SERVICE][fromJson] new group info,groupInfo=,group=group0,chain=chain0,nodeSize=1
info|2024-02-02 16:19:57.296724|[RPCWS][SERVICE][fromJson]parser protocol version,protocolVersion=1,groupInfoList size=1,groupBlockNumber size=1
info|2024-02-02 16:19:57.296724|[RPCWS][SERVICE][updateGroupInfoByEp],endPoint=212.64.16.142:20201,group=group0,chainID=chain0,genesisConfig={"blockTxCountLimit":1000,"consensusLeaderPeriod":1,"consensusType":"pbft","sealerList":[{"nodeID":"2ef4e14124bf8d1aaeea7a7ff5c86afb3df8d78de1d50ffd0a0ac2bfc2ade745bdfeada7c1966da91f60aa2ddcd1e2f2bb2be2c9db906248631bf0aaa5acd20f","weight":1},{"nodeID":"7b5537bc68d67acbe37a10460a88a3b480a7b4b545355df12ea8748e07d16d4267f4a29960ab62c8adc38acc8526a8c2553073c85ef30ba534d48b66eaa7c704","weight":1},{"nodeID":"aa3876f42d91c2ee4c6d4ffb786c09a5f647a1f6cbadf45b6e6a3496a5794d67d6b0e5606e10b28eda14061c438b7b8af46ee93f093c082716f951b43a384744","weight":1},{"nodeID":"fbb889492fff55facd685abf2e616fc71685740a1d58aac8075943cf2c3f7f48c4bc4e87b7100671ab6611b81f42bf1597f7adff1c0791fb527b82fa08af2c08","weight":1}],"txGasLimit":3000000000}
,iniConfig=,nodesNum=1
info|2024-02-02 16:19:57.296724|[RPCWS][SERVICE][updateGroupInfo],endPoint=212.64.16.142:20201,group=group0,chainID=chain0,nodesNum=1
info|2024-02-02 16:19:57.296724|[RPCWS][SERVICE][clearGroupInfoByEp],endPoint=212.64.16.142:20201,group=group0
info|2024-02-02 16:19:57.296724|[RPCWS][SERVICE][printGroupInfo],total count=1
info|2024-02-02 16:19:57.296724|[RPCWS][SERVICE][printGroupInfo]group list,group=group0,count=2
info|2024-02-02 16:19:57.296724|[RPCWS][SERVICE][printGroupInfo]node list,group=group0,node=fbb889492fff55facd685abf2e616fc71685740a1d58aac8075943cf2c3f7f48c4bc4e87b7100671ab6611b81f42bf1597f7adff1c0791fb527b82fa08af2c08,count=1
info|2024-02-02 16:19:57.296724|[RPCWS][SERVICE][printGroupInfo]node list,group=group0,node=7b5537bc68d67acbe37a10460a88a3b480a7b4b545355df12ea8748e07d16d4267f4a29960ab62c8adc38acc8526a8c2553073c85ef30ba534d48b66eaa7c704,count=1
info|2024-02-02 16:19:57.296724|[AMOP][CLIENT][updateTopicsToRemote]send subscribe message to server,endpoint=212.64.16.142:20201,topics={"topics":[]}
info|2024-02-02 16:19:57.296724|[RPCWS][SERVICE][startHandshake]handshake successfully,endPoint=212.64.16.142:20201,handshake version=1,groupInfoList size=1,groupBlockNumber size=1,handshake string={"groupBlockNumber":[{"group0":6}],"groupInfoList":[{"chainID":"chain0","genesisConfig":"{\"blockTxCountLimit\":1000,\"consensusLeaderPeriod\":1,\"consensusType\":\"pbft\",\"sealerList\":[{\"nodeID\":\"2ef4e14124bf8d1aaeea7a7ff5c86afb3df8d78de1d50ffd0a0ac2bfc2ade745bdfeada7c1966da91f60aa2ddcd1e2f2bb2be2c9db906248631bf0aaa5acd20f\",\"weight\":1},{\"nodeID\":\"7b5537bc68d67acbe37a10460a88a3b480a7b4b545355df12ea8748e07d16d4267f4a29960ab62c8adc38acc8526a8c2553073c85ef30ba534d48b66eaa7c704\",\"weight\":1},{\"nodeID\":\"aa3876f42d91c2ee4c6d4ffb786c09a5f647a1f6cbadf45b6e6a3496a5794d67d6b0e5606e10b28eda14061c438b7b8af46ee93f093c082716f951b43a384744\",\"weight\":1},{\"nodeID\":\"fbb889492fff55facd685abf2e616fc71685740a1d58aac8075943cf2c3f7f48c4bc4e87b7100671ab6611b81f42bf1597f7adff1c0791fb527b82fa08af2c08\",\"weight\":1}],\"txGasLimit\":3000000000}\n","groupID":"group0","iniConfig":"","nodeList":[{"iniConfig":"{\"binaryInfo\":{\"buildTime\":\"20231120 09:26:49\",\"gitCommitHash\":\"773c82d4289698e0adf0321dd5c8ba0f3d4e9aea\",\"platform\":\"Linux/g++\",\"version\":\"3.5.0\"},\"chainID\":\"chain0\",\"gatewayServiceName\":\"\",\"groupID\":\"group0\",\"isAuthCheck\":false,\"isSerialExecute\":true,\"isWasm\":false,\"nodeID\":\"7b5537bc68d67acbe37a10460a88a3b480a7b4b545355df12ea8748e07d16d4267f4a29960ab62c8adc38acc8526a8c2553073c85ef30ba534d48b66eaa7c704\",\"nodeName\":\"7b5537bc68d67acbe37a10460a88a3b480a7b4b545355df12ea8748e07d16d4267f4a29960ab62c8adc38acc8526a8c2553073c85ef30ba534d48b66eaa7c704\",\"rpcServiceName\":\"\",\"smCryptoType\":false}\n","microService":false,"name":"7b5537bc68d67acbe37a10460a88a3b480a7b4b545355df12ea8748e07d16d4267f4a29960ab62c8adc38acc8526a8c2553073c85ef30ba534d48b66eaa7c704","nodeID":"7b5537bc68d67acbe37a10460a88a3b480a7b4b545355df12ea8748e07d16d4267f4a29960ab62c8adc38acc8526a8c2553073c85ef30ba534d48b66eaa7c704","protocol":{"compatibilityVersion":50659328,"maxSupportedVersion":2,"minSupportedVersion":0},"serviceInfo":[{"serviceName":"LedgerServiceObj","type":2},{"serviceName":"SchedulerServiceObj","type":3},{"serviceName":"FrontServiceObj","type":4},{"serviceName":"","type":6},{"serviceName":"","type":7},{"serviceName":"TxPoolServiceObj","type":8}],"type":0}]}],"protocolVersion":1}
info|2024-02-02 16:19:57.380444|[RPCWS][SERVICE][waitForConnectionEstablish]wait for websocket connection handshake success,suc count=2
info|2024-02-02 16:19:57.380444|[RPC][IMPL][start]start rpc
info|2024-02-02 16:19:57.380444|[SDK][WS][SERVICE][start]websocket service is running
info|2024-02-02 16:19:57.489400|[RPCWS][SERVICE][waitForConnectionEstablish]wait for websocket connection handshake success,suc count=2
info|2024-02-02 16:19:57.489400|[AMOP][CLIENT][start]start amop
info|2024-02-02 16:19:57.489400|[SDK][WS][SERVICE][start]websocket service is running
info|2024-02-02 16:19:57.599371|[RPCWS][SERVICE][waitForConnectionEstablish]wait for websocket connection handshake success,suc count=2
info|2024-02-02 16:19:57.600064|[EVENT][SUB][start]start event sub successfully,sendMsgTimeout=-1,reconnectPeriod=20000
info|2024-02-02 16:19:57.600064|[SDK][WS][SERVICE][start]websocket service is running
info|2024-02-02 16:19:57.707655|[RPCWS][SERVICE][waitForConnectionEstablish]wait for websocket connection handshake success,suc count=2
info|2024-02-02 16:19:57.707655|[bcos_sdk_start],sdk=0000018F1F597DC0
info|2024-02-02 16:19:57.709670|[findClass]add class to cache,fullClassName=org/fisco/bcos/sdk/jni/common/Response
info|2024-02-02 16:19:57.709670|[RPCWS][SERVICE][getGroupInfo],count=2
info|2024-02-02 16:19:57.711670|[RPC][IMPL][getGroupInfo][get group info from cache],hitCache=true,response={"id":1,"jsonrpc":"2.0","result":{"chainID":"chain0","genesisConfig":"{\"blockTxCountLimit\":1000,\"consensusLeaderPeriod\":1,\"consensusType\":\"pbft\",\"sealerList\":[{\"nodeID\":\"2ef4e14124bf8d1aaeea7a7ff5c86afb3df8d78de1d50ffd0a0ac2bfc2ade745bdfeada7c1966da91f60aa2ddcd1e2f2bb2be2c9db906248631bf0aaa5acd20f\",\"weight\":1},{\"nodeID\":\"7b5537bc68d67acbe37a10460a88a3b480a7b4b545355df12ea8748e07d16d4267f4a29960ab62c8adc38acc8526a8c2553073c85ef30ba534d48b66eaa7c704\",\"weight\":1},{\"nodeID\":\"aa3876f42d91c2ee4c6d4ffb786c09a5f647a1f6cbadf45b6e6a3496a5794d67d6b0e5606e10b28eda14061c438b7b8af46ee93f093c082716f951b43a384744\",\"weight\":1},{\"nodeID\":\"fbb889492fff55facd685abf2e616fc71685740a1d58aac8075943cf2c3f7f48c4bc4e87b7100671ab6611b81f42bf1597f7adff1c0791fb527b82fa08af2c08\",\"weight\":1}],\"txGasLimit\":3000000000}\n","groupID":"group0","iniConfig":"","nodeList":[{"iniConfig":"{\"binaryInfo\":{\"buildTime\":\"20231120 09:26:49\",\"gitCommitHash\":\"773c82d4289698e0adf0321dd5c8ba0f3d4e9aea\",\"platform\":\"Linux/g++\",\"version\":\"3.5.0\"},\"chainID\":\"chain0\",\"gatewayServiceName\":\"\",\"groupID\":\"group0\",\"isAuthCheck\":false,\"isSerialExecute\":true,\"isWasm\":false,\"nodeID\":\"7b5537bc68d67acbe37a10460a88a3b480a7b4b545355df12ea8748e07d16d4267f4a29960ab62c8adc38acc8526a8c2553073c85ef30ba534d48b66eaa7c704\",\"nodeName\":\"7b5537bc68d67acbe37a10460a88a3b480a7b4b545355df12ea8748e07d16d4267f4a29960ab62c8adc38acc8526a8c2553073c85ef30ba534d48b66eaa7c704\",\"rpcServiceName\":\"\",\"smCryptoType\":false}\n","name":"7b5537bc68d67acbe37a10460a88a3b480a7b4b545355df12ea8748e07d16d4267f4a29960ab62c8adc38acc8526a8c2553073c85ef30ba534d48b66eaa7c704","protocol":{"compatibilityVersion":50659328,"maxSupportedVersion":2,"minSupportedVersion":0},"serviceInfo":[{"serviceName":"LedgerServiceObj","type":2},{"serviceName":"SchedulerServiceObj","type":3},{"serviceName":"FrontServiceObj","type":4},{"serviceName":"","type":6},{"serviceName":"","type":7},{"serviceName":"TxPoolServiceObj","type":8}],"type":0},{"iniConfig":"{\"binaryInfo\":{\"buildTime\":\"20231120 09:26:49\",\"gitCommitHash\":\"773c82d4289698e0adf0321dd5c8ba0f3d4e9aea\",\"platform\":\"Linux/g++\",\"version\":\"3.5.0\"},\"chainID\":\"chain0\",\"gatewayServiceName\":\"\",\"groupID\":\"group0\",\"isAuthCheck\":false,\"isSerialExecute\":true,\"isWasm\":false,\"nodeID\":\"fbb889492fff55facd685abf2e616fc71685740a1d58aac8075943cf2c3f7f48c4bc4e87b7100671ab6611b81f42bf1597f7adff1c0791fb527b82fa08af2c08\",\"nodeName\":\"fbb889492fff55facd685abf2e616fc71685740a1d58aac8075943cf2c3f7f48c4bc4e87b7100671ab6611b81f42bf1597f7adff1c0791fb527b82fa08af2c08\",\"rpcServiceName\":\"\",\"smCryptoType\":false}\n","name":"fbb889492fff55facd685abf2e616fc71685740a1d58aac8075943cf2c3f7f48c4bc4e87b7100671ab6611b81f42bf1597f7adff1c0791fb527b82fa08af2c08","protocol":{"compatibilityVersion":50659328,"maxSupportedVersion":2,"minSupportedVersion":0},"serviceInfo":[{"serviceName":"LedgerServiceObj","type":2},{"serviceName":"SchedulerServiceObj","type":3},{"serviceName":"FrontServiceObj","type":4},{"serviceName":"","type":6},{"serviceName":"","type":7},{"serviceName":"TxPoolServiceObj","type":8}],"type":0}],"smCryptoType":false,"wasm":false}}
info|2024-02-02 16:19:59.040804|[RPC][BLOCK][NUMBER][fromJson],group=group0,node=7b5537bc68d67acbe37a10460a88a3b480a7b4b545355df12ea8748e07d16d4267f4a29960ab62c8adc38acc8526a8c2553073c85ef30ba534d48b66eaa7c704,blockNumber=7
info|2024-02-02 16:19:59.040804|[RPCWS][SERVICE][onRecvBlockNotifier]receive block number notifier,group=group0,node=7b5537bc68d67acbe37a10460a88a3b480a7b4b545355df12ea8748e07d16d4267f4a29960ab62c8adc38acc8526a8c2553073c85ef30ba534d48b66eaa7c704,blockNumber=7
info|2024-02-02 16:19:59.040804|[RPCWS][SERVICE][updateGroupBlockNumber],groupID=group0,_blockNumber=7
info|2024-02-02 16:19:59.040804|[RPCWS][SERVICE][onRecvBlockNotifier]block notifier callback,group=group0,node=7b5537bc68d67acbe37a10460a88a3b480a7b4b545355df12ea8748e07d16d4267f4a29960ab62c8adc38acc8526a8c2553073c85ef30ba534d48b66eaa7c704,blockNumber=7
info|2024-02-02 16:19:59.040804|[WS]receive block notify,endpoint=212.64.16.142:20201,blk={
	"blockNumber" : 7,
	"group" : "group0",
	"nodeName" : "7b5537bc68d67acbe37a10460a88a3b480a7b4b545355df12ea8748e07d16d4267f4a29960ab62c8adc38acc8526a8c2553073c85ef30ba534d48b66eaa7c704"
}
info|2024-02-02 16:19:59.043695|[RPC][BLOCK][NUMBER][fromJson],group=group0,node=fbb889492fff55facd685abf2e616fc71685740a1d58aac8075943cf2c3f7f48c4bc4e87b7100671ab6611b81f42bf1597f7adff1c0791fb527b82fa08af2c08,blockNumber=7
info|2024-02-02 16:19:59.043695|[RPCWS][SERVICE][onRecvBlockNotifier]receive block number notifier,group=group0,node=fbb889492fff55facd685abf2e616fc71685740a1d58aac8075943cf2c3f7f48c4bc4e87b7100671ab6611b81f42bf1597f7adff1c0791fb527b82fa08af2c08,blockNumber=7
info|2024-02-02 16:19:59.043695|[WS]receive block notify,endpoint=212.64.16.142:20200,blk={
	"blockNumber" : 7,
	"group" : "group0",
	"nodeName" : "fbb889492fff55facd685abf2e616fc71685740a1d58aac8075943cf2c3f7f48c4bc4e87b7100671ab6611b81f42bf1597f7adff1c0791fb527b82fa08af2c08"
}
info|2024-02-02 16:20:02.557449|[SDK][WS][SERVICE][start]websocket service is running
info|2024-02-02 16:20:02.660426|[RPCWS][SERVICE][waitForConnectionEstablish]wait for websocket connection handshake success,suc count=2
info|2024-02-02 16:20:02.660426|[RPC][IMPL][start]start rpc
info|2024-02-02 16:20:02.660426|[SDK][WS][SERVICE][start]websocket service is running
info|2024-02-02 16:20:02.768858|[RPCWS][SERVICE][waitForConnectionEstablish]wait for websocket connection handshake success,suc count=2
info|2024-02-02 16:20:02.768858|[AMOP][CLIENT][start]start amop
info|2024-02-02 16:20:02.768858|[EVENT][SUB][start]event sub is running
info|2024-02-02 16:20:02.768858|[SDK][WS][SERVICE][start]websocket service is running
info|2024-02-02 16:20:02.877126|[RPCWS][SERVICE][waitForConnectionEstablish]wait for websocket connection handshake success,suc count=2
info|2024-02-02 16:20:02.877126|[bcos_sdk_start],sdk=0000018F1F597DC0
info|2024-02-02 16:20:02.877126|[RPCWS][SERVICE][getGroupInfo],count=2
info|2024-02-02 16:20:02.877126|[RPC][IMPL][getGroupInfo][get group info from cache],hitCache=true,response={"id":2,"jsonrpc":"2.0","result":{"chainID":"chain0","genesisConfig":"{\"blockTxCountLimit\":1000,\"consensusLeaderPeriod\":1,\"consensusType\":\"pbft\",\"sealerList\":[{\"nodeID\":\"2ef4e14124bf8d1aaeea7a7ff5c86afb3df8d78de1d50ffd0a0ac2bfc2ade745bdfeada7c1966da91f60aa2ddcd1e2f2bb2be2c9db906248631bf0aaa5acd20f\",\"weight\":1},{\"nodeID\":\"7b5537bc68d67acbe37a10460a88a3b480a7b4b545355df12ea8748e07d16d4267f4a29960ab62c8adc38acc8526a8c2553073c85ef30ba534d48b66eaa7c704\",\"weight\":1},{\"nodeID\":\"aa3876f42d91c2ee4c6d4ffb786c09a5f647a1f6cbadf45b6e6a3496a5794d67d6b0e5606e10b28eda14061c438b7b8af46ee93f093c082716f951b43a384744\",\"weight\":1},{\"nodeID\":\"fbb889492fff55facd685abf2e616fc71685740a1d58aac8075943cf2c3f7f48c4bc4e87b7100671ab6611b81f42bf1597f7adff1c0791fb527b82fa08af2c08\",\"weight\":1}],\"txGasLimit\":3000000000}\n","groupID":"group0","iniConfig":"","nodeList":[{"iniConfig":"{\"binaryInfo\":{\"buildTime\":\"20231120 09:26:49\",\"gitCommitHash\":\"773c82d4289698e0adf0321dd5c8ba0f3d4e9aea\",\"platform\":\"Linux/g++\",\"version\":\"3.5.0\"},\"chainID\":\"chain0\",\"gatewayServiceName\":\"\",\"groupID\":\"group0\",\"isAuthCheck\":false,\"isSerialExecute\":true,\"isWasm\":false,\"nodeID\":\"7b5537bc68d67acbe37a10460a88a3b480a7b4b545355df12ea8748e07d16d4267f4a29960ab62c8adc38acc8526a8c2553073c85ef30ba534d48b66eaa7c704\",\"nodeName\":\"7b5537bc68d67acbe37a10460a88a3b480a7b4b545355df12ea8748e07d16d4267f4a29960ab62c8adc38acc8526a8c2553073c85ef30ba534d48b66eaa7c704\",\"rpcServiceName\":\"\",\"smCryptoType\":false}\n","name":"7b5537bc68d67acbe37a10460a88a3b480a7b4b545355df12ea8748e07d16d4267f4a29960ab62c8adc38acc8526a8c2553073c85ef30ba534d48b66eaa7c704","protocol":{"compatibilityVersion":50659328,"maxSupportedVersion":2,"minSupportedVersion":0},"serviceInfo":[{"serviceName":"LedgerServiceObj","type":2},{"serviceName":"SchedulerServiceObj","type":3},{"serviceName":"FrontServiceObj","type":4},{"serviceName":"","type":6},{"serviceName":"","type":7},{"serviceName":"TxPoolServiceObj","type":8}],"type":0},{"iniConfig":"{\"binaryInfo\":{\"buildTime\":\"20231120 09:26:49\",\"gitCommitHash\":\"773c82d4289698e0adf0321dd5c8ba0f3d4e9aea\",\"platform\":\"Linux/g++\",\"version\":\"3.5.0\"},\"chainID\":\"chain0\",\"gatewayServiceName\":\"\",\"groupID\":\"group0\",\"isAuthCheck\":false,\"isSerialExecute\":true,\"isWasm\":false,\"nodeID\":\"fbb889492fff55facd685abf2e616fc71685740a1d58aac8075943cf2c3f7f48c4bc4e87b7100671ab6611b81f42bf1597f7adff1c0791fb527b82fa08af2c08\",\"nodeName\":\"fbb889492fff55facd685abf2e616fc71685740a1d58aac8075943cf2c3f7f48c4bc4e87b7100671ab6611b81f42bf1597f7adff1c0791fb527b82fa08af2c08\",\"rpcServiceName\":\"\",\"smCryptoType\":false}\n","name":"fbb889492fff55facd685abf2e616fc71685740a1d58aac8075943cf2c3f7f48c4bc4e87b7100671ab6611b81f42bf1597f7adff1c0791fb527b82fa08af2c08","protocol":{"compatibilityVersion":50659328,"maxSupportedVersion":2,"minSupportedVersion":0},"serviceInfo":[{"serviceName":"LedgerServiceObj","type":2},{"serviceName":"SchedulerServiceObj","type":3},{"serviceName":"FrontServiceObj","type":4},{"serviceName":"","type":6},{"serviceName":"","type":7},{"serviceName":"TxPoolServiceObj","type":8}],"type":0}],"smCryptoType":false,"wasm":false}}
info|2024-02-02 16:20:03.006696|[RPC][BLOCK][NUMBER][fromJson],group=group0,node=fbb889492fff55facd685abf2e616fc71685740a1d58aac8075943cf2c3f7f48c4bc4e87b7100671ab6611b81f42bf1597f7adff1c0791fb527b82fa08af2c08,blockNumber=8
info|2024-02-02 16:20:03.006696|[RPC][BLOCK][NUMBER][fromJson],group=group0,node=7b5537bc68d67acbe37a10460a88a3b480a7b4b545355df12ea8748e07d16d4267f4a29960ab62c8adc38acc8526a8c2553073c85ef30ba534d48b66eaa7c704,blockNumber=8
info|2024-02-02 16:20:03.006696|[RPCWS][SERVICE][onRecvBlockNotifier]receive block number notifier,group=group0,node=fbb889492fff55facd685abf2e616fc71685740a1d58aac8075943cf2c3f7f48c4bc4e87b7100671ab6611b81f42bf1597f7adff1c0791fb527b82fa08af2c08,blockNumber=8
info|2024-02-02 16:20:03.006696|[RPCWS][SERVICE][onRecvBlockNotifier]receive block number notifier,group=group0,node=7b5537bc68d67acbe37a10460a88a3b480a7b4b545355df12ea8748e07d16d4267f4a29960ab62c8adc38acc8526a8c2553073c85ef30ba534d48b66eaa7c704,blockNumber=8
info|2024-02-02 16:20:03.006696|[RPCWS][SERVICE][updateGroupBlockNumber],groupID=group0,_blockNumber=8
info|2024-02-02 16:20:03.006696|[WS]receive block notify,endpoint=212.64.16.142:20201,blk={
	"blockNumber" : 8,
	"group" : "group0",
	"nodeName" : "7b5537bc68d67acbe37a10460a88a3b480a7b4b545355df12ea8748e07d16d4267f4a29960ab62c8adc38acc8526a8c2553073c85ef30ba534d48b66eaa7c704"
}
info|2024-02-02 16:20:03.006696|[RPCWS][SERVICE][onRecvBlockNotifier]block notifier callback,group=group0,node=fbb889492fff55facd685abf2e616fc71685740a1d58aac8075943cf2c3f7f48c4bc4e87b7100671ab6611b81f42bf1597f7adff1c0791fb527b82fa08af2c08,blockNumber=8
info|2024-02-02 16:20:03.006696|[WS]receive block notify,endpoint=212.64.16.142:20200,blk={
	"blockNumber" : 8,
	"group" : "group0",
	"nodeName" : "fbb889492fff55facd685abf2e616fc71685740a1d58aac8075943cf2c3f7f48c4bc4e87b7100671ab6611b81f42bf1597f7adff1c0791fb527b82fa08af2c08"
}
info|2024-02-02 16:20:06.006033|[SDK][WS][SERVICE][start]websocket service is running
info|2024-02-02 16:20:06.110070|[RPCWS][SERVICE][waitForConnectionEstablish]wait for websocket connection handshake success,suc count=2
info|2024-02-02 16:20:06.110070|[RPC][IMPL][start]start rpc
info|2024-02-02 16:20:06.110070|[SDK][WS][SERVICE][start]websocket service is running
info|2024-02-02 16:20:06.219083|[RPCWS][SERVICE][waitForConnectionEstablish]wait for websocket connection handshake success,suc count=2
info|2024-02-02 16:20:06.219083|[AMOP][CLIENT][start]start amop
info|2024-02-02 16:20:06.219083|[EVENT][SUB][start]event sub is running
info|2024-02-02 16:20:06.219083|[SDK][WS][SERVICE][start]websocket service is running
info|2024-02-02 16:20:06.327838|[RPCWS][SERVICE][waitForConnectionEstablish]wait for websocket connection handshake success,suc count=2
info|2024-02-02 16:20:06.327838|[bcos_sdk_start],sdk=0000018F1F597DC0
info|2024-02-02 16:20:06.327838|[RPCWS][SERVICE][getGroupInfo],count=2
info|2024-02-02 16:20:06.327838|[RPC][IMPL][getGroupInfo][get group info from cache],hitCache=true,response={"id":3,"jsonrpc":"2.0","result":{"chainID":"chain0","genesisConfig":"{\"blockTxCountLimit\":1000,\"consensusLeaderPeriod\":1,\"consensusType\":\"pbft\",\"sealerList\":[{\"nodeID\":\"2ef4e14124bf8d1aaeea7a7ff5c86afb3df8d78de1d50ffd0a0ac2bfc2ade745bdfeada7c1966da91f60aa2ddcd1e2f2bb2be2c9db906248631bf0aaa5acd20f\",\"weight\":1},{\"nodeID\":\"7b5537bc68d67acbe37a10460a88a3b480a7b4b545355df12ea8748e07d16d4267f4a29960ab62c8adc38acc8526a8c2553073c85ef30ba534d48b66eaa7c704\",\"weight\":1},{\"nodeID\":\"aa3876f42d91c2ee4c6d4ffb786c09a5f647a1f6cbadf45b6e6a3496a5794d67d6b0e5606e10b28eda14061c438b7b8af46ee93f093c082716f951b43a384744\",\"weight\":1},{\"nodeID\":\"fbb889492fff55facd685abf2e616fc71685740a1d58aac8075943cf2c3f7f48c4bc4e87b7100671ab6611b81f42bf1597f7adff1c0791fb527b82fa08af2c08\",\"weight\":1}],\"txGasLimit\":3000000000}\n","groupID":"group0","iniConfig":"","nodeList":[{"iniConfig":"{\"binaryInfo\":{\"buildTime\":\"20231120 09:26:49\",\"gitCommitHash\":\"773c82d4289698e0adf0321dd5c8ba0f3d4e9aea\",\"platform\":\"Linux/g++\",\"version\":\"3.5.0\"},\"chainID\":\"chain0\",\"gatewayServiceName\":\"\",\"groupID\":\"group0\",\"isAuthCheck\":false,\"isSerialExecute\":true,\"isWasm\":false,\"nodeID\":\"7b5537bc68d67acbe37a10460a88a3b480a7b4b545355df12ea8748e07d16d4267f4a29960ab62c8adc38acc8526a8c2553073c85ef30ba534d48b66eaa7c704\",\"nodeName\":\"7b5537bc68d67acbe37a10460a88a3b480a7b4b545355df12ea8748e07d16d4267f4a29960ab62c8adc38acc8526a8c2553073c85ef30ba534d48b66eaa7c704\",\"rpcServiceName\":\"\",\"smCryptoType\":false}\n","name":"7b5537bc68d67acbe37a10460a88a3b480a7b4b545355df12ea8748e07d16d4267f4a29960ab62c8adc38acc8526a8c2553073c85ef30ba534d48b66eaa7c704","protocol":{"compatibilityVersion":50659328,"maxSupportedVersion":2,"minSupportedVersion":0},"serviceInfo":[{"serviceName":"LedgerServiceObj","type":2},{"serviceName":"SchedulerServiceObj","type":3},{"serviceName":"FrontServiceObj","type":4},{"serviceName":"","type":6},{"serviceName":"","type":7},{"serviceName":"TxPoolServiceObj","type":8}],"type":0},{"iniConfig":"{\"binaryInfo\":{\"buildTime\":\"20231120 09:26:49\",\"gitCommitHash\":\"773c82d4289698e0adf0321dd5c8ba0f3d4e9aea\",\"platform\":\"Linux/g++\",\"version\":\"3.5.0\"},\"chainID\":\"chain0\",\"gatewayServiceName\":\"\",\"groupID\":\"group0\",\"isAuthCheck\":false,\"isSerialExecute\":true,\"isWasm\":false,\"nodeID\":\"fbb889492fff55facd685abf2e616fc71685740a1d58aac8075943cf2c3f7f48c4bc4e87b7100671ab6611b81f42bf1597f7adff1c0791fb527b82fa08af2c08\",\"nodeName\":\"fbb889492fff55facd685abf2e616fc71685740a1d58aac8075943cf2c3f7f48c4bc4e87b7100671ab6611b81f42bf1597f7adff1c0791fb527b82fa08af2c08\",\"rpcServiceName\":\"\",\"smCryptoType\":false}\n","name":"fbb889492fff55facd685abf2e616fc71685740a1d58aac8075943cf2c3f7f48c4bc4e87b7100671ab6611b81f42bf1597f7adff1c0791fb527b82fa08af2c08","protocol":{"compatibilityVersion":50659328,"maxSupportedVersion":2,"minSupportedVersion":0},"serviceInfo":[{"serviceName":"LedgerServiceObj","type":2},{"serviceName":"SchedulerServiceObj","type":3},{"serviceName":"FrontServiceObj","type":4},{"serviceName":"","type":6},{"serviceName":"","type":7},{"serviceName":"TxPoolServiceObj","type":8}],"type":0}],"smCryptoType":false,"wasm":false}}
info|2024-02-02 16:20:06.460376|[RPC][BLOCK][NUMBER][fromJson],group=group0,node=fbb889492fff55facd685abf2e616fc71685740a1d58aac8075943cf2c3f7f48c4bc4e87b7100671ab6611b81f42bf1597f7adff1c0791fb527b82fa08af2c08,blockNumber=9
info|2024-02-02 16:20:06.460376|[RPCWS][SERVICE][onRecvBlockNotifier]receive block number notifier,group=group0,node=fbb889492fff55facd685abf2e616fc71685740a1d58aac8075943cf2c3f7f48c4bc4e87b7100671ab6611b81f42bf1597f7adff1c0791fb527b82fa08af2c08,blockNumber=9
info|2024-02-02 16:20:06.460376|[RPCWS][SERVICE][updateGroupBlockNumber],groupID=group0,_blockNumber=9
info|2024-02-02 16:20:06.460376|[RPC][BLOCK][NUMBER][fromJson],group=group0,node=7b5537bc68d67acbe37a10460a88a3b480a7b4b545355df12ea8748e07d16d4267f4a29960ab62c8adc38acc8526a8c2553073c85ef30ba534d48b66eaa7c704,blockNumber=9
info|2024-02-02 16:20:06.460376|[RPCWS][SERVICE][onRecvBlockNotifier]block notifier callback,group=group0,node=fbb889492fff55facd685abf2e616fc71685740a1d58aac8075943cf2c3f7f48c4bc4e87b7100671ab6611b81f42bf1597f7adff1c0791fb527b82fa08af2c08,blockNumber=9
info|2024-02-02 16:20:06.460376|[RPCWS][SERVICE][onRecvBlockNotifier]receive block number notifier,group=group0,node=7b5537bc68d67acbe37a10460a88a3b480a7b4b545355df12ea8748e07d16d4267f4a29960ab62c8adc38acc8526a8c2553073c85ef30ba534d48b66eaa7c704,blockNumber=9
info|2024-02-02 16:20:06.460376|[WS]receive block notify,endpoint=212.64.16.142:20200,blk={
	"blockNumber" : 9,
	"group" : "group0",
	"nodeName" : "fbb889492fff55facd685abf2e616fc71685740a1d58aac8075943cf2c3f7f48c4bc4e87b7100671ab6611b81f42bf1597f7adff1c0791fb527b82fa08af2c08"
}
info|2024-02-02 16:20:06.460376|[WS]receive block notify,endpoint=212.64.16.142:20201,blk={
	"blockNumber" : 9,
	"group" : "group0",
	"nodeName" : "7b5537bc68d67acbe37a10460a88a3b480a7b4b545355df12ea8748e07d16d4267f4a29960ab62c8adc38acc8526a8c2553073c85ef30ba534d48b66eaa7c704"
}
info|2024-02-02 16:20:17.282884|[SDK][WS][SERVICE]connected nodes,count=2
info|2024-02-02 16:20:17.620770|[EVENT][SUB][doLoop]event sub tasks report,working event sub count=0,suspend event sub count=0
info|2024-02-02 16:20:37.291312|[SDK][WS][SERVICE]connected nodes,count=2
info|2024-02-02 16:20:37.630988|[EVENT][SUB][doLoop]event sub tasks report,working event sub count=0,suspend event sub count=0
info|2024-02-02 16:20:57.306146|[SDK][WS][SERVICE]connected nodes,count=2
info|2024-02-02 16:20:57.634158|[EVENT][SUB][doLoop]event sub tasks report,working event sub count=0,suspend event sub count=0
info|2024-02-02 16:21:17.315349|[SDK][WS][SERVICE]connected nodes,count=2
info|2024-02-02 16:21:17.642442|[EVENT][SUB][doLoop]event sub tasks report,working event sub count=0,suspend event sub count=0
info|2024-02-02 16:21:37.322532|[SDK][WS][SERVICE]connected nodes,count=2
info|2024-02-02 16:21:37.649922|[EVENT][SUB][doLoop]event sub tasks report,working event sub count=0,suspend event sub count=0
info|2024-02-02 16:21:57.332660|[SDK][WS][SERVICE]connected nodes,count=2
info|2024-02-02 16:21:57.658404|[EVENT][SUB][doLoop]event sub tasks report,working event sub count=0,suspend event sub count=0
info|2024-02-02 16:22:17.340501|[SDK][WS][SERVICE]connected nodes,count=2
info|2024-02-02 16:22:17.666821|[EVENT][SUB][doLoop]event sub tasks report,working event sub count=0,suspend event sub count=0
info|2024-02-02 16:22:37.347540|[SDK][WS][SERVICE]connected nodes,count=2
info|2024-02-02 16:22:37.673339|[EVENT][SUB][doLoop]event sub tasks report,working event sub count=0,suspend event sub count=0
info|2024-02-02 16:22:57.348244|[SDK][WS][SERVICE]connected nodes,count=2
info|2024-02-02 16:22:57.688857|[EVENT][SUB][doLoop]event sub tasks report,working event sub count=0,suspend event sub count=0
info|2024-02-02 16:23:17.363142|[SDK][WS][SERVICE]connected nodes,count=2
info|2024-02-02 16:23:17.689936|[EVENT][SUB][doLoop]event sub tasks report,working event sub count=0,suspend event sub count=0
info|2024-02-02 16:23:37.370354|[SDK][WS][SERVICE]connected nodes,count=2
info|2024-02-02 16:23:37.697880|[EVENT][SUB][doLoop]event sub tasks report,working event sub count=0,suspend event sub count=0
info|2024-02-02 16:23:57.373636|[SDK][WS][SERVICE]connected nodes,count=2
info|2024-02-02 16:23:57.701517|[EVENT][SUB][doLoop]event sub tasks report,working event sub count=0,suspend event sub count=0
info|2024-02-02 16:24:17.377065|[SDK][WS][SERVICE]connected nodes,count=2
info|2024-02-02 16:24:17.705989|[EVENT][SUB][doLoop]event sub tasks report,working event sub count=0,suspend event sub count=0
info|2024-02-02 16:24:37.383672|[SDK][WS][SERVICE]connected nodes,count=2
info|2024-02-02 16:24:37.710071|[EVENT][SUB][doLoop]event sub tasks report,working event sub count=0,suspend event sub count=0
info|2024-02-02 16:24:57.384746|[SDK][WS][SERVICE]connected nodes,count=2
info|2024-02-02 16:24:57.710783|[EVENT][SUB][doLoop]event sub tasks report,working event sub count=0,suspend event sub count=0
info|2024-02-02 16:25:17.392672|[SDK][WS][SERVICE]connected nodes,count=2
info|2024-02-02 16:25:17.718675|[EVENT][SUB][doLoop]event sub tasks report,working event sub count=0,suspend event sub count=0
info|2024-02-02 16:25:37.408206|[SDK][WS][SERVICE]connected nodes,count=2
info|2024-02-02 16:25:37.732565|[EVENT][SUB][doLoop]event sub tasks report,working event sub count=0,suspend event sub count=0
info|2024-02-02 16:25:57.410055|[SDK][WS][SERVICE]connected nodes,count=2
info|2024-02-02 16:25:57.735564|[EVENT][SUB][doLoop]event sub tasks report,working event sub count=0,suspend event sub count=0
info|2024-02-02 16:26:17.423949|[SDK][WS][SERVICE]connected nodes,count=2
info|2024-02-02 16:26:17.747209|[EVENT][SUB][doLoop]event sub tasks report,working event sub count=0,suspend event sub count=0
info|2024-02-02 16:26:37.430945|[SDK][WS][SERVICE]connected nodes,count=2
info|2024-02-02 16:26:37.757377|[EVENT][SUB][doLoop]event sub tasks report,working event sub count=0,suspend event sub count=0
info|2024-02-02 16:26:57.433906|[SDK][WS][SERVICE]connected nodes,count=2
info|2024-02-02 16:26:57.758704|[EVENT][SUB][doLoop]event sub tasks report,working event sub count=0,suspend event sub count=0
info|2024-02-02 16:27:17.444815|[SDK][WS][SERVICE]connected nodes,count=2
info|2024-02-02 16:27:17.763188|[EVENT][SUB][doLoop]event sub tasks report,working event sub count=0,suspend event sub count=0
info|2024-02-02 16:27:37.453602|[SDK][WS][SERVICE]connected nodes,count=2
info|2024-02-02 16:27:37.767389|[EVENT][SUB][doLoop]event sub tasks report,working event sub count=0,suspend event sub count=0
info|2024-02-02 16:27:57.453712|[SDK][WS][SERVICE]connected nodes,count=2
info|2024-02-02 16:27:57.769865|[EVENT][SUB][doLoop]event sub tasks report,working event sub count=0,suspend event sub count=0
info|2024-02-02 16:28:17.461079|[SDK][WS][SERVICE]connected nodes,count=2
info|2024-02-02 16:28:17.771004|[EVENT][SUB][doLoop]event sub tasks report,working event sub count=0,suspend event sub count=0
info|2024-02-02 16:28:37.461427|[SDK][WS][SERVICE]connected nodes,count=2
info|2024-02-02 16:28:37.772345|[EVENT][SUB][doLoop]event sub tasks report,working event sub count=0,suspend event sub count=0
info|2024-02-02 16:28:57.468507|[SDK][WS][SERVICE]connected nodes,count=2
info|2024-02-02 16:28:57.778640|[EVENT][SUB][doLoop]event sub tasks report,working event sub count=0,suspend event sub count=0
info|2024-02-02 16:29:17.481244|[SDK][WS][SERVICE]connected nodes,count=2
info|2024-02-02 16:29:17.792104|[EVENT][SUB][doLoop]event sub tasks report,working event sub count=0,suspend event sub count=0
info|2024-02-02 16:29:37.492116|[SDK][WS][SERVICE]connected nodes,count=2
info|2024-02-02 16:29:37.801704|[EVENT][SUB][doLoop]event sub tasks report,working event sub count=0,suspend event sub count=0
info|2024-02-02 16:29:57.493175|[SDK][WS][SERVICE]connected nodes,count=2
info|2024-02-02 16:29:57.805093|[EVENT][SUB][doLoop]event sub tasks report,working event sub count=0,suspend event sub count=0
info|2024-02-02 16:30:17.500793|[SDK][WS][SERVICE]connected nodes,count=2
info|2024-02-02 16:30:17.816876|[EVENT][SUB][doLoop]event sub tasks report,working event sub count=0,suspend event sub count=0
info|2024-02-02 16:30:37.510749|[SDK][WS][SERVICE]connected nodes,count=2
info|2024-02-02 16:30:37.830260|[EVENT][SUB][doLoop]event sub tasks report,working event sub count=0,suspend event sub count=0
info|2024-02-02 16:30:57.515324|[SDK][WS][SERVICE]connected nodes,count=2
info|2024-02-02 16:30:57.841588|[EVENT][SUB][doLoop]event sub tasks report,working event sub count=0,suspend event sub count=0
info|2024-02-02 16:31:17.528160|[SDK][WS][SERVICE]connected nodes,count=2
info|2024-02-02 16:31:17.855493|[EVENT][SUB][doLoop]event sub tasks report,working event sub count=0,suspend event sub count=0
info|2024-02-02 16:31:37.539781|[SDK][WS][SERVICE]connected nodes,count=2
info|2024-02-02 16:31:37.865646|[EVENT][SUB][doLoop]event sub tasks report,working event sub count=0,suspend event sub count=0
info|2024-02-02 16:31:57.543143|[SDK][WS][SERVICE]connected nodes,count=2
info|2024-02-02 16:31:57.869197|[EVENT][SUB][doLoop]event sub tasks report,working event sub count=0,suspend event sub count=0
info|2024-02-02 16:32:17.559255|[SDK][WS][SERVICE]connected nodes,count=2
info|2024-02-02 16:32:17.874259|[EVENT][SUB][doLoop]event sub tasks report,working event sub count=0,suspend event sub count=0
info|2024-02-02 16:32:37.560650|[SDK][WS][SERVICE]connected nodes,count=2
info|2024-02-02 16:32:37.886633|[EVENT][SUB][doLoop]event sub tasks report,working event sub count=0,suspend event sub count=0
info|2024-02-02 16:32:57.563380|[SDK][WS][SERVICE]connected nodes,count=2
info|2024-02-02 16:32:57.892129|[EVENT][SUB][doLoop]event sub tasks report,working event sub count=0,suspend event sub count=0
info|2024-02-02 16:33:17.571783|[SDK][WS][SERVICE]connected nodes,count=2
info|2024-02-02 16:33:17.896850|[EVENT][SUB][doLoop]event sub tasks report,working event sub count=0,suspend event sub count=0
info|2024-02-02 16:33:37.577976|[SDK][WS][SERVICE]connected nodes,count=2
info|2024-02-02 16:33:37.905584|[EVENT][SUB][doLoop]event sub tasks report,working event sub count=0,suspend event sub count=0
info|2024-02-02 16:33:57.586162|[SDK][WS][SERVICE]connected nodes,count=2
info|2024-02-02 16:33:57.911621|[EVENT][SUB][doLoop]event sub tasks report,working event sub count=0,suspend event sub count=0
info|2024-02-02 16:34:17.592470|[SDK][WS][SERVICE]connected nodes,count=2
info|2024-02-02 16:34:17.914971|[EVENT][SUB][doLoop]event sub tasks report,working event sub count=0,suspend event sub count=0
info|2024-02-02 16:34:37.595697|[SDK][WS][SERVICE]connected nodes,count=2
info|2024-02-02 16:34:37.921935|[EVENT][SUB][doLoop]event sub tasks report,working event sub count=0,suspend event sub count=0
info|2024-02-02 16:34:57.596360|[SDK][WS][SERVICE]connected nodes,count=2
info|2024-02-02 16:34:57.921981|[EVENT][SUB][doLoop]event sub tasks report,working event sub count=0,suspend event sub count=0
info|2024-02-02 16:35:17.599198|[SDK][WS][SERVICE]connected nodes,count=2
info|2024-02-02 16:35:17.926254|[EVENT][SUB][doLoop]event sub tasks report,working event sub count=0,suspend event sub count=0
info|2024-02-02 16:35:37.601566|[SDK][WS][SERVICE]connected nodes,count=2
info|2024-02-02 16:35:37.926616|[EVENT][SUB][doLoop]event sub tasks report,working event sub count=0,suspend event sub count=0
info|2024-02-02 16:35:57.602452|[SDK][WS][SERVICE]connected nodes,count=2
info|2024-02-02 16:35:57.941587|[EVENT][SUB][doLoop]event sub tasks report,working event sub count=0,suspend event sub count=0
info|2024-02-02 16:36:17.613143|[SDK][WS][SERVICE]connected nodes,count=2
info|2024-02-02 16:36:17.954278|[EVENT][SUB][doLoop]event sub tasks report,working event sub count=0,suspend event sub count=0
info|2024-02-02 16:36:37.618999|[SDK][WS][SERVICE]connected nodes,count=2
info|2024-02-02 16:36:37.954277|[EVENT][SUB][doLoop]event sub tasks report,working event sub count=0,suspend event sub count=0
info|2024-02-02 16:36:57.624861|[SDK][WS][SERVICE]connected nodes,count=2
info|2024-02-02 16:36:57.965901|[EVENT][SUB][doLoop]event sub tasks report,working event sub count=0,suspend event sub count=0
info|2024-02-02 16:37:17.630452|[SDK][WS][SERVICE]connected nodes,count=2
info|2024-02-02 16:37:17.977738|[EVENT][SUB][doLoop]event sub tasks report,working event sub count=0,suspend event sub count=0
info|2024-02-02 16:37:37.645954|[SDK][WS][SERVICE]connected nodes,count=2
info|2024-02-02 16:37:37.988910|[EVENT][SUB][doLoop]event sub tasks report,working event sub count=0,suspend event sub count=0
info|2024-02-02 16:37:57.647577|[SDK][WS][SERVICE]connected nodes,count=2
info|2024-02-02 16:37:57.990153|[EVENT][SUB][doLoop]event sub tasks report,working event sub count=0,suspend event sub count=0
info|2024-02-02 16:38:17.653296|[SDK][WS][SERVICE]connected nodes,count=2
info|2024-02-02 16:38:17.994839|[EVENT][SUB][doLoop]event sub tasks report,working event sub count=0,suspend event sub count=0
info|2024-02-02 16:38:37.665532|[SDK][WS][SERVICE]connected nodes,count=2
info|2024-02-02 16:38:38.008012|[EVENT][SUB][doLoop]event sub tasks report,working event sub count=0,suspend event sub count=0
info|2024-02-02 16:38:57.677669|[SDK][WS][SERVICE]connected nodes,count=2
info|2024-02-02 16:38:58.019470|[EVENT][SUB][doLoop]event sub tasks report,working event sub count=0,suspend event sub count=0
info|2024-02-02 16:39:17.685684|[SDK][WS][SERVICE]connected nodes,count=2
info|2024-02-02 16:39:18.028927|[EVENT][SUB][doLoop]event sub tasks report,working event sub count=0,suspend event sub count=0
info|2024-02-02 16:39:37.686166|[SDK][WS][SERVICE]connected nodes,count=2
info|2024-02-02 16:39:38.031791|[EVENT][SUB][doLoop]event sub tasks report,working event sub count=0,suspend event sub count=0
info|2024-02-02 16:39:57.694177|[SDK][WS][SERVICE]connected nodes,count=2
info|2024-02-02 16:39:58.036453|[EVENT][SUB][doLoop]event sub tasks report,working event sub count=0,suspend event sub count=0
info|2024-02-02 16:40:17.695238|[SDK][WS][SERVICE]connected nodes,count=2
info|2024-02-02 16:40:18.037713|[EVENT][SUB][doLoop]event sub tasks report,working event sub count=0,suspend event sub count=0
info|2024-02-02 16:40:37.704445|[SDK][WS][SERVICE]connected nodes,count=2
info|2024-02-02 16:40:38.047543|[EVENT][SUB][doLoop]event sub tasks report,working event sub count=0,suspend event sub count=0
info|2024-02-02 16:40:57.704812|[SDK][WS][SERVICE]connected nodes,count=2
info|2024-02-02 16:40:58.059562|[EVENT][SUB][doLoop]event sub tasks report,working event sub count=0,suspend event sub count=0
info|2024-02-02 16:41:17.711711|[SDK][WS][SERVICE]connected nodes,count=2
info|2024-02-02 16:41:18.068863|[EVENT][SUB][doLoop]event sub tasks report,working event sub count=0,suspend event sub count=0
info|2024-02-02 16:41:37.718807|[SDK][WS][SERVICE]connected nodes,count=2
info|2024-02-02 16:41:38.078805|[EVENT][SUB][doLoop]event sub tasks report,working event sub count=0,suspend event sub count=0
info|2024-02-02 16:41:57.729373|[SDK][WS][SERVICE]connected nodes,count=2
info|2024-02-02 16:41:58.087372|[EVENT][SUB][doLoop]event sub tasks report,working event sub count=0,suspend event sub count=0
info|2024-02-02 16:42:17.739357|[SDK][WS][SERVICE]connected nodes,count=2
info|2024-02-02 16:42:18.096370|[EVENT][SUB][doLoop]event sub tasks report,working event sub count=0,suspend event sub count=0
info|2024-02-02 16:42:37.748924|[SDK][WS][SERVICE]connected nodes,count=2
info|2024-02-02 16:42:38.105331|[EVENT][SUB][doLoop]event sub tasks report,working event sub count=0,suspend event sub count=0
info|2024-02-02 16:42:57.749326|[SDK][WS][SERVICE]connected nodes,count=2
info|2024-02-02 16:42:58.113483|[EVENT][SUB][doLoop]event sub tasks report,working event sub count=0,suspend event sub count=0
info|2024-02-02 16:43:17.754511|[SDK][WS][SERVICE]connected nodes,count=2
info|2024-02-02 16:43:18.126324|[EVENT][SUB][doLoop]event sub tasks report,working event sub count=0,suspend event sub count=0
info|2024-02-02 16:43:37.754569|[SDK][WS][SERVICE]connected nodes,count=2
info|2024-02-02 16:43:38.138273|[EVENT][SUB][doLoop]event sub tasks report,working event sub count=0,suspend event sub count=0
info|2024-02-02 16:43:57.754766|[SDK][WS][SERVICE]connected nodes,count=2
info|2024-02-02 16:43:58.150149|[EVENT][SUB][doLoop]event sub tasks report,working event sub count=0,suspend event sub count=0
info|2024-02-02 16:44:17.755796|[SDK][WS][SERVICE]connected nodes,count=2
info|2024-02-02 16:44:18.150975|[EVENT][SUB][doLoop]event sub tasks report,working event sub count=0,suspend event sub count=0
info|2024-02-02 16:44:37.762467|[SDK][WS][SERVICE]connected nodes,count=2
info|2024-02-02 16:44:38.153815|[EVENT][SUB][doLoop]event sub tasks report,working event sub count=0,suspend event sub count=0
info|2024-02-02 16:44:57.772441|[SDK][WS][SERVICE]connected nodes,count=2
info|2024-02-02 16:44:58.154361|[EVENT][SUB][doLoop]event sub tasks report,working event sub count=0,suspend event sub count=0
info|2024-02-02 16:45:17.773155|[SDK][WS][SERVICE]connected nodes,count=2
info|2024-02-02 16:45:18.157761|[EVENT][SUB][doLoop]event sub tasks report,working event sub count=0,suspend event sub count=0
info|2024-02-02 16:45:37.779185|[SDK][WS][SERVICE]connected nodes,count=2
info|2024-02-02 16:45:38.160186|[EVENT][SUB][doLoop]event sub tasks report,working event sub count=0,suspend event sub count=0
info|2024-02-02 16:45:57.781857|[SDK][WS][SERVICE]connected nodes,count=2
info|2024-02-02 16:45:58.169756|[EVENT][SUB][doLoop]event sub tasks report,working event sub count=0,suspend event sub count=0
info|2024-02-02 16:46:17.787210|[SDK][WS][SERVICE]connected nodes,count=2
info|2024-02-02 16:46:18.176551|[EVENT][SUB][doLoop]event sub tasks report,working event sub count=0,suspend event sub count=0
info|2024-02-02 16:46:37.793490|[SDK][WS][SERVICE]connected nodes,count=2
info|2024-02-02 16:46:38.181338|[EVENT][SUB][doLoop]event sub tasks report,working event sub count=0,suspend event sub count=0
