info|2024-02-02 00:24:04.075998|[SDK][WS][SERVICE],[NEWOBJ][WsService]=0000018F84950250
info|2024-02-02 00:24:04.075998|[RPCWS][SERVICE]init the local protocol,minVersion=1,maxVersion=1,module=2
info|2024-02-02 00:24:04.078502|[DEFAULT][WS][INITIALIZER][initWsService]start websocket service as client,connected size=2
info|2024-02-02 00:24:04.078502|[DEFAULT][WS][INITIALIZER][initWsService]initializer for websocket service,listenIP=,listenPort=0,disableSsl=false,server=false,client=true,threadPoolSize=8,maxMsgSize=33554432,msgTimeOut=-1,connected peers=2
info|2024-02-02 00:24:04.078502|[bcos_sdk_create][NEWOBJ],sdk=0000018F84B0C6A0
info|2024-02-02 00:24:05.394000|[DEFAULT][WS][CONNECTOR][connectToWsServer]async_connect success,endpoint=192.168.81.141:20200
info|2024-02-02 00:24:05.394000|[DEFAULT][WS][STREAM],[NEWOBJ][WsStream]=0000018F82C176C0
info|2024-02-02 00:24:05.394000|[DEFAULT][WS][CONNECTOR][connectToWsServer]async_connect success,endpoint=192.168.81.141:20201
info|2024-02-02 00:24:05.394000|[DEFAULT][WS][STREAM],[NEWOBJ][WsStream]=0000018F82545980
info|2024-02-02 00:24:05.397003|[DEFAULT][BOOSTSSL][NODEINFO][NEW]SSLContext pubHex: 3082010a02820101009341101d7e830c3d6d3a72828a0341db31cb1134c146810f905ac4ec685e8c61072a35ba421f9d3fac0908db7667611c8744bdee795fec222c30dc79d23cb3c74b2f2509b538395e757617a78f9dbb0574d8dffa7da8b9654bdd9cbdd697340c783ee385db45a02046162d9b8c9b62ea9b060c5fa9fd8d4c3e4adbddb60a826032faff9bb8c64d49a6ea063627e8792f983aef14216c76e6dc45e2968470de7619cdec528429ebb0597544cc700cb4f935c8ddc22ea9a4d8c0d10e1bbde12d5528ac0b3935debf78e3a6bb840885131e8ece70647a1c7a939dbf93d995ae46e4457ddfcf4c2554aca2fbbd0dbe3701bbd1cc5048b72edd2477b8ac3099a7139d0203010001
info|2024-02-02 00:24:05.397003|[DEFAULT][BOOSTSSL][NODEINFO][NEW]SSLContext pubHex: 3082010a02820101009341101d7e830c3d6d3a72828a0341db31cb1134c146810f905ac4ec685e8c61072a35ba421f9d3fac0908db7667611c8744bdee795fec222c30dc79d23cb3c74b2f2509b538395e757617a78f9dbb0574d8dffa7da8b9654bdd9cbdd697340c783ee385db45a02046162d9b8c9b62ea9b060c5fa9fd8d4c3e4adbddb60a826032faff9bb8c64d49a6ea063627e8792f983aef14216c76e6dc45e2968470de7619cdec528429ebb0597544cc700cb4f935c8ddc22ea9a4d8c0d10e1bbde12d5528ac0b3935debf78e3a6bb840885131e8ece70647a1c7a939dbf93d995ae46e4457ddfcf4c2554aca2fbbd0dbe3701bbd1cc5048b72edd2477b8ac3099a7139d0203010001
warning|2024-02-02 00:24:05.397003|[DEFAULT][BOOSTSSL][NODEINFO]Get ca basic failed
warning|2024-02-02 00:24:05.397003|[DEFAULT][BOOSTSSL][NODEINFO]Get ca basic failed
info|2024-02-02 00:24:05.397501|[DEFAULT][BOOSTSSL][NODEINFO][NEW]SSLContext pubHex: 3082010a0282010100b7b7a697fc2b7333463be4052e54a070adc11f6264b4741682e2ba8ac0da8344243ed13cfe9fe7e1f2d2e4dd3f3a6244b231b07dc05bb6b44fb189c7a4ac5d972143eccd5e90ac477f4be8fb15fb13b1949b9858ef3895739ff011d1e3e5783414bf66e95a5db675b5eaa92ffae241d862527cc399ef1c77222a47f01a05711168de2a45534ed673b1df31fdce0c19ba5f9bf72f617a26f59c87200dd180697ccb2537bb0d527876ea9ca9cbe3452b81d8e349000929fd52dd6ba7e5c7c4f55ad69523a518ac1968bda0b4a608f93656fceedbd115952d715235e064bfe57118035eb59fe6344a74d119eedeb02179dd4f222e326e6ea5610683e0d1f01660270203010001
info|2024-02-02 00:24:05.397501|[DEFAULT][BOOSTSSL][NODEINFO][NEW]SSLContext pubHex: 3082010a0282010100cb624740497a3ae96922b199cc9007b049430ead36e75f81a8b47500d097ba81d5a1d2079f5d019cc5d196aea7c6b95787d8d6536a59d6284176ca7b61580f21450fd7f8a2b756177391c1b92551b90401d36acb72e77954a56c149a82032224e2c955fd27f7e26791058086f27717169fe2e1e9c32600256065cb5c5215b609ca0169c354f5cd6f3d255b7b023769bafa458f0e13d8dec89207b8098b049fb8aa4fc44626f6ba0157cb20c378faf6396f177a29ffe4cc329b006ac66532c1d9997b47a98668d051af7a4da6cf72a9267f04f0fb870e718f7477e8acb62dec50781493e6f3a3dcd3294a6b122ba44ad519556b062352fdbb6fa7d71d8b204d8b0203010001
info|2024-02-02 00:24:05.408005|[DEFAULT][WS][CONNECTOR][connectToWsServer]ssl async_handshake success,host=192.168.81.141,port=20200
info|2024-02-02 00:24:05.408504|[DEFAULT][WS][CONNECTOR][connectToWsServer]ssl async_handshake success,host=192.168.81.141,port=20201
info|2024-02-02 00:24:05.410005|[DEFAULT][WS][CONNECTOR][connectToWsServer]websocket handshake successfully,host=192.168.81.141,port=20201
info|2024-02-02 00:24:05.410005|[DEFAULT][WS][CONNECTOR][connectToWsServer]websocket handshake successfully,host=192.168.81.141,port=20200
info|2024-02-02 00:24:05.410005|[SDK][WS][SESSION],[NEWOBJ][WSSESSION]=0000018F851F6060
info|2024-02-02 00:24:05.410005|[SDK][WS][SESSION],[NEWOBJ][WSSESSION]=0000018F851F6300
info|2024-02-02 00:24:05.410005|[SDK][WS][SERVICE][newSession]start the session,endPoint=192.168.81.141:20201
info|2024-02-02 00:24:05.410005|[SDK][WS][SERVICE][newSession]start the session,endPoint=192.168.81.141:20200
info|2024-02-02 00:24:05.410005|[SDK][WS][SERVICE][addSession]add session to mapping,connectedEndPoint=192.168.81.141:20201,endPoint=192.168.81.141:20201,result=true
info|2024-02-02 00:24:05.410005|[SDK][WS][SERVICE][addSession]add session to mapping,connectedEndPoint=192.168.81.141:20200,endPoint=192.168.81.141:20200,result=true
info|2024-02-02 00:24:05.410005|[SDK][WS][SERVICE][onConnect],endpoint=192.168.81.141:20201,connectedEndPoint=192.168.81.141:20201,refCount=6
info|2024-02-02 00:24:05.410005|[SDK][WS][SERVICE][onConnect],endpoint=192.168.81.141:20200,connectedEndPoint=192.168.81.141:20200,refCount=6
info|2024-02-02 00:24:05.410499|[RPCWS][SERVICE][startHandshake],endpoint=192.168.81.141:20200
info|2024-02-02 00:24:05.410499|[RPCWS][SERVICE][startHandshake],endpoint=192.168.81.141:20201
info|2024-02-02 00:24:05.410499|[SDK][WS][SERVICE]connected nodes,count=2
info|2024-02-02 00:24:05.410499|[SDK][WS][SERVICE][start]start websocket service successfully,model=1,max msg size=33554432
info|2024-02-02 00:24:05.410499|[SDK][WS][SESSION][startAsClient]websocket handshake successfully,endPoint=192.168.81.141:20201,session=0000018F851F6060
info|2024-02-02 00:24:05.410499|[SDK][WS][SESSION][startAsClient]websocket handshake successfully,endPoint=192.168.81.141:20200,session=0000018F851F6300
info|2024-02-02 00:24:05.413002|[RPCWS][SERVICE][fromJson] new group info,groupInfo=,group=group0,chain=chain0,nodeSize=1
info|2024-02-02 00:24:05.413002|[RPCWS][SERVICE][fromJson]parser protocol version,protocolVersion=1,groupInfoList size=1,groupBlockNumber size=1
info|2024-02-02 00:24:05.413002|[RPCWS][SERVICE][updateGroupInfoByEp],endPoint=192.168.81.141:20200,group=group0,chainID=chain0,genesisConfig={"blockTxCountLimit":1000,"consensusLeaderPeriod":1,"consensusType":"pbft","sealerList":[{"nodeID":"39ed58e7d741e285fcd32475c962a1380cbd23c6cddb5aac7dbd65556c22ef9b52aeb57159fe29ceafb1e8af68b51141fa09b238a600ff7e92d1d08aee35c162","weight":1},{"nodeID":"778b9202ede63f4ba6bfb2fbaf69891ecf9d481506e3469275ffe70d7f980959ca9a85131fac70e32cbb077bdfeeec7eedc087e4e4c5cecf6bf840fdcc6a7dac","weight":1},{"nodeID":"9982639b1e7971e5b6003f1b6b329d60b3fea30cbe21fa7475953e17c66aff849c3bd64a1757dea20b93ead390cb0e9b7ea0e5801a8ea63d24ba36dbff4f0b17","weight":1},{"nodeID":"aadc474cb133cb4f2c289add9bdc58bca1629e5706e1d0ac80ad0d71e81897293fcba5d8065f8ecf8fdb316422eb4548e81a30d55ff6d50d026ff5fddc142356","weight":1}],"txGasLimit":3000000000}
,iniConfig=,nodesNum=1
info|2024-02-02 00:24:05.413002|[RPCWS][SERVICE][updateGroupInfo],endPoint=192.168.81.141:20200,group=group0,chainID=chain0,nodesNum=1
info|2024-02-02 00:24:05.413002|[RPCWS][SERVICE][clearGroupInfoByEp],endPoint=192.168.81.141:20200,group=group0
info|2024-02-02 00:24:05.413002|[RPCWS][SERVICE][printGroupInfo],total count=1
info|2024-02-02 00:24:05.413002|[RPCWS][SERVICE][printGroupInfo]group list,group=group0,count=1
info|2024-02-02 00:24:05.413002|[RPCWS][SERVICE][printGroupInfo]node list,group=group0,node=aadc474cb133cb4f2c289add9bdc58bca1629e5706e1d0ac80ad0d71e81897293fcba5d8065f8ecf8fdb316422eb4548e81a30d55ff6d50d026ff5fddc142356,count=1
info|2024-02-02 00:24:05.413002|[RPCWS][SERVICE][updateGroupBlockNumber],groupID=group0,_blockNumber=210
info|2024-02-02 00:24:05.413002|[AMOP][CLIENT][updateTopicsToRemote]send subscribe message to server,endpoint=192.168.81.141:20200,topics={"topics":[]}
info|2024-02-02 00:24:05.413002|[RPCWS][SERVICE][startHandshake]handshake successfully,endPoint=192.168.81.141:20200,handshake version=1,groupInfoList size=1,groupBlockNumber size=1,handshake string={"groupBlockNumber":[{"group0":210}],"groupInfoList":[{"chainID":"chain0","genesisConfig":"{\"blockTxCountLimit\":1000,\"consensusLeaderPeriod\":1,\"consensusType\":\"pbft\",\"sealerList\":[{\"nodeID\":\"39ed58e7d741e285fcd32475c962a1380cbd23c6cddb5aac7dbd65556c22ef9b52aeb57159fe29ceafb1e8af68b51141fa09b238a600ff7e92d1d08aee35c162\",\"weight\":1},{\"nodeID\":\"778b9202ede63f4ba6bfb2fbaf69891ecf9d481506e3469275ffe70d7f980959ca9a85131fac70e32cbb077bdfeeec7eedc087e4e4c5cecf6bf840fdcc6a7dac\",\"weight\":1},{\"nodeID\":\"9982639b1e7971e5b6003f1b6b329d60b3fea30cbe21fa7475953e17c66aff849c3bd64a1757dea20b93ead390cb0e9b7ea0e5801a8ea63d24ba36dbff4f0b17\",\"weight\":1},{\"nodeID\":\"aadc474cb133cb4f2c289add9bdc58bca1629e5706e1d0ac80ad0d71e81897293fcba5d8065f8ecf8fdb316422eb4548e81a30d55ff6d50d026ff5fddc142356\",\"weight\":1}],\"txGasLimit\":3000000000}\n","groupID":"group0","iniConfig":"","nodeList":[{"iniConfig":"{\"binaryInfo\":{\"buildTime\":\"20231120 09:26:49\",\"gitCommitHash\":\"773c82d4289698e0adf0321dd5c8ba0f3d4e9aea\",\"platform\":\"Linux/g++\",\"version\":\"3.5.0\"},\"chainID\":\"chain0\",\"gatewayServiceName\":\"\",\"groupID\":\"group0\",\"isAuthCheck\":false,\"isSerialExecute\":true,\"isWasm\":false,\"nodeID\":\"aadc474cb133cb4f2c289add9bdc58bca1629e5706e1d0ac80ad0d71e81897293fcba5d8065f8ecf8fdb316422eb4548e81a30d55ff6d50d026ff5fddc142356\",\"nodeName\":\"aadc474cb133cb4f2c289add9bdc58bca1629e5706e1d0ac80ad0d71e81897293fcba5d8065f8ecf8fdb316422eb4548e81a30d55ff6d50d026ff5fddc142356\",\"rpcServiceName\":\"\",\"smCryptoType\":false}\n","microService":false,"name":"aadc474cb133cb4f2c289add9bdc58bca1629e5706e1d0ac80ad0d71e81897293fcba5d8065f8ecf8fdb316422eb4548e81a30d55ff6d50d026ff5fddc142356","nodeID":"aadc474cb133cb4f2c289add9bdc58bca1629e5706e1d0ac80ad0d71e81897293fcba5d8065f8ecf8fdb316422eb4548e81a30d55ff6d50d026ff5fddc142356","protocol":{"compatibilityVersion":50659328,"maxSupportedVersion":2,"minSupportedVersion":0},"serviceInfo":[{"serviceName":"LedgerServiceObj","type":2},{"serviceName":"SchedulerServiceObj","type":3},{"serviceName":"FrontServiceObj","type":4},{"serviceName":"","type":6},{"serviceName":"","type":7},{"serviceName":"TxPoolServiceObj","type":8}],"type":0}]}],"protocolVersion":1}
info|2024-02-02 00:24:05.420502|[RPCWS][SERVICE][fromJson] new group info,groupInfo=,group=group0,chain=chain0,nodeSize=1
info|2024-02-02 00:24:05.420502|[RPCWS][SERVICE][fromJson]parser protocol version,protocolVersion=1,groupInfoList size=1,groupBlockNumber size=1
info|2024-02-02 00:24:05.420502|[RPCWS][SERVICE][updateGroupInfoByEp],endPoint=192.168.81.141:20201,group=group0,chainID=chain0,genesisConfig={"blockTxCountLimit":1000,"consensusLeaderPeriod":1,"consensusType":"pbft","sealerList":[{"nodeID":"39ed58e7d741e285fcd32475c962a1380cbd23c6cddb5aac7dbd65556c22ef9b52aeb57159fe29ceafb1e8af68b51141fa09b238a600ff7e92d1d08aee35c162","weight":1},{"nodeID":"778b9202ede63f4ba6bfb2fbaf69891ecf9d481506e3469275ffe70d7f980959ca9a85131fac70e32cbb077bdfeeec7eedc087e4e4c5cecf6bf840fdcc6a7dac","weight":1},{"nodeID":"9982639b1e7971e5b6003f1b6b329d60b3fea30cbe21fa7475953e17c66aff849c3bd64a1757dea20b93ead390cb0e9b7ea0e5801a8ea63d24ba36dbff4f0b17","weight":1},{"nodeID":"aadc474cb133cb4f2c289add9bdc58bca1629e5706e1d0ac80ad0d71e81897293fcba5d8065f8ecf8fdb316422eb4548e81a30d55ff6d50d026ff5fddc142356","weight":1}],"txGasLimit":3000000000}
,iniConfig=,nodesNum=1
info|2024-02-02 00:24:05.420502|[RPCWS][SERVICE][updateGroupInfo],endPoint=192.168.81.141:20201,group=group0,chainID=chain0,nodesNum=1
info|2024-02-02 00:24:05.421002|[RPCWS][SERVICE][clearGroupInfoByEp],endPoint=192.168.81.141:20201,group=group0
info|2024-02-02 00:24:05.421002|[RPCWS][SERVICE][printGroupInfo],total count=1
info|2024-02-02 00:24:05.421002|[RPCWS][SERVICE][printGroupInfo]group list,group=group0,count=2
info|2024-02-02 00:24:05.421002|[RPCWS][SERVICE][printGroupInfo]node list,group=group0,node=aadc474cb133cb4f2c289add9bdc58bca1629e5706e1d0ac80ad0d71e81897293fcba5d8065f8ecf8fdb316422eb4548e81a30d55ff6d50d026ff5fddc142356,count=1
info|2024-02-02 00:24:05.421002|[RPCWS][SERVICE][printGroupInfo]node list,group=group0,node=9982639b1e7971e5b6003f1b6b329d60b3fea30cbe21fa7475953e17c66aff849c3bd64a1757dea20b93ead390cb0e9b7ea0e5801a8ea63d24ba36dbff4f0b17,count=1
info|2024-02-02 00:24:05.421002|[AMOP][CLIENT][updateTopicsToRemote]send subscribe message to server,endpoint=192.168.81.141:20201,topics={"topics":[]}
info|2024-02-02 00:24:05.421002|[RPCWS][SERVICE][startHandshake]handshake successfully,endPoint=192.168.81.141:20201,handshake version=1,groupInfoList size=1,groupBlockNumber size=1,handshake string={"groupBlockNumber":[{"group0":210}],"groupInfoList":[{"chainID":"chain0","genesisConfig":"{\"blockTxCountLimit\":1000,\"consensusLeaderPeriod\":1,\"consensusType\":\"pbft\",\"sealerList\":[{\"nodeID\":\"39ed58e7d741e285fcd32475c962a1380cbd23c6cddb5aac7dbd65556c22ef9b52aeb57159fe29ceafb1e8af68b51141fa09b238a600ff7e92d1d08aee35c162\",\"weight\":1},{\"nodeID\":\"778b9202ede63f4ba6bfb2fbaf69891ecf9d481506e3469275ffe70d7f980959ca9a85131fac70e32cbb077bdfeeec7eedc087e4e4c5cecf6bf840fdcc6a7dac\",\"weight\":1},{\"nodeID\":\"9982639b1e7971e5b6003f1b6b329d60b3fea30cbe21fa7475953e17c66aff849c3bd64a1757dea20b93ead390cb0e9b7ea0e5801a8ea63d24ba36dbff4f0b17\",\"weight\":1},{\"nodeID\":\"aadc474cb133cb4f2c289add9bdc58bca1629e5706e1d0ac80ad0d71e81897293fcba5d8065f8ecf8fdb316422eb4548e81a30d55ff6d50d026ff5fddc142356\",\"weight\":1}],\"txGasLimit\":3000000000}\n","groupID":"group0","iniConfig":"","nodeList":[{"iniConfig":"{\"binaryInfo\":{\"buildTime\":\"20231120 09:26:49\",\"gitCommitHash\":\"773c82d4289698e0adf0321dd5c8ba0f3d4e9aea\",\"platform\":\"Linux/g++\",\"version\":\"3.5.0\"},\"chainID\":\"chain0\",\"gatewayServiceName\":\"\",\"groupID\":\"group0\",\"isAuthCheck\":false,\"isSerialExecute\":true,\"isWasm\":false,\"nodeID\":\"9982639b1e7971e5b6003f1b6b329d60b3fea30cbe21fa7475953e17c66aff849c3bd64a1757dea20b93ead390cb0e9b7ea0e5801a8ea63d24ba36dbff4f0b17\",\"nodeName\":\"9982639b1e7971e5b6003f1b6b329d60b3fea30cbe21fa7475953e17c66aff849c3bd64a1757dea20b93ead390cb0e9b7ea0e5801a8ea63d24ba36dbff4f0b17\",\"rpcServiceName\":\"\",\"smCryptoType\":false}\n","microService":false,"name":"9982639b1e7971e5b6003f1b6b329d60b3fea30cbe21fa7475953e17c66aff849c3bd64a1757dea20b93ead390cb0e9b7ea0e5801a8ea63d24ba36dbff4f0b17","nodeID":"9982639b1e7971e5b6003f1b6b329d60b3fea30cbe21fa7475953e17c66aff849c3bd64a1757dea20b93ead390cb0e9b7ea0e5801a8ea63d24ba36dbff4f0b17","protocol":{"compatibilityVersion":50659328,"maxSupportedVersion":2,"minSupportedVersion":0},"serviceInfo":[{"serviceName":"LedgerServiceObj","type":2},{"serviceName":"SchedulerServiceObj","type":3},{"serviceName":"FrontServiceObj","type":4},{"serviceName":"","type":6},{"serviceName":"","type":7},{"serviceName":"TxPoolServiceObj","type":8}],"type":0}]}],"protocolVersion":1}
info|2024-02-02 00:24:05.514507|[RPCWS][SERVICE][waitForConnectionEstablish]wait for websocket connection handshake success,suc count=2
info|2024-02-02 00:24:05.514507|[RPC][IMPL][start]start rpc
info|2024-02-02 00:24:05.514507|[SDK][WS][SERVICE][start]websocket service is running
info|2024-02-02 00:24:05.623055|[RPCWS][SERVICE][waitForConnectionEstablish]wait for websocket connection handshake success,suc count=2
info|2024-02-02 00:24:05.623055|[AMOP][CLIENT][start]start amop
info|2024-02-02 00:24:05.623055|[SDK][WS][SERVICE][start]websocket service is running
info|2024-02-02 00:24:05.731660|[RPCWS][SERVICE][waitForConnectionEstablish]wait for websocket connection handshake success,suc count=2
info|2024-02-02 00:24:05.731660|[EVENT][SUB][start]start event sub successfully,sendMsgTimeout=-1,reconnectPeriod=20000
info|2024-02-02 00:24:05.731660|[SDK][WS][SERVICE][start]websocket service is running
info|2024-02-02 00:24:05.840176|[RPCWS][SERVICE][waitForConnectionEstablish]wait for websocket connection handshake success,suc count=2
info|2024-02-02 00:24:05.840176|[bcos_sdk_start],sdk=0000018F84B0C6A0
info|2024-02-02 00:24:05.841177|[findClass]add class to cache,fullClassName=org/fisco/bcos/sdk/jni/common/Response
info|2024-02-02 00:24:05.841177|[RPCWS][SERVICE][getGroupInfo],count=2
info|2024-02-02 00:24:05.842176|[RPC][IMPL][getGroupInfo][get group info from cache],hitCache=true,response={"id":1,"jsonrpc":"2.0","result":{"chainID":"chain0","genesisConfig":"{\"blockTxCountLimit\":1000,\"consensusLeaderPeriod\":1,\"consensusType\":\"pbft\",\"sealerList\":[{\"nodeID\":\"39ed58e7d741e285fcd32475c962a1380cbd23c6cddb5aac7dbd65556c22ef9b52aeb57159fe29ceafb1e8af68b51141fa09b238a600ff7e92d1d08aee35c162\",\"weight\":1},{\"nodeID\":\"778b9202ede63f4ba6bfb2fbaf69891ecf9d481506e3469275ffe70d7f980959ca9a85131fac70e32cbb077bdfeeec7eedc087e4e4c5cecf6bf840fdcc6a7dac\",\"weight\":1},{\"nodeID\":\"9982639b1e7971e5b6003f1b6b329d60b3fea30cbe21fa7475953e17c66aff849c3bd64a1757dea20b93ead390cb0e9b7ea0e5801a8ea63d24ba36dbff4f0b17\",\"weight\":1},{\"nodeID\":\"aadc474cb133cb4f2c289add9bdc58bca1629e5706e1d0ac80ad0d71e81897293fcba5d8065f8ecf8fdb316422eb4548e81a30d55ff6d50d026ff5fddc142356\",\"weight\":1}],\"txGasLimit\":3000000000}\n","groupID":"group0","iniConfig":"","nodeList":[{"iniConfig":"{\"binaryInfo\":{\"buildTime\":\"20231120 09:26:49\",\"gitCommitHash\":\"773c82d4289698e0adf0321dd5c8ba0f3d4e9aea\",\"platform\":\"Linux/g++\",\"version\":\"3.5.0\"},\"chainID\":\"chain0\",\"gatewayServiceName\":\"\",\"groupID\":\"group0\",\"isAuthCheck\":false,\"isSerialExecute\":true,\"isWasm\":false,\"nodeID\":\"9982639b1e7971e5b6003f1b6b329d60b3fea30cbe21fa7475953e17c66aff849c3bd64a1757dea20b93ead390cb0e9b7ea0e5801a8ea63d24ba36dbff4f0b17\",\"nodeName\":\"9982639b1e7971e5b6003f1b6b329d60b3fea30cbe21fa7475953e17c66aff849c3bd64a1757dea20b93ead390cb0e9b7ea0e5801a8ea63d24ba36dbff4f0b17\",\"rpcServiceName\":\"\",\"smCryptoType\":false}\n","name":"9982639b1e7971e5b6003f1b6b329d60b3fea30cbe21fa7475953e17c66aff849c3bd64a1757dea20b93ead390cb0e9b7ea0e5801a8ea63d24ba36dbff4f0b17","protocol":{"compatibilityVersion":50659328,"maxSupportedVersion":2,"minSupportedVersion":0},"serviceInfo":[{"serviceName":"LedgerServiceObj","type":2},{"serviceName":"SchedulerServiceObj","type":3},{"serviceName":"FrontServiceObj","type":4},{"serviceName":"","type":6},{"serviceName":"","type":7},{"serviceName":"TxPoolServiceObj","type":8}],"type":0},{"iniConfig":"{\"binaryInfo\":{\"buildTime\":\"20231120 09:26:49\",\"gitCommitHash\":\"773c82d4289698e0adf0321dd5c8ba0f3d4e9aea\",\"platform\":\"Linux/g++\",\"version\":\"3.5.0\"},\"chainID\":\"chain0\",\"gatewayServiceName\":\"\",\"groupID\":\"group0\",\"isAuthCheck\":false,\"isSerialExecute\":true,\"isWasm\":false,\"nodeID\":\"aadc474cb133cb4f2c289add9bdc58bca1629e5706e1d0ac80ad0d71e81897293fcba5d8065f8ecf8fdb316422eb4548e81a30d55ff6d50d026ff5fddc142356\",\"nodeName\":\"aadc474cb133cb4f2c289add9bdc58bca1629e5706e1d0ac80ad0d71e81897293fcba5d8065f8ecf8fdb316422eb4548e81a30d55ff6d50d026ff5fddc142356\",\"rpcServiceName\":\"\",\"smCryptoType\":false}\n","name":"aadc474cb133cb4f2c289add9bdc58bca1629e5706e1d0ac80ad0d71e81897293fcba5d8065f8ecf8fdb316422eb4548e81a30d55ff6d50d026ff5fddc142356","protocol":{"compatibilityVersion":50659328,"maxSupportedVersion":2,"minSupportedVersion":0},"serviceInfo":[{"serviceName":"LedgerServiceObj","type":2},{"serviceName":"SchedulerServiceObj","type":3},{"serviceName":"FrontServiceObj","type":4},{"serviceName":"","type":6},{"serviceName":"","type":7},{"serviceName":"TxPoolServiceObj","type":8}],"type":0}],"smCryptoType":false,"wasm":false}}
info|2024-02-02 00:24:07.829472|[RPC][BLOCK][NUMBER][fromJson],group=group0,node=9982639b1e7971e5b6003f1b6b329d60b3fea30cbe21fa7475953e17c66aff849c3bd64a1757dea20b93ead390cb0e9b7ea0e5801a8ea63d24ba36dbff4f0b17,blockNumber=211
info|2024-02-02 00:24:07.829472|[RPCWS][SERVICE][onRecvBlockNotifier]receive block number notifier,group=group0,node=9982639b1e7971e5b6003f1b6b329d60b3fea30cbe21fa7475953e17c66aff849c3bd64a1757dea20b93ead390cb0e9b7ea0e5801a8ea63d24ba36dbff4f0b17,blockNumber=211
info|2024-02-02 00:24:07.829472|[RPCWS][SERVICE][updateGroupBlockNumber],groupID=group0,_blockNumber=211
info|2024-02-02 00:24:07.829472|[RPCWS][SERVICE][onRecvBlockNotifier]block notifier callback,group=group0,node=9982639b1e7971e5b6003f1b6b329d60b3fea30cbe21fa7475953e17c66aff849c3bd64a1757dea20b93ead390cb0e9b7ea0e5801a8ea63d24ba36dbff4f0b17,blockNumber=211
info|2024-02-02 00:24:07.829472|[WS]receive block notify,endpoint=192.168.81.141:20201,blk={
	"blockNumber" : 211,
	"group" : "group0",
	"nodeName" : "9982639b1e7971e5b6003f1b6b329d60b3fea30cbe21fa7475953e17c66aff849c3bd64a1757dea20b93ead390cb0e9b7ea0e5801a8ea63d24ba36dbff4f0b17"
}
info|2024-02-02 00:24:07.829472|[RPC][BLOCK][NUMBER][fromJson],group=group0,node=aadc474cb133cb4f2c289add9bdc58bca1629e5706e1d0ac80ad0d71e81897293fcba5d8065f8ecf8fdb316422eb4548e81a30d55ff6d50d026ff5fddc142356,blockNumber=211
info|2024-02-02 00:24:07.829472|[RPCWS][SERVICE][onRecvBlockNotifier]receive block number notifier,group=group0,node=aadc474cb133cb4f2c289add9bdc58bca1629e5706e1d0ac80ad0d71e81897293fcba5d8065f8ecf8fdb316422eb4548e81a30d55ff6d50d026ff5fddc142356,blockNumber=211
info|2024-02-02 00:24:07.829472|[WS]receive block notify,endpoint=192.168.81.141:20200,blk={
	"blockNumber" : 211,
	"group" : "group0",
	"nodeName" : "aadc474cb133cb4f2c289add9bdc58bca1629e5706e1d0ac80ad0d71e81897293fcba5d8065f8ecf8fdb316422eb4548e81a30d55ff6d50d026ff5fddc142356"
}
info|2024-02-02 00:24:10.347468|[SDK][WS][SERVICE][start]websocket service is running
info|2024-02-02 00:24:10.447971|[RPCWS][SERVICE][waitForConnectionEstablish]wait for websocket connection handshake success,suc count=2
info|2024-02-02 00:24:10.447971|[RPC][IMPL][start]start rpc
info|2024-02-02 00:24:10.447971|[SDK][WS][SERVICE][start]websocket service is running
info|2024-02-02 00:24:10.551968|[RPCWS][SERVICE][waitForConnectionEstablish]wait for websocket connection handshake success,suc count=2
info|2024-02-02 00:24:10.551968|[AMOP][CLIENT][start]start amop
info|2024-02-02 00:24:10.551968|[EVENT][SUB][start]event sub is running
info|2024-02-02 00:24:10.551968|[SDK][WS][SERVICE][start]websocket service is running
info|2024-02-02 00:24:10.688968|[RPCWS][SERVICE][waitForConnectionEstablish]wait for websocket connection handshake success,suc count=2
info|2024-02-02 00:24:10.689470|[bcos_sdk_start],sdk=0000018F84B0C6A0
info|2024-02-02 00:24:10.689470|[RPCWS][SERVICE][getGroupInfo],count=2
info|2024-02-02 00:24:10.689969|[RPC][IMPL][getGroupInfo][get group info from cache],hitCache=true,response={"id":2,"jsonrpc":"2.0","result":{"chainID":"chain0","genesisConfig":"{\"blockTxCountLimit\":1000,\"consensusLeaderPeriod\":1,\"consensusType\":\"pbft\",\"sealerList\":[{\"nodeID\":\"39ed58e7d741e285fcd32475c962a1380cbd23c6cddb5aac7dbd65556c22ef9b52aeb57159fe29ceafb1e8af68b51141fa09b238a600ff7e92d1d08aee35c162\",\"weight\":1},{\"nodeID\":\"778b9202ede63f4ba6bfb2fbaf69891ecf9d481506e3469275ffe70d7f980959ca9a85131fac70e32cbb077bdfeeec7eedc087e4e4c5cecf6bf840fdcc6a7dac\",\"weight\":1},{\"nodeID\":\"9982639b1e7971e5b6003f1b6b329d60b3fea30cbe21fa7475953e17c66aff849c3bd64a1757dea20b93ead390cb0e9b7ea0e5801a8ea63d24ba36dbff4f0b17\",\"weight\":1},{\"nodeID\":\"aadc474cb133cb4f2c289add9bdc58bca1629e5706e1d0ac80ad0d71e81897293fcba5d8065f8ecf8fdb316422eb4548e81a30d55ff6d50d026ff5fddc142356\",\"weight\":1}],\"txGasLimit\":3000000000}\n","groupID":"group0","iniConfig":"","nodeList":[{"iniConfig":"{\"binaryInfo\":{\"buildTime\":\"20231120 09:26:49\",\"gitCommitHash\":\"773c82d4289698e0adf0321dd5c8ba0f3d4e9aea\",\"platform\":\"Linux/g++\",\"version\":\"3.5.0\"},\"chainID\":\"chain0\",\"gatewayServiceName\":\"\",\"groupID\":\"group0\",\"isAuthCheck\":false,\"isSerialExecute\":true,\"isWasm\":false,\"nodeID\":\"9982639b1e7971e5b6003f1b6b329d60b3fea30cbe21fa7475953e17c66aff849c3bd64a1757dea20b93ead390cb0e9b7ea0e5801a8ea63d24ba36dbff4f0b17\",\"nodeName\":\"9982639b1e7971e5b6003f1b6b329d60b3fea30cbe21fa7475953e17c66aff849c3bd64a1757dea20b93ead390cb0e9b7ea0e5801a8ea63d24ba36dbff4f0b17\",\"rpcServiceName\":\"\",\"smCryptoType\":false}\n","name":"9982639b1e7971e5b6003f1b6b329d60b3fea30cbe21fa7475953e17c66aff849c3bd64a1757dea20b93ead390cb0e9b7ea0e5801a8ea63d24ba36dbff4f0b17","protocol":{"compatibilityVersion":50659328,"maxSupportedVersion":2,"minSupportedVersion":0},"serviceInfo":[{"serviceName":"LedgerServiceObj","type":2},{"serviceName":"SchedulerServiceObj","type":3},{"serviceName":"FrontServiceObj","type":4},{"serviceName":"","type":6},{"serviceName":"","type":7},{"serviceName":"TxPoolServiceObj","type":8}],"type":0},{"iniConfig":"{\"binaryInfo\":{\"buildTime\":\"20231120 09:26:49\",\"gitCommitHash\":\"773c82d4289698e0adf0321dd5c8ba0f3d4e9aea\",\"platform\":\"Linux/g++\",\"version\":\"3.5.0\"},\"chainID\":\"chain0\",\"gatewayServiceName\":\"\",\"groupID\":\"group0\",\"isAuthCheck\":false,\"isSerialExecute\":true,\"isWasm\":false,\"nodeID\":\"aadc474cb133cb4f2c289add9bdc58bca1629e5706e1d0ac80ad0d71e81897293fcba5d8065f8ecf8fdb316422eb4548e81a30d55ff6d50d026ff5fddc142356\",\"nodeName\":\"aadc474cb133cb4f2c289add9bdc58bca1629e5706e1d0ac80ad0d71e81897293fcba5d8065f8ecf8fdb316422eb4548e81a30d55ff6d50d026ff5fddc142356\",\"rpcServiceName\":\"\",\"smCryptoType\":false}\n","name":"aadc474cb133cb4f2c289add9bdc58bca1629e5706e1d0ac80ad0d71e81897293fcba5d8065f8ecf8fdb316422eb4548e81a30d55ff6d50d026ff5fddc142356","protocol":{"compatibilityVersion":50659328,"maxSupportedVersion":2,"minSupportedVersion":0},"serviceInfo":[{"serviceName":"LedgerServiceObj","type":2},{"serviceName":"SchedulerServiceObj","type":3},{"serviceName":"FrontServiceObj","type":4},{"serviceName":"","type":6},{"serviceName":"","type":7},{"serviceName":"TxPoolServiceObj","type":8}],"type":0}],"smCryptoType":false,"wasm":false}}
info|2024-02-02 00:24:10.909969|[RPC][BLOCK][NUMBER][fromJson],group=group0,node=aadc474cb133cb4f2c289add9bdc58bca1629e5706e1d0ac80ad0d71e81897293fcba5d8065f8ecf8fdb316422eb4548e81a30d55ff6d50d026ff5fddc142356,blockNumber=212
info|2024-02-02 00:24:10.909969|[RPCWS][SERVICE][onRecvBlockNotifier]receive block number notifier,group=group0,node=aadc474cb133cb4f2c289add9bdc58bca1629e5706e1d0ac80ad0d71e81897293fcba5d8065f8ecf8fdb316422eb4548e81a30d55ff6d50d026ff5fddc142356,blockNumber=212
info|2024-02-02 00:24:10.909969|[RPCWS][SERVICE][updateGroupBlockNumber],groupID=group0,_blockNumber=212
info|2024-02-02 00:24:10.909969|[RPCWS][SERVICE][onRecvBlockNotifier]block notifier callback,group=group0,node=aadc474cb133cb4f2c289add9bdc58bca1629e5706e1d0ac80ad0d71e81897293fcba5d8065f8ecf8fdb316422eb4548e81a30d55ff6d50d026ff5fddc142356,blockNumber=212
info|2024-02-02 00:24:10.909969|[WS]receive block notify,endpoint=192.168.81.141:20200,blk={
	"blockNumber" : 212,
	"group" : "group0",
	"nodeName" : "aadc474cb133cb4f2c289add9bdc58bca1629e5706e1d0ac80ad0d71e81897293fcba5d8065f8ecf8fdb316422eb4548e81a30d55ff6d50d026ff5fddc142356"
}
info|2024-02-02 00:24:10.916475|[SDK][WS][SERVICE][start]websocket service is running
info|2024-02-02 00:24:10.921968|[RPC][BLOCK][NUMBER][fromJson],group=group0,node=9982639b1e7971e5b6003f1b6b329d60b3fea30cbe21fa7475953e17c66aff849c3bd64a1757dea20b93ead390cb0e9b7ea0e5801a8ea63d24ba36dbff4f0b17,blockNumber=212
info|2024-02-02 00:24:10.921968|[RPCWS][SERVICE][onRecvBlockNotifier]receive block number notifier,group=group0,node=9982639b1e7971e5b6003f1b6b329d60b3fea30cbe21fa7475953e17c66aff849c3bd64a1757dea20b93ead390cb0e9b7ea0e5801a8ea63d24ba36dbff4f0b17,blockNumber=212
info|2024-02-02 00:24:10.921968|[WS]receive block notify,endpoint=192.168.81.141:20201,blk={
	"blockNumber" : 212,
	"group" : "group0",
	"nodeName" : "9982639b1e7971e5b6003f1b6b329d60b3fea30cbe21fa7475953e17c66aff849c3bd64a1757dea20b93ead390cb0e9b7ea0e5801a8ea63d24ba36dbff4f0b17"
}
info|2024-02-02 00:24:11.017493|[RPCWS][SERVICE][waitForConnectionEstablish]wait for websocket connection handshake success,suc count=2
info|2024-02-02 00:24:11.017493|[RPC][IMPL][start]start rpc
info|2024-02-02 00:24:11.017493|[SDK][WS][SERVICE][start]websocket service is running
info|2024-02-02 00:24:11.125481|[RPCWS][SERVICE][waitForConnectionEstablish]wait for websocket connection handshake success,suc count=2
info|2024-02-02 00:24:11.125969|[AMOP][CLIENT][start]start amop
info|2024-02-02 00:24:11.125969|[EVENT][SUB][start]event sub is running
info|2024-02-02 00:24:11.125969|[SDK][WS][SERVICE][start]websocket service is running
info|2024-02-02 00:24:11.233969|[RPCWS][SERVICE][waitForConnectionEstablish]wait for websocket connection handshake success,suc count=2
info|2024-02-02 00:24:11.233969|[bcos_sdk_start],sdk=0000018F84B0C6A0
info|2024-02-02 00:24:11.233969|[RPCWS][SERVICE][getGroupInfo],count=2
info|2024-02-02 00:24:11.234469|[RPC][IMPL][getGroupInfo][get group info from cache],hitCache=true,response={"id":3,"jsonrpc":"2.0","result":{"chainID":"chain0","genesisConfig":"{\"blockTxCountLimit\":1000,\"consensusLeaderPeriod\":1,\"consensusType\":\"pbft\",\"sealerList\":[{\"nodeID\":\"39ed58e7d741e285fcd32475c962a1380cbd23c6cddb5aac7dbd65556c22ef9b52aeb57159fe29ceafb1e8af68b51141fa09b238a600ff7e92d1d08aee35c162\",\"weight\":1},{\"nodeID\":\"778b9202ede63f4ba6bfb2fbaf69891ecf9d481506e3469275ffe70d7f980959ca9a85131fac70e32cbb077bdfeeec7eedc087e4e4c5cecf6bf840fdcc6a7dac\",\"weight\":1},{\"nodeID\":\"9982639b1e7971e5b6003f1b6b329d60b3fea30cbe21fa7475953e17c66aff849c3bd64a1757dea20b93ead390cb0e9b7ea0e5801a8ea63d24ba36dbff4f0b17\",\"weight\":1},{\"nodeID\":\"aadc474cb133cb4f2c289add9bdc58bca1629e5706e1d0ac80ad0d71e81897293fcba5d8065f8ecf8fdb316422eb4548e81a30d55ff6d50d026ff5fddc142356\",\"weight\":1}],\"txGasLimit\":3000000000}\n","groupID":"group0","iniConfig":"","nodeList":[{"iniConfig":"{\"binaryInfo\":{\"buildTime\":\"20231120 09:26:49\",\"gitCommitHash\":\"773c82d4289698e0adf0321dd5c8ba0f3d4e9aea\",\"platform\":\"Linux/g++\",\"version\":\"3.5.0\"},\"chainID\":\"chain0\",\"gatewayServiceName\":\"\",\"groupID\":\"group0\",\"isAuthCheck\":false,\"isSerialExecute\":true,\"isWasm\":false,\"nodeID\":\"9982639b1e7971e5b6003f1b6b329d60b3fea30cbe21fa7475953e17c66aff849c3bd64a1757dea20b93ead390cb0e9b7ea0e5801a8ea63d24ba36dbff4f0b17\",\"nodeName\":\"9982639b1e7971e5b6003f1b6b329d60b3fea30cbe21fa7475953e17c66aff849c3bd64a1757dea20b93ead390cb0e9b7ea0e5801a8ea63d24ba36dbff4f0b17\",\"rpcServiceName\":\"\",\"smCryptoType\":false}\n","name":"9982639b1e7971e5b6003f1b6b329d60b3fea30cbe21fa7475953e17c66aff849c3bd64a1757dea20b93ead390cb0e9b7ea0e5801a8ea63d24ba36dbff4f0b17","protocol":{"compatibilityVersion":50659328,"maxSupportedVersion":2,"minSupportedVersion":0},"serviceInfo":[{"serviceName":"LedgerServiceObj","type":2},{"serviceName":"SchedulerServiceObj","type":3},{"serviceName":"FrontServiceObj","type":4},{"serviceName":"","type":6},{"serviceName":"","type":7},{"serviceName":"TxPoolServiceObj","type":8}],"type":0},{"iniConfig":"{\"binaryInfo\":{\"buildTime\":\"20231120 09:26:49\",\"gitCommitHash\":\"773c82d4289698e0adf0321dd5c8ba0f3d4e9aea\",\"platform\":\"Linux/g++\",\"version\":\"3.5.0\"},\"chainID\":\"chain0\",\"gatewayServiceName\":\"\",\"groupID\":\"group0\",\"isAuthCheck\":false,\"isSerialExecute\":true,\"isWasm\":false,\"nodeID\":\"aadc474cb133cb4f2c289add9bdc58bca1629e5706e1d0ac80ad0d71e81897293fcba5d8065f8ecf8fdb316422eb4548e81a30d55ff6d50d026ff5fddc142356\",\"nodeName\":\"aadc474cb133cb4f2c289add9bdc58bca1629e5706e1d0ac80ad0d71e81897293fcba5d8065f8ecf8fdb316422eb4548e81a30d55ff6d50d026ff5fddc142356\",\"rpcServiceName\":\"\",\"smCryptoType\":false}\n","name":"aadc474cb133cb4f2c289add9bdc58bca1629e5706e1d0ac80ad0d71e81897293fcba5d8065f8ecf8fdb316422eb4548e81a30d55ff6d50d026ff5fddc142356","protocol":{"compatibilityVersion":50659328,"maxSupportedVersion":2,"minSupportedVersion":0},"serviceInfo":[{"serviceName":"LedgerServiceObj","type":2},{"serviceName":"SchedulerServiceObj","type":3},{"serviceName":"FrontServiceObj","type":4},{"serviceName":"","type":6},{"serviceName":"","type":7},{"serviceName":"TxPoolServiceObj","type":8}],"type":0}],"smCryptoType":false,"wasm":false}}
info|2024-02-02 00:24:11.418475|[RPC][BLOCK][NUMBER][fromJson],group=group0,node=9982639b1e7971e5b6003f1b6b329d60b3fea30cbe21fa7475953e17c66aff849c3bd64a1757dea20b93ead390cb0e9b7ea0e5801a8ea63d24ba36dbff4f0b17,blockNumber=213
info|2024-02-02 00:24:11.418475|[RPCWS][SERVICE][onRecvBlockNotifier]receive block number notifier,group=group0,node=9982639b1e7971e5b6003f1b6b329d60b3fea30cbe21fa7475953e17c66aff849c3bd64a1757dea20b93ead390cb0e9b7ea0e5801a8ea63d24ba36dbff4f0b17,blockNumber=213
info|2024-02-02 00:24:11.418475|[RPCWS][SERVICE][updateGroupBlockNumber],groupID=group0,_blockNumber=213
info|2024-02-02 00:24:11.418475|[RPCWS][SERVICE][onRecvBlockNotifier]block notifier callback,group=group0,node=9982639b1e7971e5b6003f1b6b329d60b3fea30cbe21fa7475953e17c66aff849c3bd64a1757dea20b93ead390cb0e9b7ea0e5801a8ea63d24ba36dbff4f0b17,blockNumber=213
info|2024-02-02 00:24:11.418475|[WS]receive block notify,endpoint=192.168.81.141:20201,blk={
	"blockNumber" : 213,
	"group" : "group0",
	"nodeName" : "9982639b1e7971e5b6003f1b6b329d60b3fea30cbe21fa7475953e17c66aff849c3bd64a1757dea20b93ead390cb0e9b7ea0e5801a8ea63d24ba36dbff4f0b17"
}
info|2024-02-02 00:24:11.419475|[RPC][BLOCK][NUMBER][fromJson],group=group0,node=aadc474cb133cb4f2c289add9bdc58bca1629e5706e1d0ac80ad0d71e81897293fcba5d8065f8ecf8fdb316422eb4548e81a30d55ff6d50d026ff5fddc142356,blockNumber=213
info|2024-02-02 00:24:11.419475|[RPCWS][SERVICE][onRecvBlockNotifier]receive block number notifier,group=group0,node=aadc474cb133cb4f2c289add9bdc58bca1629e5706e1d0ac80ad0d71e81897293fcba5d8065f8ecf8fdb316422eb4548e81a30d55ff6d50d026ff5fddc142356,blockNumber=213
info|2024-02-02 00:24:11.419475|[WS]receive block notify,endpoint=192.168.81.141:20200,blk={
	"blockNumber" : 213,
	"group" : "group0",
	"nodeName" : "aadc474cb133cb4f2c289add9bdc58bca1629e5706e1d0ac80ad0d71e81897293fcba5d8065f8ecf8fdb316422eb4548e81a30d55ff6d50d026ff5fddc142356"
}
info|2024-02-02 00:24:25.417877|[SDK][WS][SERVICE]connected nodes,count=2
info|2024-02-02 00:24:25.743653|[EVENT][SUB][doLoop]event sub tasks report,working event sub count=0,suspend event sub count=0
info|2024-02-02 00:24:45.449290|[SDK][WS][SERVICE]connected nodes,count=2
info|2024-02-02 00:24:45.767789|[EVENT][SUB][doLoop]event sub tasks report,working event sub count=0,suspend event sub count=0
info|2024-02-02 00:25:05.462536|[SDK][WS][SERVICE]connected nodes,count=2
info|2024-02-02 00:25:05.772789|[EVENT][SUB][doLoop]event sub tasks report,working event sub count=0,suspend event sub count=0
info|2024-02-02 00:25:25.477875|[SDK][WS][SERVICE]connected nodes,count=2
info|2024-02-02 00:25:25.788150|[EVENT][SUB][doLoop]event sub tasks report,working event sub count=0,suspend event sub count=0
info|2024-02-02 00:25:45.479788|[SDK][WS][SERVICE]connected nodes,count=2
info|2024-02-02 00:25:45.789532|[EVENT][SUB][doLoop]event sub tasks report,working event sub count=0,suspend event sub count=0
info|2024-02-02 00:26:05.491220|[SDK][WS][SERVICE]connected nodes,count=2
info|2024-02-02 00:26:05.801480|[EVENT][SUB][doLoop]event sub tasks report,working event sub count=0,suspend event sub count=0
info|2024-02-02 00:26:25.493163|[SDK][WS][SERVICE]connected nodes,count=2
info|2024-02-02 00:26:25.803195|[EVENT][SUB][doLoop]event sub tasks report,working event sub count=0,suspend event sub count=0
info|2024-02-02 00:26:45.508606|[SDK][WS][SERVICE]connected nodes,count=2
info|2024-02-02 00:26:45.818587|[EVENT][SUB][doLoop]event sub tasks report,working event sub count=0,suspend event sub count=0
info|2024-02-02 00:27:05.522971|[SDK][WS][SERVICE]connected nodes,count=2
info|2024-02-02 00:27:05.833163|[EVENT][SUB][doLoop]event sub tasks report,working event sub count=0,suspend event sub count=0
info|2024-02-02 00:27:25.533996|[SDK][WS][SERVICE]connected nodes,count=2
info|2024-02-02 00:27:25.844013|[EVENT][SUB][doLoop]event sub tasks report,working event sub count=0,suspend event sub count=0
info|2024-02-02 00:27:45.568591|[SDK][WS][SERVICE]connected nodes,count=2
info|2024-02-02 00:27:45.857093|[EVENT][SUB][doLoop]event sub tasks report,working event sub count=0,suspend event sub count=0
info|2024-02-02 00:28:05.573692|[SDK][WS][SERVICE]connected nodes,count=2
info|2024-02-02 00:28:05.868209|[EVENT][SUB][doLoop]event sub tasks report,working event sub count=0,suspend event sub count=0
info|2024-02-02 00:28:25.582720|[SDK][WS][SERVICE]connected nodes,count=2
info|2024-02-02 00:28:25.877388|[EVENT][SUB][doLoop]event sub tasks report,working event sub count=0,suspend event sub count=0
info|2024-02-02 00:28:45.723524|[SDK][WS][SERVICE]connected nodes,count=2
info|2024-02-02 00:28:45.951024|[EVENT][SUB][doLoop]event sub tasks report,working event sub count=0,suspend event sub count=0
info|2024-02-02 00:29:05.728676|[SDK][WS][SERVICE]connected nodes,count=2
info|2024-02-02 00:29:05.957679|[EVENT][SUB][doLoop]event sub tasks report,working event sub count=0,suspend event sub count=0
info|2024-02-02 00:29:25.734698|[SDK][WS][SERVICE]connected nodes,count=2
info|2024-02-02 00:29:25.967245|[EVENT][SUB][doLoop]event sub tasks report,working event sub count=0,suspend event sub count=0
info|2024-02-02 00:29:45.837973|[SDK][WS][SERVICE]connected nodes,count=2
info|2024-02-02 00:29:45.988575|[EVENT][SUB][doLoop]event sub tasks report,working event sub count=0,suspend event sub count=0
info|2024-02-02 00:30:05.847824|[SDK][WS][SERVICE]connected nodes,count=2
info|2024-02-02 00:30:06.008823|[EVENT][SUB][doLoop]event sub tasks report,working event sub count=0,suspend event sub count=0
info|2024-02-02 00:30:25.857765|[SDK][WS][SERVICE]connected nodes,count=2
info|2024-02-02 00:30:26.012736|[EVENT][SUB][doLoop]event sub tasks report,working event sub count=0,suspend event sub count=0
info|2024-02-02 00:30:45.868917|[SDK][WS][SERVICE]connected nodes,count=2
info|2024-02-02 00:30:46.023994|[EVENT][SUB][doLoop]event sub tasks report,working event sub count=0,suspend event sub count=0
info|2024-02-02 00:31:05.891063|[SDK][WS][SERVICE]connected nodes,count=2
info|2024-02-02 00:31:06.357064|[EVENT][SUB][doLoop]event sub tasks report,working event sub count=0,suspend event sub count=0
info|2024-02-02 00:31:25.906332|[SDK][WS][SERVICE]connected nodes,count=2
info|2024-02-02 00:31:26.406666|[EVENT][SUB][doLoop]event sub tasks report,working event sub count=0,suspend event sub count=0
info|2024-02-02 00:31:45.917727|[SDK][WS][SERVICE]connected nodes,count=2
info|2024-02-02 00:31:46.412548|[EVENT][SUB][doLoop]event sub tasks report,working event sub count=0,suspend event sub count=0
info|2024-02-02 00:32:05.924810|[SDK][WS][SERVICE]connected nodes,count=2
info|2024-02-02 00:32:06.420401|[EVENT][SUB][doLoop]event sub tasks report,working event sub count=0,suspend event sub count=0
info|2024-02-02 00:32:25.953975|[SDK][WS][SERVICE]connected nodes,count=2
info|2024-02-02 00:32:26.430022|[EVENT][SUB][doLoop]event sub tasks report,working event sub count=0,suspend event sub count=0
info|2024-02-02 00:32:45.961457|[SDK][WS][SERVICE]connected nodes,count=2
info|2024-02-02 00:32:46.441730|[EVENT][SUB][doLoop]event sub tasks report,working event sub count=0,suspend event sub count=0
info|2024-02-02 00:33:05.978995|[SDK][WS][SERVICE]connected nodes,count=2
info|2024-02-02 00:33:06.441995|[EVENT][SUB][doLoop]event sub tasks report,working event sub count=0,suspend event sub count=0
info|2024-02-02 00:33:25.987758|[SDK][WS][SERVICE]connected nodes,count=2
info|2024-02-02 00:33:26.452792|[EVENT][SUB][doLoop]event sub tasks report,working event sub count=0,suspend event sub count=0
