info|2024-02-04 15:43:35.749184|[SDK][WS][SERVICE],[NEWOBJ][WsService]=0000019F3E11BA20
info|2024-02-04 15:43:35.749184|[RPCWS][SERVICE]init the local protocol,minVersion=1,maxVersion=1,module=2
info|2024-02-04 15:43:35.752112|[DEFAULT][WS][INITIALIZER][initWsService]start websocket service as client,connected size=2
info|2024-02-04 15:43:35.752112|[DEFAULT][WS][INITIALIZER][initWsService]initializer for websocket service,listenIP=,listenPort=0,disableSsl=false,server=false,client=true,threadPoolSize=8,maxMsgSize=33554432,msgTimeOut=-1,connected peers=2
info|2024-02-04 15:43:35.752112|[bcos_sdk_create][NEWOBJ],sdk=0000019F40681A70
info|2024-02-04 15:43:37.068457|[DEFAULT][WS][CONNECTOR][connectToWsServer]async_connect success,endpoint=212.64.16.142:20200
info|2024-02-04 15:43:37.068457|[DEFAULT][WS][CONNECTOR][connectToWsServer]async_connect success,endpoint=212.64.16.142:20201
info|2024-02-04 15:43:37.068457|[DEFAULT][WS][STREAM],[NEWOBJ][WsStream]=0000019F40F8E2C0
info|2024-02-04 15:43:37.068457|[DEFAULT][WS][STREAM],[NEWOBJ][WsStream]=0000019F411767D0
info|2024-02-04 15:43:37.099679|[DEFAULT][BOOSTSSL][NODEINFO][NEW]SSLContext pubHex: 3082010a0282010100bae646023f74d7b34090780bb49c5159d516b483ee7a23bf1a9461905ea4d344486dfa8d1e72f316dad949d7f581bc3b295089248919b4b1ce7c71426aa4e29ed36bf256726385674e036344f2ecb2a24d06065402f7cd822a6f9fdb53f37e4707eff93b362ac8217a14fce2b1ed7694caa05db2c8d93f0007dce6af402f37eb6f1b61774c02c01d8b7d49ef0b76dc410475fde3a5165e9299f954ac1638e7e7ac40f31e531d12d9ed820bf62ffca7e6c553b6466675b8a0fd02d7d578e13a22bb02a4f87f5d1f8d24a1f3900a806915a9c62d5b16f718dec9297cd9d46b3ab3ee2dc388b8535571bd3893f18c4d13eaecf0bdb4d62b4e2213f94b275ab6b2a90203010001
info|2024-02-04 15:43:37.099679|[DEFAULT][BOOSTSSL][NODEINFO][NEW]SSLContext pubHex: 3082010a0282010100bae646023f74d7b34090780bb49c5159d516b483ee7a23bf1a9461905ea4d344486dfa8d1e72f316dad949d7f581bc3b295089248919b4b1ce7c71426aa4e29ed36bf256726385674e036344f2ecb2a24d06065402f7cd822a6f9fdb53f37e4707eff93b362ac8217a14fce2b1ed7694caa05db2c8d93f0007dce6af402f37eb6f1b61774c02c01d8b7d49ef0b76dc410475fde3a5165e9299f954ac1638e7e7ac40f31e531d12d9ed820bf62ffca7e6c553b6466675b8a0fd02d7d578e13a22bb02a4f87f5d1f8d24a1f3900a806915a9c62d5b16f718dec9297cd9d46b3ab3ee2dc388b8535571bd3893f18c4d13eaecf0bdb4d62b4e2213f94b275ab6b2a90203010001
warning|2024-02-04 15:43:37.099679|[DEFAULT][BOOSTSSL][NODEINFO]Get ca basic failed
warning|2024-02-04 15:43:37.099679|[DEFAULT][BOOSTSSL][NODEINFO]Get ca basic failed
info|2024-02-04 15:43:37.099679|[DEFAULT][BOOSTSSL][NODEINFO][NEW]SSLContext pubHex: 3082010a0282010100ec2cfa195b7e79d4b3e65192cfee0d70561854264fa5a0c4a1ceea113ced4032f6b8770b147e4722e957569316bf61123b1ef57814943d52fb42a96787ef6b33c730d3c3c787b4e2c18d7f41b0d11a558b329538a1e81ca1c009bffa3b14f51e6cf8c6c73ea5ed1250941d6f9aae95173c57afbf7be6b87d3a98fa25294ae0955d936ea5492f4b161ef9fe2515b97d7add57cb74260bd0ad3b60e3cc949635e2a36f69776e57459f9275c2680ba7b951670c647f1af8565e7955cb8c4113d3c521f17e725c1ed878b3f2df0c89ff50d26056da006ea2f198169ae6de8178d36ccf3e261b3d774d86029e29779841ad5938847010056099041288f1ddbbb75dd50203010001
info|2024-02-04 15:43:37.099679|[DEFAULT][BOOSTSSL][NODEINFO][NEW]SSLContext pubHex: 3082010a0282010100d560d40e64f8ef80a7a5f486de4aa292feeb997462296000f165af3c64a97c22aeec4273dddbe9dbcc959967b78f64ac19d5bd4ac945759f44c8695287de3d5428d0c992fe159b958cbca32f0b6f10490195257b3e6ad1d95c1427f532985bd8d61d3e6eca5ff7e2af9b86db11b0d015a0de9a49e985552c6424cc5c84e62ed5bd018cfbc0030c5dd2199164ebe1b3cd2a049bbb7a231899235400dd35e9331ec5b5e972142f7cfc99b991a68f6be36835be31df92c9081d81b9d26b6ac7e8f41c883d779fae271248742b119ef938fef1cf28f9a80667dc5b5c4a9e80fc1ffbed4811d4acd63b3e3955add23eb91ff3cbd9cb99737e7f5ed2e1de555b04226d0203010001
info|2024-02-04 15:43:37.139292|[DEFAULT][WS][CONNECTOR][connectToWsServer]ssl async_handshake success,host=212.64.16.142,port=20201
info|2024-02-04 15:43:37.139292|[DEFAULT][WS][CONNECTOR][connectToWsServer]ssl async_handshake success,host=212.64.16.142,port=20200
info|2024-02-04 15:43:37.165308|[DEFAULT][WS][CONNECTOR][connectToWsServer]websocket handshake successfully,host=212.64.16.142,port=20201
info|2024-02-04 15:43:37.165308|[DEFAULT][WS][CONNECTOR][connectToWsServer]websocket handshake successfully,host=212.64.16.142,port=20200
info|2024-02-04 15:43:37.166321|[SDK][WS][SESSION],[NEWOBJ][WSSESSION]=0000019F4107EA50
info|2024-02-04 15:43:37.166321|[SDK][WS][SERVICE][newSession]start the session,endPoint=212.64.16.142:20201
info|2024-02-04 15:43:37.166321|[SDK][WS][SESSION],[NEWOBJ][WSSESSION]=0000019F4107E270
info|2024-02-04 15:43:37.166321|[SDK][WS][SERVICE][newSession]start the session,endPoint=212.64.16.142:20200
info|2024-02-04 15:43:37.166321|[SDK][WS][SERVICE][addSession]add session to mapping,connectedEndPoint=212.64.16.142:20201,endPoint=212.64.16.142:20201,result=true
info|2024-02-04 15:43:37.166321|[SDK][WS][SERVICE][addSession]add session to mapping,connectedEndPoint=212.64.16.142:20200,endPoint=212.64.16.142:20200,result=true
info|2024-02-04 15:43:37.166321|[SDK][WS][SERVICE][onConnect],endpoint=212.64.16.142:20201,connectedEndPoint=212.64.16.142:20201,refCount=6
info|2024-02-04 15:43:37.166321|[SDK][WS][SERVICE][onConnect],endpoint=212.64.16.142:20200,connectedEndPoint=212.64.16.142:20200,refCount=6
info|2024-02-04 15:43:37.166321|[RPCWS][SERVICE][startHandshake],endpoint=212.64.16.142:20201
info|2024-02-04 15:43:37.166321|[RPCWS][SERVICE][startHandshake],endpoint=212.64.16.142:20200
info|2024-02-04 15:43:37.166321|[SDK][WS][SERVICE]connected nodes,count=2
info|2024-02-04 15:43:37.166321|[SDK][WS][SERVICE][start]start websocket service successfully,model=1,max msg size=33554432
info|2024-02-04 15:43:37.167318|[SDK][WS][SESSION][startAsClient]websocket handshake successfully,endPoint=212.64.16.142:20200,session=0000019F4107E270
info|2024-02-04 15:43:37.167318|[SDK][WS][SESSION][startAsClient]websocket handshake successfully,endPoint=212.64.16.142:20201,session=0000019F4107EA50
info|2024-02-04 15:43:37.198159|[RPCWS][SERVICE][fromJson] new group info,groupInfo=,group=group0,chain=chain0,nodeSize=1
info|2024-02-04 15:43:37.198159|[RPCWS][SERVICE][fromJson]parser protocol version,protocolVersion=1,groupInfoList size=1,groupBlockNumber size=1
info|2024-02-04 15:43:37.198159|[RPCWS][SERVICE][updateGroupInfoByEp],endPoint=212.64.16.142:20201,group=group0,chainID=chain0,genesisConfig={"blockTxCountLimit":1000,"consensusLeaderPeriod":1,"consensusType":"pbft","sealerList":[{"nodeID":"2ef4e14124bf8d1aaeea7a7ff5c86afb3df8d78de1d50ffd0a0ac2bfc2ade745bdfeada7c1966da91f60aa2ddcd1e2f2bb2be2c9db906248631bf0aaa5acd20f","weight":1},{"nodeID":"7b5537bc68d67acbe37a10460a88a3b480a7b4b545355df12ea8748e07d16d4267f4a29960ab62c8adc38acc8526a8c2553073c85ef30ba534d48b66eaa7c704","weight":1},{"nodeID":"aa3876f42d91c2ee4c6d4ffb786c09a5f647a1f6cbadf45b6e6a3496a5794d67d6b0e5606e10b28eda14061c438b7b8af46ee93f093c082716f951b43a384744","weight":1},{"nodeID":"fbb889492fff55facd685abf2e616fc71685740a1d58aac8075943cf2c3f7f48c4bc4e87b7100671ab6611b81f42bf1597f7adff1c0791fb527b82fa08af2c08","weight":1}],"txGasLimit":3000000000}
,iniConfig=,nodesNum=1
info|2024-02-04 15:43:37.198159|[RPCWS][SERVICE][updateGroupInfo],endPoint=212.64.16.142:20201,group=group0,chainID=chain0,nodesNum=1
info|2024-02-04 15:43:37.198159|[RPCWS][SERVICE][clearGroupInfoByEp],endPoint=212.64.16.142:20201,group=group0
info|2024-02-04 15:43:37.198159|[RPCWS][SERVICE][printGroupInfo],total count=1
info|2024-02-04 15:43:37.198159|[RPCWS][SERVICE][printGroupInfo]group list,group=group0,count=1
info|2024-02-04 15:43:37.198159|[RPCWS][SERVICE][printGroupInfo]node list,group=group0,node=7b5537bc68d67acbe37a10460a88a3b480a7b4b545355df12ea8748e07d16d4267f4a29960ab62c8adc38acc8526a8c2553073c85ef30ba534d48b66eaa7c704,count=1
info|2024-02-04 15:43:37.199095|[RPCWS][SERVICE][updateGroupBlockNumber],groupID=group0,_blockNumber=40
info|2024-02-04 15:43:37.199095|[AMOP][CLIENT][updateTopicsToRemote]send subscribe message to server,endpoint=212.64.16.142:20201,topics={"topics":[]}
info|2024-02-04 15:43:37.199095|[RPCWS][SERVICE][startHandshake]handshake successfully,endPoint=212.64.16.142:20201,handshake version=1,groupInfoList size=1,groupBlockNumber size=1,handshake string={"groupBlockNumber":[{"group0":40}],"groupInfoList":[{"chainID":"chain0","genesisConfig":"{\"blockTxCountLimit\":1000,\"consensusLeaderPeriod\":1,\"consensusType\":\"pbft\",\"sealerList\":[{\"nodeID\":\"2ef4e14124bf8d1aaeea7a7ff5c86afb3df8d78de1d50ffd0a0ac2bfc2ade745bdfeada7c1966da91f60aa2ddcd1e2f2bb2be2c9db906248631bf0aaa5acd20f\",\"weight\":1},{\"nodeID\":\"7b5537bc68d67acbe37a10460a88a3b480a7b4b545355df12ea8748e07d16d4267f4a29960ab62c8adc38acc8526a8c2553073c85ef30ba534d48b66eaa7c704\",\"weight\":1},{\"nodeID\":\"aa3876f42d91c2ee4c6d4ffb786c09a5f647a1f6cbadf45b6e6a3496a5794d67d6b0e5606e10b28eda14061c438b7b8af46ee93f093c082716f951b43a384744\",\"weight\":1},{\"nodeID\":\"fbb889492fff55facd685abf2e616fc71685740a1d58aac8075943cf2c3f7f48c4bc4e87b7100671ab6611b81f42bf1597f7adff1c0791fb527b82fa08af2c08\",\"weight\":1}],\"txGasLimit\":3000000000}\n","groupID":"group0","iniConfig":"","nodeList":[{"iniConfig":"{\"binaryInfo\":{\"buildTime\":\"20231120 09:26:49\",\"gitCommitHash\":\"773c82d4289698e0adf0321dd5c8ba0f3d4e9aea\",\"platform\":\"Linux/g++\",\"version\":\"3.5.0\"},\"chainID\":\"chain0\",\"gatewayServiceName\":\"\",\"groupID\":\"group0\",\"isAuthCheck\":false,\"isSerialExecute\":true,\"isWasm\":false,\"nodeID\":\"7b5537bc68d67acbe37a10460a88a3b480a7b4b545355df12ea8748e07d16d4267f4a29960ab62c8adc38acc8526a8c2553073c85ef30ba534d48b66eaa7c704\",\"nodeName\":\"7b5537bc68d67acbe37a10460a88a3b480a7b4b545355df12ea8748e07d16d4267f4a29960ab62c8adc38acc8526a8c2553073c85ef30ba534d48b66eaa7c704\",\"rpcServiceName\":\"\",\"smCryptoType\":false}\n","microService":false,"name":"7b5537bc68d67acbe37a10460a88a3b480a7b4b545355df12ea8748e07d16d4267f4a29960ab62c8adc38acc8526a8c2553073c85ef30ba534d48b66eaa7c704","nodeID":"7b5537bc68d67acbe37a10460a88a3b480a7b4b545355df12ea8748e07d16d4267f4a29960ab62c8adc38acc8526a8c2553073c85ef30ba534d48b66eaa7c704","protocol":{"compatibilityVersion":50659328,"maxSupportedVersion":2,"minSupportedVersion":0},"serviceInfo":[{"serviceName":"LedgerServiceObj","type":2},{"serviceName":"SchedulerServiceObj","type":3},{"serviceName":"FrontServiceObj","type":4},{"serviceName":"","type":6},{"serviceName":"","type":7},{"serviceName":"TxPoolServiceObj","type":8}],"type":0}]}],"protocolVersion":1}
info|2024-02-04 15:43:37.276314|[RPCWS][SERVICE][waitForConnectionEstablish]wait for websocket connection handshake success,suc count=1
info|2024-02-04 15:43:37.276314|[RPC][IMPL][start]start rpc
info|2024-02-04 15:43:37.276314|[SDK][WS][SERVICE][start]websocket service is running
info|2024-02-04 15:43:37.283314|[RPCWS][SERVICE][fromJson] new group info,groupInfo=,group=group0,chain=chain0,nodeSize=1
info|2024-02-04 15:43:37.283314|[RPCWS][SERVICE][fromJson]parser protocol version,protocolVersion=1,groupInfoList size=1,groupBlockNumber size=1
info|2024-02-04 15:43:37.283314|[RPCWS][SERVICE][updateGroupInfoByEp],endPoint=212.64.16.142:20200,group=group0,chainID=chain0,genesisConfig={"blockTxCountLimit":1000,"consensusLeaderPeriod":1,"consensusType":"pbft","sealerList":[{"nodeID":"2ef4e14124bf8d1aaeea7a7ff5c86afb3df8d78de1d50ffd0a0ac2bfc2ade745bdfeada7c1966da91f60aa2ddcd1e2f2bb2be2c9db906248631bf0aaa5acd20f","weight":1},{"nodeID":"7b5537bc68d67acbe37a10460a88a3b480a7b4b545355df12ea8748e07d16d4267f4a29960ab62c8adc38acc8526a8c2553073c85ef30ba534d48b66eaa7c704","weight":1},{"nodeID":"aa3876f42d91c2ee4c6d4ffb786c09a5f647a1f6cbadf45b6e6a3496a5794d67d6b0e5606e10b28eda14061c438b7b8af46ee93f093c082716f951b43a384744","weight":1},{"nodeID":"fbb889492fff55facd685abf2e616fc71685740a1d58aac8075943cf2c3f7f48c4bc4e87b7100671ab6611b81f42bf1597f7adff1c0791fb527b82fa08af2c08","weight":1}],"txGasLimit":3000000000}
,iniConfig=,nodesNum=1
info|2024-02-04 15:43:37.283314|[RPCWS][SERVICE][updateGroupInfo],endPoint=212.64.16.142:20200,group=group0,chainID=chain0,nodesNum=1
info|2024-02-04 15:43:37.283314|[RPCWS][SERVICE][clearGroupInfoByEp],endPoint=212.64.16.142:20200,group=group0
info|2024-02-04 15:43:37.283314|[RPCWS][SERVICE][printGroupInfo],total count=1
info|2024-02-04 15:43:37.283314|[RPCWS][SERVICE][printGroupInfo]group list,group=group0,count=2
info|2024-02-04 15:43:37.283314|[RPCWS][SERVICE][printGroupInfo]node list,group=group0,node=7b5537bc68d67acbe37a10460a88a3b480a7b4b545355df12ea8748e07d16d4267f4a29960ab62c8adc38acc8526a8c2553073c85ef30ba534d48b66eaa7c704,count=1
info|2024-02-04 15:43:37.283314|[RPCWS][SERVICE][printGroupInfo]node list,group=group0,node=fbb889492fff55facd685abf2e616fc71685740a1d58aac8075943cf2c3f7f48c4bc4e87b7100671ab6611b81f42bf1597f7adff1c0791fb527b82fa08af2c08,count=1
info|2024-02-04 15:43:37.283314|[AMOP][CLIENT][updateTopicsToRemote]send subscribe message to server,endpoint=212.64.16.142:20200,topics={"topics":[]}
info|2024-02-04 15:43:37.283314|[RPCWS][SERVICE][startHandshake]handshake successfully,endPoint=212.64.16.142:20200,handshake version=1,groupInfoList size=1,groupBlockNumber size=1,handshake string={"groupBlockNumber":[{"group0":40}],"groupInfoList":[{"chainID":"chain0","genesisConfig":"{\"blockTxCountLimit\":1000,\"consensusLeaderPeriod\":1,\"consensusType\":\"pbft\",\"sealerList\":[{\"nodeID\":\"2ef4e14124bf8d1aaeea7a7ff5c86afb3df8d78de1d50ffd0a0ac2bfc2ade745bdfeada7c1966da91f60aa2ddcd1e2f2bb2be2c9db906248631bf0aaa5acd20f\",\"weight\":1},{\"nodeID\":\"7b5537bc68d67acbe37a10460a88a3b480a7b4b545355df12ea8748e07d16d4267f4a29960ab62c8adc38acc8526a8c2553073c85ef30ba534d48b66eaa7c704\",\"weight\":1},{\"nodeID\":\"aa3876f42d91c2ee4c6d4ffb786c09a5f647a1f6cbadf45b6e6a3496a5794d67d6b0e5606e10b28eda14061c438b7b8af46ee93f093c082716f951b43a384744\",\"weight\":1},{\"nodeID\":\"fbb889492fff55facd685abf2e616fc71685740a1d58aac8075943cf2c3f7f48c4bc4e87b7100671ab6611b81f42bf1597f7adff1c0791fb527b82fa08af2c08\",\"weight\":1}],\"txGasLimit\":3000000000}\n","groupID":"group0","iniConfig":"","nodeList":[{"iniConfig":"{\"binaryInfo\":{\"buildTime\":\"20231120 09:26:49\",\"gitCommitHash\":\"773c82d4289698e0adf0321dd5c8ba0f3d4e9aea\",\"platform\":\"Linux/g++\",\"version\":\"3.5.0\"},\"chainID\":\"chain0\",\"gatewayServiceName\":\"\",\"groupID\":\"group0\",\"isAuthCheck\":false,\"isSerialExecute\":true,\"isWasm\":false,\"nodeID\":\"fbb889492fff55facd685abf2e616fc71685740a1d58aac8075943cf2c3f7f48c4bc4e87b7100671ab6611b81f42bf1597f7adff1c0791fb527b82fa08af2c08\",\"nodeName\":\"fbb889492fff55facd685abf2e616fc71685740a1d58aac8075943cf2c3f7f48c4bc4e87b7100671ab6611b81f42bf1597f7adff1c0791fb527b82fa08af2c08\",\"rpcServiceName\":\"\",\"smCryptoType\":false}\n","microService":false,"name":"fbb889492fff55facd685abf2e616fc71685740a1d58aac8075943cf2c3f7f48c4bc4e87b7100671ab6611b81f42bf1597f7adff1c0791fb527b82fa08af2c08","nodeID":"fbb889492fff55facd685abf2e616fc71685740a1d58aac8075943cf2c3f7f48c4bc4e87b7100671ab6611b81f42bf1597f7adff1c0791fb527b82fa08af2c08","protocol":{"compatibilityVersion":50659328,"maxSupportedVersion":2,"minSupportedVersion":0},"serviceInfo":[{"serviceName":"LedgerServiceObj","type":2},{"serviceName":"SchedulerServiceObj","type":3},{"serviceName":"FrontServiceObj","type":4},{"serviceName":"","type":6},{"serviceName":"","type":7},{"serviceName":"TxPoolServiceObj","type":8}],"type":0}]}],"protocolVersion":1}
info|2024-02-04 15:43:37.386497|[RPCWS][SERVICE][waitForConnectionEstablish]wait for websocket connection handshake success,suc count=2
info|2024-02-04 15:43:37.386497|[AMOP][CLIENT][start]start amop
info|2024-02-04 15:43:37.386497|[SDK][WS][SERVICE][start]websocket service is running
info|2024-02-04 15:43:37.496178|[RPCWS][SERVICE][waitForConnectionEstablish]wait for websocket connection handshake success,suc count=2
info|2024-02-04 15:43:37.496178|[EVENT][SUB][start]start event sub successfully,sendMsgTimeout=-1,reconnectPeriod=20000
info|2024-02-04 15:43:37.496178|[SDK][WS][SERVICE][start]websocket service is running
info|2024-02-04 15:43:37.604164|[RPCWS][SERVICE][waitForConnectionEstablish]wait for websocket connection handshake success,suc count=2
info|2024-02-04 15:43:37.604164|[bcos_sdk_start],sdk=0000019F40681A70
info|2024-02-04 15:43:37.606176|[findClass]add class to cache,fullClassName=org/fisco/bcos/sdk/jni/common/Response
info|2024-02-04 15:43:37.606176|[RPCWS][SERVICE][getGroupInfo],count=2
info|2024-02-04 15:43:37.609285|[RPC][IMPL][getGroupInfo][get group info from cache],hitCache=true,response={"id":1,"jsonrpc":"2.0","result":{"chainID":"chain0","genesisConfig":"{\"blockTxCountLimit\":1000,\"consensusLeaderPeriod\":1,\"consensusType\":\"pbft\",\"sealerList\":[{\"nodeID\":\"2ef4e14124bf8d1aaeea7a7ff5c86afb3df8d78de1d50ffd0a0ac2bfc2ade745bdfeada7c1966da91f60aa2ddcd1e2f2bb2be2c9db906248631bf0aaa5acd20f\",\"weight\":1},{\"nodeID\":\"7b5537bc68d67acbe37a10460a88a3b480a7b4b545355df12ea8748e07d16d4267f4a29960ab62c8adc38acc8526a8c2553073c85ef30ba534d48b66eaa7c704\",\"weight\":1},{\"nodeID\":\"aa3876f42d91c2ee4c6d4ffb786c09a5f647a1f6cbadf45b6e6a3496a5794d67d6b0e5606e10b28eda14061c438b7b8af46ee93f093c082716f951b43a384744\",\"weight\":1},{\"nodeID\":\"fbb889492fff55facd685abf2e616fc71685740a1d58aac8075943cf2c3f7f48c4bc4e87b7100671ab6611b81f42bf1597f7adff1c0791fb527b82fa08af2c08\",\"weight\":1}],\"txGasLimit\":3000000000}\n","groupID":"group0","iniConfig":"","nodeList":[{"iniConfig":"{\"binaryInfo\":{\"buildTime\":\"20231120 09:26:49\",\"gitCommitHash\":\"773c82d4289698e0adf0321dd5c8ba0f3d4e9aea\",\"platform\":\"Linux/g++\",\"version\":\"3.5.0\"},\"chainID\":\"chain0\",\"gatewayServiceName\":\"\",\"groupID\":\"group0\",\"isAuthCheck\":false,\"isSerialExecute\":true,\"isWasm\":false,\"nodeID\":\"7b5537bc68d67acbe37a10460a88a3b480a7b4b545355df12ea8748e07d16d4267f4a29960ab62c8adc38acc8526a8c2553073c85ef30ba534d48b66eaa7c704\",\"nodeName\":\"7b5537bc68d67acbe37a10460a88a3b480a7b4b545355df12ea8748e07d16d4267f4a29960ab62c8adc38acc8526a8c2553073c85ef30ba534d48b66eaa7c704\",\"rpcServiceName\":\"\",\"smCryptoType\":false}\n","name":"7b5537bc68d67acbe37a10460a88a3b480a7b4b545355df12ea8748e07d16d4267f4a29960ab62c8adc38acc8526a8c2553073c85ef30ba534d48b66eaa7c704","protocol":{"compatibilityVersion":50659328,"maxSupportedVersion":2,"minSupportedVersion":0},"serviceInfo":[{"serviceName":"LedgerServiceObj","type":2},{"serviceName":"SchedulerServiceObj","type":3},{"serviceName":"FrontServiceObj","type":4},{"serviceName":"","type":6},{"serviceName":"","type":7},{"serviceName":"TxPoolServiceObj","type":8}],"type":0},{"iniConfig":"{\"binaryInfo\":{\"buildTime\":\"20231120 09:26:49\",\"gitCommitHash\":\"773c82d4289698e0adf0321dd5c8ba0f3d4e9aea\",\"platform\":\"Linux/g++\",\"version\":\"3.5.0\"},\"chainID\":\"chain0\",\"gatewayServiceName\":\"\",\"groupID\":\"group0\",\"isAuthCheck\":false,\"isSerialExecute\":true,\"isWasm\":false,\"nodeID\":\"fbb889492fff55facd685abf2e616fc71685740a1d58aac8075943cf2c3f7f48c4bc4e87b7100671ab6611b81f42bf1597f7adff1c0791fb527b82fa08af2c08\",\"nodeName\":\"fbb889492fff55facd685abf2e616fc71685740a1d58aac8075943cf2c3f7f48c4bc4e87b7100671ab6611b81f42bf1597f7adff1c0791fb527b82fa08af2c08\",\"rpcServiceName\":\"\",\"smCryptoType\":false}\n","name":"fbb889492fff55facd685abf2e616fc71685740a1d58aac8075943cf2c3f7f48c4bc4e87b7100671ab6611b81f42bf1597f7adff1c0791fb527b82fa08af2c08","protocol":{"compatibilityVersion":50659328,"maxSupportedVersion":2,"minSupportedVersion":0},"serviceInfo":[{"serviceName":"LedgerServiceObj","type":2},{"serviceName":"SchedulerServiceObj","type":3},{"serviceName":"FrontServiceObj","type":4},{"serviceName":"","type":6},{"serviceName":"","type":7},{"serviceName":"TxPoolServiceObj","type":8}],"type":0}],"smCryptoType":false,"wasm":false}}
info|2024-02-04 15:43:39.006669|[RPC][BLOCK][NUMBER][fromJson],group=group0,node=7b5537bc68d67acbe37a10460a88a3b480a7b4b545355df12ea8748e07d16d4267f4a29960ab62c8adc38acc8526a8c2553073c85ef30ba534d48b66eaa7c704,blockNumber=41
info|2024-02-04 15:43:39.006669|[RPC][BLOCK][NUMBER][fromJson],group=group0,node=fbb889492fff55facd685abf2e616fc71685740a1d58aac8075943cf2c3f7f48c4bc4e87b7100671ab6611b81f42bf1597f7adff1c0791fb527b82fa08af2c08,blockNumber=41
info|2024-02-04 15:43:39.006669|[RPCWS][SERVICE][onRecvBlockNotifier]receive block number notifier,group=group0,node=7b5537bc68d67acbe37a10460a88a3b480a7b4b545355df12ea8748e07d16d4267f4a29960ab62c8adc38acc8526a8c2553073c85ef30ba534d48b66eaa7c704,blockNumber=41
info|2024-02-04 15:43:39.006669|[RPCWS][SERVICE][onRecvBlockNotifier]receive block number notifier,group=group0,node=fbb889492fff55facd685abf2e616fc71685740a1d58aac8075943cf2c3f7f48c4bc4e87b7100671ab6611b81f42bf1597f7adff1c0791fb527b82fa08af2c08,blockNumber=41
info|2024-02-04 15:43:39.006669|[RPCWS][SERVICE][updateGroupBlockNumber],groupID=group0,_blockNumber=41
info|2024-02-04 15:43:39.006669|[WS]receive block notify,endpoint=212.64.16.142:20200,blk={
	"blockNumber" : 41,
	"group" : "group0",
	"nodeName" : "fbb889492fff55facd685abf2e616fc71685740a1d58aac8075943cf2c3f7f48c4bc4e87b7100671ab6611b81f42bf1597f7adff1c0791fb527b82fa08af2c08"
}
info|2024-02-04 15:43:39.006669|[RPCWS][SERVICE][onRecvBlockNotifier]block notifier callback,group=group0,node=7b5537bc68d67acbe37a10460a88a3b480a7b4b545355df12ea8748e07d16d4267f4a29960ab62c8adc38acc8526a8c2553073c85ef30ba534d48b66eaa7c704,blockNumber=41
info|2024-02-04 15:43:39.006669|[WS]receive block notify,endpoint=212.64.16.142:20201,blk={
	"blockNumber" : 41,
	"group" : "group0",
	"nodeName" : "7b5537bc68d67acbe37a10460a88a3b480a7b4b545355df12ea8748e07d16d4267f4a29960ab62c8adc38acc8526a8c2553073c85ef30ba534d48b66eaa7c704"
}
info|2024-02-04 15:43:39.018481|[SDK][WS][SERVICE][start]websocket service is running
info|2024-02-04 15:43:39.134346|[RPCWS][SERVICE][waitForConnectionEstablish]wait for websocket connection handshake success,suc count=2
info|2024-02-04 15:43:39.134346|[RPC][IMPL][start]start rpc
info|2024-02-04 15:43:39.134346|[SDK][WS][SERVICE][start]websocket service is running
info|2024-02-04 15:43:39.244880|[RPCWS][SERVICE][waitForConnectionEstablish]wait for websocket connection handshake success,suc count=2
info|2024-02-04 15:43:39.244880|[AMOP][CLIENT][start]start amop
info|2024-02-04 15:43:39.244880|[EVENT][SUB][start]event sub is running
info|2024-02-04 15:43:39.244880|[SDK][WS][SERVICE][start]websocket service is running
info|2024-02-04 15:43:39.356857|[RPCWS][SERVICE][waitForConnectionEstablish]wait for websocket connection handshake success,suc count=2
info|2024-02-04 15:43:39.356857|[bcos_sdk_start],sdk=0000019F40681A70
info|2024-02-04 15:43:39.356857|[RPCWS][SERVICE][getGroupInfo],count=2
info|2024-02-04 15:43:39.356857|[RPC][IMPL][getGroupInfo][get group info from cache],hitCache=true,response={"id":2,"jsonrpc":"2.0","result":{"chainID":"chain0","genesisConfig":"{\"blockTxCountLimit\":1000,\"consensusLeaderPeriod\":1,\"consensusType\":\"pbft\",\"sealerList\":[{\"nodeID\":\"2ef4e14124bf8d1aaeea7a7ff5c86afb3df8d78de1d50ffd0a0ac2bfc2ade745bdfeada7c1966da91f60aa2ddcd1e2f2bb2be2c9db906248631bf0aaa5acd20f\",\"weight\":1},{\"nodeID\":\"7b5537bc68d67acbe37a10460a88a3b480a7b4b545355df12ea8748e07d16d4267f4a29960ab62c8adc38acc8526a8c2553073c85ef30ba534d48b66eaa7c704\",\"weight\":1},{\"nodeID\":\"aa3876f42d91c2ee4c6d4ffb786c09a5f647a1f6cbadf45b6e6a3496a5794d67d6b0e5606e10b28eda14061c438b7b8af46ee93f093c082716f951b43a384744\",\"weight\":1},{\"nodeID\":\"fbb889492fff55facd685abf2e616fc71685740a1d58aac8075943cf2c3f7f48c4bc4e87b7100671ab6611b81f42bf1597f7adff1c0791fb527b82fa08af2c08\",\"weight\":1}],\"txGasLimit\":3000000000}\n","groupID":"group0","iniConfig":"","nodeList":[{"iniConfig":"{\"binaryInfo\":{\"buildTime\":\"20231120 09:26:49\",\"gitCommitHash\":\"773c82d4289698e0adf0321dd5c8ba0f3d4e9aea\",\"platform\":\"Linux/g++\",\"version\":\"3.5.0\"},\"chainID\":\"chain0\",\"gatewayServiceName\":\"\",\"groupID\":\"group0\",\"isAuthCheck\":false,\"isSerialExecute\":true,\"isWasm\":false,\"nodeID\":\"7b5537bc68d67acbe37a10460a88a3b480a7b4b545355df12ea8748e07d16d4267f4a29960ab62c8adc38acc8526a8c2553073c85ef30ba534d48b66eaa7c704\",\"nodeName\":\"7b5537bc68d67acbe37a10460a88a3b480a7b4b545355df12ea8748e07d16d4267f4a29960ab62c8adc38acc8526a8c2553073c85ef30ba534d48b66eaa7c704\",\"rpcServiceName\":\"\",\"smCryptoType\":false}\n","name":"7b5537bc68d67acbe37a10460a88a3b480a7b4b545355df12ea8748e07d16d4267f4a29960ab62c8adc38acc8526a8c2553073c85ef30ba534d48b66eaa7c704","protocol":{"compatibilityVersion":50659328,"maxSupportedVersion":2,"minSupportedVersion":0},"serviceInfo":[{"serviceName":"LedgerServiceObj","type":2},{"serviceName":"SchedulerServiceObj","type":3},{"serviceName":"FrontServiceObj","type":4},{"serviceName":"","type":6},{"serviceName":"","type":7},{"serviceName":"TxPoolServiceObj","type":8}],"type":0},{"iniConfig":"{\"binaryInfo\":{\"buildTime\":\"20231120 09:26:49\",\"gitCommitHash\":\"773c82d4289698e0adf0321dd5c8ba0f3d4e9aea\",\"platform\":\"Linux/g++\",\"version\":\"3.5.0\"},\"chainID\":\"chain0\",\"gatewayServiceName\":\"\",\"groupID\":\"group0\",\"isAuthCheck\":false,\"isSerialExecute\":true,\"isWasm\":false,\"nodeID\":\"fbb889492fff55facd685abf2e616fc71685740a1d58aac8075943cf2c3f7f48c4bc4e87b7100671ab6611b81f42bf1597f7adff1c0791fb527b82fa08af2c08\",\"nodeName\":\"fbb889492fff55facd685abf2e616fc71685740a1d58aac8075943cf2c3f7f48c4bc4e87b7100671ab6611b81f42bf1597f7adff1c0791fb527b82fa08af2c08\",\"rpcServiceName\":\"\",\"smCryptoType\":false}\n","name":"fbb889492fff55facd685abf2e616fc71685740a1d58aac8075943cf2c3f7f48c4bc4e87b7100671ab6611b81f42bf1597f7adff1c0791fb527b82fa08af2c08","protocol":{"compatibilityVersion":50659328,"maxSupportedVersion":2,"minSupportedVersion":0},"serviceInfo":[{"serviceName":"LedgerServiceObj","type":2},{"serviceName":"SchedulerServiceObj","type":3},{"serviceName":"FrontServiceObj","type":4},{"serviceName":"","type":6},{"serviceName":"","type":7},{"serviceName":"TxPoolServiceObj","type":8}],"type":0}],"smCryptoType":false,"wasm":false}}
info|2024-02-04 15:43:39.544004|[RPC][BLOCK][NUMBER][fromJson],group=group0,node=fbb889492fff55facd685abf2e616fc71685740a1d58aac8075943cf2c3f7f48c4bc4e87b7100671ab6611b81f42bf1597f7adff1c0791fb527b82fa08af2c08,blockNumber=42
info|2024-02-04 15:43:39.544004|[RPCWS][SERVICE][onRecvBlockNotifier]receive block number notifier,group=group0,node=fbb889492fff55facd685abf2e616fc71685740a1d58aac8075943cf2c3f7f48c4bc4e87b7100671ab6611b81f42bf1597f7adff1c0791fb527b82fa08af2c08,blockNumber=42
info|2024-02-04 15:43:39.544004|[RPCWS][SERVICE][updateGroupBlockNumber],groupID=group0,_blockNumber=42
info|2024-02-04 15:43:39.544004|[RPCWS][SERVICE][onRecvBlockNotifier]block notifier callback,group=group0,node=fbb889492fff55facd685abf2e616fc71685740a1d58aac8075943cf2c3f7f48c4bc4e87b7100671ab6611b81f42bf1597f7adff1c0791fb527b82fa08af2c08,blockNumber=42
info|2024-02-04 15:43:39.544004|[WS]receive block notify,endpoint=212.64.16.142:20200,blk={
	"blockNumber" : 42,
	"group" : "group0",
	"nodeName" : "fbb889492fff55facd685abf2e616fc71685740a1d58aac8075943cf2c3f7f48c4bc4e87b7100671ab6611b81f42bf1597f7adff1c0791fb527b82fa08af2c08"
}
info|2024-02-04 15:43:39.576003|[RPC][BLOCK][NUMBER][fromJson],group=group0,node=7b5537bc68d67acbe37a10460a88a3b480a7b4b545355df12ea8748e07d16d4267f4a29960ab62c8adc38acc8526a8c2553073c85ef30ba534d48b66eaa7c704,blockNumber=42
info|2024-02-04 15:43:39.576003|[RPCWS][SERVICE][onRecvBlockNotifier]receive block number notifier,group=group0,node=7b5537bc68d67acbe37a10460a88a3b480a7b4b545355df12ea8748e07d16d4267f4a29960ab62c8adc38acc8526a8c2553073c85ef30ba534d48b66eaa7c704,blockNumber=42
info|2024-02-04 15:43:39.576003|[WS]receive block notify,endpoint=212.64.16.142:20201,blk={
	"blockNumber" : 42,
	"group" : "group0",
	"nodeName" : "7b5537bc68d67acbe37a10460a88a3b480a7b4b545355df12ea8748e07d16d4267f4a29960ab62c8adc38acc8526a8c2553073c85ef30ba534d48b66eaa7c704"
}
info|2024-02-04 15:43:39.588003|[SDK][WS][SERVICE][start]websocket service is running
info|2024-02-04 15:43:39.703475|[RPCWS][SERVICE][waitForConnectionEstablish]wait for websocket connection handshake success,suc count=2
info|2024-02-04 15:43:39.703475|[RPC][IMPL][start]start rpc
info|2024-02-04 15:43:39.703475|[SDK][WS][SERVICE][start]websocket service is running
info|2024-02-04 15:43:39.812604|[RPCWS][SERVICE][waitForConnectionEstablish]wait for websocket connection handshake success,suc count=2
info|2024-02-04 15:43:39.812604|[AMOP][CLIENT][start]start amop
info|2024-02-04 15:43:39.812604|[EVENT][SUB][start]event sub is running
info|2024-02-04 15:43:39.812604|[SDK][WS][SERVICE][start]websocket service is running
info|2024-02-04 15:43:39.922674|[RPCWS][SERVICE][waitForConnectionEstablish]wait for websocket connection handshake success,suc count=2
info|2024-02-04 15:43:39.922674|[bcos_sdk_start],sdk=0000019F40681A70
info|2024-02-04 15:43:39.922674|[RPCWS][SERVICE][getGroupInfo],count=2
info|2024-02-04 15:43:39.922674|[RPC][IMPL][getGroupInfo][get group info from cache],hitCache=true,response={"id":3,"jsonrpc":"2.0","result":{"chainID":"chain0","genesisConfig":"{\"blockTxCountLimit\":1000,\"consensusLeaderPeriod\":1,\"consensusType\":\"pbft\",\"sealerList\":[{\"nodeID\":\"2ef4e14124bf8d1aaeea7a7ff5c86afb3df8d78de1d50ffd0a0ac2bfc2ade745bdfeada7c1966da91f60aa2ddcd1e2f2bb2be2c9db906248631bf0aaa5acd20f\",\"weight\":1},{\"nodeID\":\"7b5537bc68d67acbe37a10460a88a3b480a7b4b545355df12ea8748e07d16d4267f4a29960ab62c8adc38acc8526a8c2553073c85ef30ba534d48b66eaa7c704\",\"weight\":1},{\"nodeID\":\"aa3876f42d91c2ee4c6d4ffb786c09a5f647a1f6cbadf45b6e6a3496a5794d67d6b0e5606e10b28eda14061c438b7b8af46ee93f093c082716f951b43a384744\",\"weight\":1},{\"nodeID\":\"fbb889492fff55facd685abf2e616fc71685740a1d58aac8075943cf2c3f7f48c4bc4e87b7100671ab6611b81f42bf1597f7adff1c0791fb527b82fa08af2c08\",\"weight\":1}],\"txGasLimit\":3000000000}\n","groupID":"group0","iniConfig":"","nodeList":[{"iniConfig":"{\"binaryInfo\":{\"buildTime\":\"20231120 09:26:49\",\"gitCommitHash\":\"773c82d4289698e0adf0321dd5c8ba0f3d4e9aea\",\"platform\":\"Linux/g++\",\"version\":\"3.5.0\"},\"chainID\":\"chain0\",\"gatewayServiceName\":\"\",\"groupID\":\"group0\",\"isAuthCheck\":false,\"isSerialExecute\":true,\"isWasm\":false,\"nodeID\":\"7b5537bc68d67acbe37a10460a88a3b480a7b4b545355df12ea8748e07d16d4267f4a29960ab62c8adc38acc8526a8c2553073c85ef30ba534d48b66eaa7c704\",\"nodeName\":\"7b5537bc68d67acbe37a10460a88a3b480a7b4b545355df12ea8748e07d16d4267f4a29960ab62c8adc38acc8526a8c2553073c85ef30ba534d48b66eaa7c704\",\"rpcServiceName\":\"\",\"smCryptoType\":false}\n","name":"7b5537bc68d67acbe37a10460a88a3b480a7b4b545355df12ea8748e07d16d4267f4a29960ab62c8adc38acc8526a8c2553073c85ef30ba534d48b66eaa7c704","protocol":{"compatibilityVersion":50659328,"maxSupportedVersion":2,"minSupportedVersion":0},"serviceInfo":[{"serviceName":"LedgerServiceObj","type":2},{"serviceName":"SchedulerServiceObj","type":3},{"serviceName":"FrontServiceObj","type":4},{"serviceName":"","type":6},{"serviceName":"","type":7},{"serviceName":"TxPoolServiceObj","type":8}],"type":0},{"iniConfig":"{\"binaryInfo\":{\"buildTime\":\"20231120 09:26:49\",\"gitCommitHash\":\"773c82d4289698e0adf0321dd5c8ba0f3d4e9aea\",\"platform\":\"Linux/g++\",\"version\":\"3.5.0\"},\"chainID\":\"chain0\",\"gatewayServiceName\":\"\",\"groupID\":\"group0\",\"isAuthCheck\":false,\"isSerialExecute\":true,\"isWasm\":false,\"nodeID\":\"fbb889492fff55facd685abf2e616fc71685740a1d58aac8075943cf2c3f7f48c4bc4e87b7100671ab6611b81f42bf1597f7adff1c0791fb527b82fa08af2c08\",\"nodeName\":\"fbb889492fff55facd685abf2e616fc71685740a1d58aac8075943cf2c3f7f48c4bc4e87b7100671ab6611b81f42bf1597f7adff1c0791fb527b82fa08af2c08\",\"rpcServiceName\":\"\",\"smCryptoType\":false}\n","name":"fbb889492fff55facd685abf2e616fc71685740a1d58aac8075943cf2c3f7f48c4bc4e87b7100671ab6611b81f42bf1597f7adff1c0791fb527b82fa08af2c08","protocol":{"compatibilityVersion":50659328,"maxSupportedVersion":2,"minSupportedVersion":0},"serviceInfo":[{"serviceName":"LedgerServiceObj","type":2},{"serviceName":"SchedulerServiceObj","type":3},{"serviceName":"FrontServiceObj","type":4},{"serviceName":"","type":6},{"serviceName":"","type":7},{"serviceName":"TxPoolServiceObj","type":8}],"type":0}],"smCryptoType":false,"wasm":false}}
info|2024-02-04 15:43:40.040782|[RPC][BLOCK][NUMBER][fromJson],group=group0,node=fbb889492fff55facd685abf2e616fc71685740a1d58aac8075943cf2c3f7f48c4bc4e87b7100671ab6611b81f42bf1597f7adff1c0791fb527b82fa08af2c08,blockNumber=43
info|2024-02-04 15:43:40.040782|[RPC][BLOCK][NUMBER][fromJson],group=group0,node=7b5537bc68d67acbe37a10460a88a3b480a7b4b545355df12ea8748e07d16d4267f4a29960ab62c8adc38acc8526a8c2553073c85ef30ba534d48b66eaa7c704,blockNumber=43
info|2024-02-04 15:43:40.040782|[RPCWS][SERVICE][onRecvBlockNotifier]receive block number notifier,group=group0,node=fbb889492fff55facd685abf2e616fc71685740a1d58aac8075943cf2c3f7f48c4bc4e87b7100671ab6611b81f42bf1597f7adff1c0791fb527b82fa08af2c08,blockNumber=43
info|2024-02-04 15:43:40.040782|[RPCWS][SERVICE][updateGroupBlockNumber],groupID=group0,_blockNumber=43
info|2024-02-04 15:43:40.040782|[RPCWS][SERVICE][onRecvBlockNotifier]receive block number notifier,group=group0,node=7b5537bc68d67acbe37a10460a88a3b480a7b4b545355df12ea8748e07d16d4267f4a29960ab62c8adc38acc8526a8c2553073c85ef30ba534d48b66eaa7c704,blockNumber=43
info|2024-02-04 15:43:40.040782|[RPCWS][SERVICE][onRecvBlockNotifier]block notifier callback,group=group0,node=fbb889492fff55facd685abf2e616fc71685740a1d58aac8075943cf2c3f7f48c4bc4e87b7100671ab6611b81f42bf1597f7adff1c0791fb527b82fa08af2c08,blockNumber=43
info|2024-02-04 15:43:40.040782|[WS]receive block notify,endpoint=212.64.16.142:20201,blk={
	"blockNumber" : 43,
	"group" : "group0",
	"nodeName" : "7b5537bc68d67acbe37a10460a88a3b480a7b4b545355df12ea8748e07d16d4267f4a29960ab62c8adc38acc8526a8c2553073c85ef30ba534d48b66eaa7c704"
}
info|2024-02-04 15:43:40.040782|[WS]receive block notify,endpoint=212.64.16.142:20200,blk={
	"blockNumber" : 43,
	"group" : "group0",
	"nodeName" : "fbb889492fff55facd685abf2e616fc71685740a1d58aac8075943cf2c3f7f48c4bc4e87b7100671ab6611b81f42bf1597f7adff1c0791fb527b82fa08af2c08"
}
info|2024-02-04 15:43:57.171980|[SDK][WS][SERVICE]connected nodes,count=2
info|2024-02-04 15:43:57.498020|[EVENT][SUB][doLoop]event sub tasks report,working event sub count=0,suspend event sub count=0
info|2024-02-04 15:44:17.181805|[SDK][WS][SERVICE]connected nodes,count=2
info|2024-02-04 15:44:17.510609|[EVENT][SUB][doLoop]event sub tasks report,working event sub count=0,suspend event sub count=0
info|2024-02-04 15:44:37.193453|[SDK][WS][SERVICE]connected nodes,count=2
info|2024-02-04 15:44:37.520518|[EVENT][SUB][doLoop]event sub tasks report,working event sub count=0,suspend event sub count=0
info|2024-02-04 15:44:57.194743|[SDK][WS][SERVICE]connected nodes,count=2
info|2024-02-04 15:44:57.522428|[EVENT][SUB][doLoop]event sub tasks report,working event sub count=0,suspend event sub count=0
info|2024-02-04 15:45:17.208484|[SDK][WS][SERVICE]connected nodes,count=2
info|2024-02-04 15:45:17.536888|[EVENT][SUB][doLoop]event sub tasks report,working event sub count=0,suspend event sub count=0
info|2024-02-04 15:45:37.213038|[SDK][WS][SERVICE]connected nodes,count=2
info|2024-02-04 15:45:37.540162|[EVENT][SUB][doLoop]event sub tasks report,working event sub count=0,suspend event sub count=0
info|2024-02-04 15:45:57.221914|[SDK][WS][SERVICE]connected nodes,count=2
info|2024-02-04 15:45:57.546982|[EVENT][SUB][doLoop]event sub tasks report,working event sub count=0,suspend event sub count=0
info|2024-02-04 15:46:17.232633|[SDK][WS][SERVICE]connected nodes,count=2
info|2024-02-04 15:46:17.547301|[EVENT][SUB][doLoop]event sub tasks report,working event sub count=0,suspend event sub count=0
info|2024-02-04 15:46:37.246403|[SDK][WS][SERVICE]connected nodes,count=2
info|2024-02-04 15:46:37.563044|[EVENT][SUB][doLoop]event sub tasks report,working event sub count=0,suspend event sub count=0
info|2024-02-04 15:46:57.250264|[SDK][WS][SERVICE]connected nodes,count=2
info|2024-02-04 15:46:57.565194|[EVENT][SUB][doLoop]event sub tasks report,working event sub count=0,suspend event sub count=0
info|2024-02-04 15:47:17.250496|[SDK][WS][SERVICE]connected nodes,count=2
info|2024-02-04 15:47:17.579263|[EVENT][SUB][doLoop]event sub tasks report,working event sub count=0,suspend event sub count=0
info|2024-02-04 15:47:37.251431|[SDK][WS][SERVICE]connected nodes,count=2
info|2024-02-04 15:47:37.593429|[EVENT][SUB][doLoop]event sub tasks report,working event sub count=0,suspend event sub count=0
info|2024-02-04 15:47:57.255929|[SDK][WS][SERVICE]connected nodes,count=2
info|2024-02-04 15:47:57.597370|[EVENT][SUB][doLoop]event sub tasks report,working event sub count=0,suspend event sub count=0
info|2024-02-04 15:48:17.256937|[SDK][WS][SERVICE]connected nodes,count=2
info|2024-02-04 15:48:17.600276|[EVENT][SUB][doLoop]event sub tasks report,working event sub count=0,suspend event sub count=0
info|2024-02-04 15:48:37.267551|[SDK][WS][SERVICE]connected nodes,count=2
info|2024-02-04 15:48:37.609612|[EVENT][SUB][doLoop]event sub tasks report,working event sub count=0,suspend event sub count=0
info|2024-02-04 15:48:57.270896|[SDK][WS][SERVICE]connected nodes,count=2
info|2024-02-04 15:48:57.613335|[EVENT][SUB][doLoop]event sub tasks report,working event sub count=0,suspend event sub count=0
info|2024-02-04 15:49:17.284749|[SDK][WS][SERVICE]connected nodes,count=2
info|2024-02-04 15:49:17.613479|[EVENT][SUB][doLoop]event sub tasks report,working event sub count=0,suspend event sub count=0
info|2024-02-04 15:49:37.298706|[SDK][WS][SERVICE]connected nodes,count=2
info|2024-02-04 15:49:37.627288|[EVENT][SUB][doLoop]event sub tasks report,working event sub count=0,suspend event sub count=0
info|2024-02-04 15:49:57.299550|[SDK][WS][SERVICE]connected nodes,count=2
info|2024-02-04 15:49:57.627807|[EVENT][SUB][doLoop]event sub tasks report,working event sub count=0,suspend event sub count=0
info|2024-02-04 15:50:17.314385|[SDK][WS][SERVICE]connected nodes,count=2
info|2024-02-04 15:50:17.641667|[EVENT][SUB][doLoop]event sub tasks report,working event sub count=0,suspend event sub count=0
info|2024-02-04 15:50:37.325109|[SDK][WS][SERVICE]connected nodes,count=2
info|2024-02-04 15:50:37.648675|[EVENT][SUB][doLoop]event sub tasks report,working event sub count=0,suspend event sub count=0
info|2024-02-04 15:50:57.327214|[SDK][WS][SERVICE]connected nodes,count=2
info|2024-02-04 15:50:57.655059|[EVENT][SUB][doLoop]event sub tasks report,working event sub count=0,suspend event sub count=0
info|2024-02-04 15:51:17.332501|[SDK][WS][SERVICE]connected nodes,count=2
info|2024-02-04 15:51:17.659244|[EVENT][SUB][doLoop]event sub tasks report,working event sub count=0,suspend event sub count=0
info|2024-02-04 15:51:37.342178|[SDK][WS][SERVICE]connected nodes,count=2
info|2024-02-04 15:51:37.670628|[EVENT][SUB][doLoop]event sub tasks report,working event sub count=0,suspend event sub count=0
info|2024-02-04 15:51:57.349419|[SDK][WS][SERVICE]connected nodes,count=2
info|2024-02-04 15:51:57.676528|[EVENT][SUB][doLoop]event sub tasks report,working event sub count=0,suspend event sub count=0
info|2024-02-04 15:52:17.349851|[SDK][WS][SERVICE]connected nodes,count=2
info|2024-02-04 15:52:17.686691|[EVENT][SUB][doLoop]event sub tasks report,working event sub count=0,suspend event sub count=0
info|2024-02-04 15:52:37.356719|[SDK][WS][SERVICE]connected nodes,count=2
info|2024-02-04 15:52:37.700053|[EVENT][SUB][doLoop]event sub tasks report,working event sub count=0,suspend event sub count=0
info|2024-02-04 15:52:57.357831|[SDK][WS][SERVICE]connected nodes,count=2
info|2024-02-04 15:52:57.714266|[EVENT][SUB][doLoop]event sub tasks report,working event sub count=0,suspend event sub count=0
info|2024-02-04 15:53:17.360241|[SDK][WS][SERVICE]connected nodes,count=2
info|2024-02-04 15:53:17.717949|[EVENT][SUB][doLoop]event sub tasks report,working event sub count=0,suspend event sub count=0
info|2024-02-04 15:53:37.368000|[SDK][WS][SERVICE]connected nodes,count=2
info|2024-02-04 15:53:37.728192|[EVENT][SUB][doLoop]event sub tasks report,working event sub count=0,suspend event sub count=0
info|2024-02-04 15:53:57.372345|[SDK][WS][SERVICE]connected nodes,count=2
info|2024-02-04 15:53:57.730001|[EVENT][SUB][doLoop]event sub tasks report,working event sub count=0,suspend event sub count=0
info|2024-02-04 15:54:17.372524|[SDK][WS][SERVICE]connected nodes,count=2
info|2024-02-04 15:54:17.730800|[EVENT][SUB][doLoop]event sub tasks report,working event sub count=0,suspend event sub count=0
info|2024-02-04 15:54:37.383201|[SDK][WS][SERVICE]connected nodes,count=2
info|2024-02-04 15:54:37.740430|[EVENT][SUB][doLoop]event sub tasks report,working event sub count=0,suspend event sub count=0
info|2024-02-04 15:54:57.398072|[SDK][WS][SERVICE]connected nodes,count=2
info|2024-02-04 15:54:57.741251|[EVENT][SUB][doLoop]event sub tasks report,working event sub count=0,suspend event sub count=0
info|2024-02-04 15:55:17.398263|[SDK][WS][SERVICE]connected nodes,count=2
info|2024-02-04 15:55:17.742708|[EVENT][SUB][doLoop]event sub tasks report,working event sub count=0,suspend event sub count=0
info|2024-02-04 15:55:37.406538|[SDK][WS][SERVICE]connected nodes,count=2
info|2024-02-04 15:55:37.750727|[EVENT][SUB][doLoop]event sub tasks report,working event sub count=0,suspend event sub count=0
info|2024-02-04 15:55:57.418461|[SDK][WS][SERVICE]connected nodes,count=2
info|2024-02-04 15:55:57.751731|[EVENT][SUB][doLoop]event sub tasks report,working event sub count=0,suspend event sub count=0
info|2024-02-04 15:56:17.429488|[SDK][WS][SERVICE]connected nodes,count=2
info|2024-02-04 15:56:17.757523|[EVENT][SUB][doLoop]event sub tasks report,working event sub count=0,suspend event sub count=0
info|2024-02-04 15:56:37.435840|[SDK][WS][SERVICE]connected nodes,count=2
info|2024-02-04 15:56:37.762527|[EVENT][SUB][doLoop]event sub tasks report,working event sub count=0,suspend event sub count=0
info|2024-02-04 15:56:57.447112|[SDK][WS][SERVICE]connected nodes,count=2
info|2024-02-04 15:56:57.773930|[EVENT][SUB][doLoop]event sub tasks report,working event sub count=0,suspend event sub count=0
info|2024-02-04 15:57:17.456269|[SDK][WS][SERVICE]connected nodes,count=2
info|2024-02-04 15:57:17.784872|[EVENT][SUB][doLoop]event sub tasks report,working event sub count=0,suspend event sub count=0
info|2024-02-04 15:57:37.464748|[SDK][WS][SERVICE]connected nodes,count=2
info|2024-02-04 15:57:37.796579|[EVENT][SUB][doLoop]event sub tasks report,working event sub count=0,suspend event sub count=0
info|2024-02-04 15:57:57.473698|[SDK][WS][SERVICE]connected nodes,count=2
info|2024-02-04 15:57:57.803015|[EVENT][SUB][doLoop]event sub tasks report,working event sub count=0,suspend event sub count=0
info|2024-02-04 15:58:17.485531|[SDK][WS][SERVICE]connected nodes,count=2
info|2024-02-04 15:58:17.814400|[EVENT][SUB][doLoop]event sub tasks report,working event sub count=0,suspend event sub count=0
info|2024-02-04 15:58:37.490139|[SDK][WS][SERVICE]connected nodes,count=2
info|2024-02-04 15:58:37.817744|[EVENT][SUB][doLoop]event sub tasks report,working event sub count=0,suspend event sub count=0
info|2024-02-04 15:58:57.498948|[SDK][WS][SERVICE]connected nodes,count=2
info|2024-02-04 15:58:57.824309|[EVENT][SUB][doLoop]event sub tasks report,working event sub count=0,suspend event sub count=0
info|2024-02-04 15:59:17.508034|[SDK][WS][SERVICE]connected nodes,count=2
info|2024-02-04 15:59:17.836871|[EVENT][SUB][doLoop]event sub tasks report,working event sub count=0,suspend event sub count=0
info|2024-02-04 15:59:37.516903|[SDK][WS][SERVICE]connected nodes,count=2
info|2024-02-04 15:59:37.843956|[EVENT][SUB][doLoop]event sub tasks report,working event sub count=0,suspend event sub count=0
info|2024-02-04 15:59:57.521413|[SDK][WS][SERVICE]connected nodes,count=2
info|2024-02-04 15:59:57.850244|[EVENT][SUB][doLoop]event sub tasks report,working event sub count=0,suspend event sub count=0
