info|2024-02-01 19:00:06.729040|[SDK][WS][SERVICE],[NEWOBJ][WsService]=000001BF79138260
info|2024-02-01 19:00:06.729040|[RPCWS][SERVICE]init the local protocol,minVersion=1,maxVersion=1,module=2
info|2024-02-01 19:00:06.731536|[DEFAULT][WS][INITIALIZER][initWsService]start websocket service as client,connected size=2
info|2024-02-01 19:00:06.732040|[DEFAULT][WS][INITIALIZER][initWsService]initializer for websocket service,listenIP=,listenPort=0,disableSsl=false,server=false,client=true,threadPoolSize=8,maxMsgSize=33554432,msgTimeOut=-1,connected peers=2
info|2024-02-01 19:00:06.732040|[bcos_sdk_create][NEWOBJ],sdk=000001BF7AB92D00
info|2024-02-01 19:00:08.362038|[DEFAULT][WS][CONNECTOR][connectToWsServer]async_connect success,endpoint=192.168.81.141:20200
info|2024-02-01 19:00:08.362538|[DEFAULT][WS][STREAM],[NEWOBJ][WsStream]=000001BF7ADB6AF0
info|2024-02-01 19:00:08.362538|[DEFAULT][WS][CONNECTOR][connectToWsServer]async_connect success,endpoint=192.168.81.141:20201
info|2024-02-01 19:00:08.362538|[DEFAULT][WS][STREAM],[NEWOBJ][WsStream]=000001BF7CBABC70
info|2024-02-01 19:00:08.365038|[DEFAULT][BOOSTSSL][NODEINFO][NEW]SSLContext pubHex: 3082010a02820101009341101d7e830c3d6d3a72828a0341db31cb1134c146810f905ac4ec685e8c61072a35ba421f9d3fac0908db7667611c8744bdee795fec222c30dc79d23cb3c74b2f2509b538395e757617a78f9dbb0574d8dffa7da8b9654bdd9cbdd697340c783ee385db45a02046162d9b8c9b62ea9b060c5fa9fd8d4c3e4adbddb60a826032faff9bb8c64d49a6ea063627e8792f983aef14216c76e6dc45e2968470de7619cdec528429ebb0597544cc700cb4f935c8ddc22ea9a4d8c0d10e1bbde12d5528ac0b3935debf78e3a6bb840885131e8ece70647a1c7a939dbf93d995ae46e4457ddfcf4c2554aca2fbbd0dbe3701bbd1cc5048b72edd2477b8ac3099a7139d0203010001
info|2024-02-01 19:00:08.365038|[DEFAULT][BOOSTSSL][NODEINFO][NEW]SSLContext pubHex: 3082010a02820101009341101d7e830c3d6d3a72828a0341db31cb1134c146810f905ac4ec685e8c61072a35ba421f9d3fac0908db7667611c8744bdee795fec222c30dc79d23cb3c74b2f2509b538395e757617a78f9dbb0574d8dffa7da8b9654bdd9cbdd697340c783ee385db45a02046162d9b8c9b62ea9b060c5fa9fd8d4c3e4adbddb60a826032faff9bb8c64d49a6ea063627e8792f983aef14216c76e6dc45e2968470de7619cdec528429ebb0597544cc700cb4f935c8ddc22ea9a4d8c0d10e1bbde12d5528ac0b3935debf78e3a6bb840885131e8ece70647a1c7a939dbf93d995ae46e4457ddfcf4c2554aca2fbbd0dbe3701bbd1cc5048b72edd2477b8ac3099a7139d0203010001
warning|2024-02-01 19:00:08.365038|[DEFAULT][BOOSTSSL][NODEINFO]Get ca basic failed
warning|2024-02-01 19:00:08.365038|[DEFAULT][BOOSTSSL][NODEINFO]Get ca basic failed
info|2024-02-01 19:00:08.365538|[DEFAULT][BOOSTSSL][NODEINFO][NEW]SSLContext pubHex: 3082010a0282010100cb624740497a3ae96922b199cc9007b049430ead36e75f81a8b47500d097ba81d5a1d2079f5d019cc5d196aea7c6b95787d8d6536a59d6284176ca7b61580f21450fd7f8a2b756177391c1b92551b90401d36acb72e77954a56c149a82032224e2c955fd27f7e26791058086f27717169fe2e1e9c32600256065cb5c5215b609ca0169c354f5cd6f3d255b7b023769bafa458f0e13d8dec89207b8098b049fb8aa4fc44626f6ba0157cb20c378faf6396f177a29ffe4cc329b006ac66532c1d9997b47a98668d051af7a4da6cf72a9267f04f0fb870e718f7477e8acb62dec50781493e6f3a3dcd3294a6b122ba44ad519556b062352fdbb6fa7d71d8b204d8b0203010001
info|2024-02-01 19:00:08.365538|[DEFAULT][BOOSTSSL][NODEINFO][NEW]SSLContext pubHex: 3082010a0282010100b7b7a697fc2b7333463be4052e54a070adc11f6264b4741682e2ba8ac0da8344243ed13cfe9fe7e1f2d2e4dd3f3a6244b231b07dc05bb6b44fb189c7a4ac5d972143eccd5e90ac477f4be8fb15fb13b1949b9858ef3895739ff011d1e3e5783414bf66e95a5db675b5eaa92ffae241d862527cc399ef1c77222a47f01a05711168de2a45534ed673b1df31fdce0c19ba5f9bf72f617a26f59c87200dd180697ccb2537bb0d527876ea9ca9cbe3452b81d8e349000929fd52dd6ba7e5c7c4f55ad69523a518ac1968bda0b4a608f93656fceedbd115952d715235e064bfe57118035eb59fe6344a74d119eedeb02179dd4f222e326e6ea5610683e0d1f01660270203010001
info|2024-02-01 19:00:08.377537|[DEFAULT][WS][CONNECTOR][connectToWsServer]ssl async_handshake success,host=192.168.81.141,port=20201
info|2024-02-01 19:00:08.377537|[DEFAULT][WS][CONNECTOR][connectToWsServer]ssl async_handshake success,host=192.168.81.141,port=20200
info|2024-02-01 19:00:08.379038|[DEFAULT][WS][CONNECTOR][connectToWsServer]websocket handshake successfully,host=192.168.81.141,port=20200
info|2024-02-01 19:00:08.379038|[DEFAULT][WS][CONNECTOR][connectToWsServer]websocket handshake successfully,host=192.168.81.141,port=20201
info|2024-02-01 19:00:08.379038|[SDK][WS][SESSION],[NEWOBJ][WSSESSION]=000001BF7A92E500
info|2024-02-01 19:00:08.379038|[SDK][WS][SESSION],[NEWOBJ][WSSESSION]=000001BF7A92E7A0
info|2024-02-01 19:00:08.379038|[SDK][WS][SERVICE][newSession]start the session,endPoint=192.168.81.141:20201
info|2024-02-01 19:00:08.379038|[SDK][WS][SERVICE][newSession]start the session,endPoint=192.168.81.141:20200
info|2024-02-01 19:00:08.379038|[SDK][WS][SERVICE][addSession]add session to mapping,connectedEndPoint=192.168.81.141:20201,endPoint=192.168.81.141:20201,result=true
info|2024-02-01 19:00:08.379038|[SDK][WS][SERVICE][addSession]add session to mapping,connectedEndPoint=192.168.81.141:20200,endPoint=192.168.81.141:20200,result=true
info|2024-02-01 19:00:08.379038|[SDK][WS][SERVICE][onConnect],endpoint=192.168.81.141:20201,connectedEndPoint=192.168.81.141:20201,refCount=6
info|2024-02-01 19:00:08.379038|[SDK][WS][SERVICE][onConnect],endpoint=192.168.81.141:20200,connectedEndPoint=192.168.81.141:20200,refCount=6
info|2024-02-01 19:00:08.379038|[RPCWS][SERVICE][startHandshake],endpoint=192.168.81.141:20201
info|2024-02-01 19:00:08.379038|[RPCWS][SERVICE][startHandshake],endpoint=192.168.81.141:20200
info|2024-02-01 19:00:08.379038|[SDK][WS][SERVICE]connected nodes,count=2
info|2024-02-01 19:00:08.379038|[SDK][WS][SERVICE][start]start websocket service successfully,model=1,max msg size=33554432
info|2024-02-01 19:00:08.379538|[SDK][WS][SESSION][startAsClient]websocket handshake successfully,endPoint=192.168.81.141:20200,session=000001BF7A92E7A0
info|2024-02-01 19:00:08.379538|[SDK][WS][SESSION][startAsClient]websocket handshake successfully,endPoint=192.168.81.141:20201,session=000001BF7A92E500
info|2024-02-01 19:00:08.381039|[RPCWS][SERVICE][fromJson] new group info,groupInfo=,group=group0,chain=chain0,nodeSize=1
info|2024-02-01 19:00:08.381039|[RPCWS][SERVICE][fromJson] new group info,groupInfo=,group=group0,chain=chain0,nodeSize=1
info|2024-02-01 19:00:08.381039|[RPCWS][SERVICE][fromJson]parser protocol version,protocolVersion=1,groupInfoList size=1,groupBlockNumber size=1
info|2024-02-01 19:00:08.381039|[RPCWS][SERVICE][fromJson]parser protocol version,protocolVersion=1,groupInfoList size=1,groupBlockNumber size=1
info|2024-02-01 19:00:08.381039|[RPCWS][SERVICE][updateGroupInfoByEp],endPoint=192.168.81.141:20201,group=group0,chainID=chain0,genesisConfig={"blockTxCountLimit":1000,"consensusLeaderPeriod":1,"consensusType":"pbft","sealerList":[{"nodeID":"39ed58e7d741e285fcd32475c962a1380cbd23c6cddb5aac7dbd65556c22ef9b52aeb57159fe29ceafb1e8af68b51141fa09b238a600ff7e92d1d08aee35c162","weight":1},{"nodeID":"778b9202ede63f4ba6bfb2fbaf69891ecf9d481506e3469275ffe70d7f980959ca9a85131fac70e32cbb077bdfeeec7eedc087e4e4c5cecf6bf840fdcc6a7dac","weight":1},{"nodeID":"9982639b1e7971e5b6003f1b6b329d60b3fea30cbe21fa7475953e17c66aff849c3bd64a1757dea20b93ead390cb0e9b7ea0e5801a8ea63d24ba36dbff4f0b17","weight":1},{"nodeID":"aadc474cb133cb4f2c289add9bdc58bca1629e5706e1d0ac80ad0d71e81897293fcba5d8065f8ecf8fdb316422eb4548e81a30d55ff6d50d026ff5fddc142356","weight":1}],"txGasLimit":3000000000}
,iniConfig=,nodesNum=1
info|2024-02-01 19:00:08.381039|[RPCWS][SERVICE][updateGroupInfoByEp],endPoint=192.168.81.141:20200,group=group0,chainID=chain0,genesisConfig={"blockTxCountLimit":1000,"consensusLeaderPeriod":1,"consensusType":"pbft","sealerList":[{"nodeID":"39ed58e7d741e285fcd32475c962a1380cbd23c6cddb5aac7dbd65556c22ef9b52aeb57159fe29ceafb1e8af68b51141fa09b238a600ff7e92d1d08aee35c162","weight":1},{"nodeID":"778b9202ede63f4ba6bfb2fbaf69891ecf9d481506e3469275ffe70d7f980959ca9a85131fac70e32cbb077bdfeeec7eedc087e4e4c5cecf6bf840fdcc6a7dac","weight":1},{"nodeID":"9982639b1e7971e5b6003f1b6b329d60b3fea30cbe21fa7475953e17c66aff849c3bd64a1757dea20b93ead390cb0e9b7ea0e5801a8ea63d24ba36dbff4f0b17","weight":1},{"nodeID":"aadc474cb133cb4f2c289add9bdc58bca1629e5706e1d0ac80ad0d71e81897293fcba5d8065f8ecf8fdb316422eb4548e81a30d55ff6d50d026ff5fddc142356","weight":1}],"txGasLimit":3000000000}
,iniConfig=,nodesNum=1
info|2024-02-01 19:00:08.381039|[RPCWS][SERVICE][updateGroupInfo],endPoint=192.168.81.141:20201,group=group0,chainID=chain0,nodesNum=1
info|2024-02-01 19:00:08.381039|[RPCWS][SERVICE][updateGroupInfo],endPoint=192.168.81.141:20200,group=group0,chainID=chain0,nodesNum=1
info|2024-02-01 19:00:08.381039|[RPCWS][SERVICE][clearGroupInfoByEp],endPoint=192.168.81.141:20201,group=group0
info|2024-02-01 19:00:08.381039|[RPCWS][SERVICE][clearGroupInfoByEp],endPoint=192.168.81.141:20200,group=group0
info|2024-02-01 19:00:08.381039|[RPCWS][SERVICE][printGroupInfo],total count=1
info|2024-02-01 19:00:08.381039|[RPCWS][SERVICE][printGroupInfo]group list,group=group0,count=2
info|2024-02-01 19:00:08.381039|[RPCWS][SERVICE][printGroupInfo],total count=1
info|2024-02-01 19:00:08.381039|[RPCWS][SERVICE][printGroupInfo]node list,group=group0,node=9982639b1e7971e5b6003f1b6b329d60b3fea30cbe21fa7475953e17c66aff849c3bd64a1757dea20b93ead390cb0e9b7ea0e5801a8ea63d24ba36dbff4f0b17,count=1
info|2024-02-01 19:00:08.381039|[RPCWS][SERVICE][printGroupInfo]group list,group=group0,count=2
info|2024-02-01 19:00:08.381039|[RPCWS][SERVICE][printGroupInfo]node list,group=group0,node=aadc474cb133cb4f2c289add9bdc58bca1629e5706e1d0ac80ad0d71e81897293fcba5d8065f8ecf8fdb316422eb4548e81a30d55ff6d50d026ff5fddc142356,count=1
info|2024-02-01 19:00:08.381039|[RPCWS][SERVICE][printGroupInfo]node list,group=group0,node=9982639b1e7971e5b6003f1b6b329d60b3fea30cbe21fa7475953e17c66aff849c3bd64a1757dea20b93ead390cb0e9b7ea0e5801a8ea63d24ba36dbff4f0b17,count=1
info|2024-02-01 19:00:08.381039|[RPCWS][SERVICE][updateGroupBlockNumber],groupID=group0,_blockNumber=162
info|2024-02-01 19:00:08.381039|[RPCWS][SERVICE][printGroupInfo]node list,group=group0,node=aadc474cb133cb4f2c289add9bdc58bca1629e5706e1d0ac80ad0d71e81897293fcba5d8065f8ecf8fdb316422eb4548e81a30d55ff6d50d026ff5fddc142356,count=1
info|2024-02-01 19:00:08.381539|[AMOP][CLIENT][updateTopicsToRemote]send subscribe message to server,endpoint=192.168.81.141:20200,topics={"topics":[]}
info|2024-02-01 19:00:08.381539|[AMOP][CLIENT][updateTopicsToRemote]send subscribe message to server,endpoint=192.168.81.141:20201,topics={"topics":[]}
info|2024-02-01 19:00:08.381539|[RPCWS][SERVICE][startHandshake]handshake successfully,endPoint=192.168.81.141:20200,handshake version=1,groupInfoList size=1,groupBlockNumber size=1,handshake string={"groupBlockNumber":[{"group0":162}],"groupInfoList":[{"chainID":"chain0","genesisConfig":"{\"blockTxCountLimit\":1000,\"consensusLeaderPeriod\":1,\"consensusType\":\"pbft\",\"sealerList\":[{\"nodeID\":\"39ed58e7d741e285fcd32475c962a1380cbd23c6cddb5aac7dbd65556c22ef9b52aeb57159fe29ceafb1e8af68b51141fa09b238a600ff7e92d1d08aee35c162\",\"weight\":1},{\"nodeID\":\"778b9202ede63f4ba6bfb2fbaf69891ecf9d481506e3469275ffe70d7f980959ca9a85131fac70e32cbb077bdfeeec7eedc087e4e4c5cecf6bf840fdcc6a7dac\",\"weight\":1},{\"nodeID\":\"9982639b1e7971e5b6003f1b6b329d60b3fea30cbe21fa7475953e17c66aff849c3bd64a1757dea20b93ead390cb0e9b7ea0e5801a8ea63d24ba36dbff4f0b17\",\"weight\":1},{\"nodeID\":\"aadc474cb133cb4f2c289add9bdc58bca1629e5706e1d0ac80ad0d71e81897293fcba5d8065f8ecf8fdb316422eb4548e81a30d55ff6d50d026ff5fddc142356\",\"weight\":1}],\"txGasLimit\":3000000000}\n","groupID":"group0","iniConfig":"","nodeList":[{"iniConfig":"{\"binaryInfo\":{\"buildTime\":\"20231120 09:26:49\",\"gitCommitHash\":\"773c82d4289698e0adf0321dd5c8ba0f3d4e9aea\",\"platform\":\"Linux/g++\",\"version\":\"3.5.0\"},\"chainID\":\"chain0\",\"gatewayServiceName\":\"\",\"groupID\":\"group0\",\"isAuthCheck\":false,\"isSerialExecute\":true,\"isWasm\":false,\"nodeID\":\"aadc474cb133cb4f2c289add9bdc58bca1629e5706e1d0ac80ad0d71e81897293fcba5d8065f8ecf8fdb316422eb4548e81a30d55ff6d50d026ff5fddc142356\",\"nodeName\":\"aadc474cb133cb4f2c289add9bdc58bca1629e5706e1d0ac80ad0d71e81897293fcba5d8065f8ecf8fdb316422eb4548e81a30d55ff6d50d026ff5fddc142356\",\"rpcServiceName\":\"\",\"smCryptoType\":false}\n","microService":false,"name":"aadc474cb133cb4f2c289add9bdc58bca1629e5706e1d0ac80ad0d71e81897293fcba5d8065f8ecf8fdb316422eb4548e81a30d55ff6d50d026ff5fddc142356","nodeID":"aadc474cb133cb4f2c289add9bdc58bca1629e5706e1d0ac80ad0d71e81897293fcba5d8065f8ecf8fdb316422eb4548e81a30d55ff6d50d026ff5fddc142356","protocol":{"compatibilityVersion":50659328,"maxSupportedVersion":2,"minSupportedVersion":0},"serviceInfo":[{"serviceName":"LedgerServiceObj","type":2},{"serviceName":"SchedulerServiceObj","type":3},{"serviceName":"FrontServiceObj","type":4},{"serviceName":"","type":6},{"serviceName":"","type":7},{"serviceName":"TxPoolServiceObj","type":8}],"type":0}]}],"protocolVersion":1}
info|2024-02-01 19:00:08.381539|[RPCWS][SERVICE][startHandshake]handshake successfully,endPoint=192.168.81.141:20201,handshake version=1,groupInfoList size=1,groupBlockNumber size=1,handshake string={"groupBlockNumber":[{"group0":162}],"groupInfoList":[{"chainID":"chain0","genesisConfig":"{\"blockTxCountLimit\":1000,\"consensusLeaderPeriod\":1,\"consensusType\":\"pbft\",\"sealerList\":[{\"nodeID\":\"39ed58e7d741e285fcd32475c962a1380cbd23c6cddb5aac7dbd65556c22ef9b52aeb57159fe29ceafb1e8af68b51141fa09b238a600ff7e92d1d08aee35c162\",\"weight\":1},{\"nodeID\":\"778b9202ede63f4ba6bfb2fbaf69891ecf9d481506e3469275ffe70d7f980959ca9a85131fac70e32cbb077bdfeeec7eedc087e4e4c5cecf6bf840fdcc6a7dac\",\"weight\":1},{\"nodeID\":\"9982639b1e7971e5b6003f1b6b329d60b3fea30cbe21fa7475953e17c66aff849c3bd64a1757dea20b93ead390cb0e9b7ea0e5801a8ea63d24ba36dbff4f0b17\",\"weight\":1},{\"nodeID\":\"aadc474cb133cb4f2c289add9bdc58bca1629e5706e1d0ac80ad0d71e81897293fcba5d8065f8ecf8fdb316422eb4548e81a30d55ff6d50d026ff5fddc142356\",\"weight\":1}],\"txGasLimit\":3000000000}\n","groupID":"group0","iniConfig":"","nodeList":[{"iniConfig":"{\"binaryInfo\":{\"buildTime\":\"20231120 09:26:49\",\"gitCommitHash\":\"773c82d4289698e0adf0321dd5c8ba0f3d4e9aea\",\"platform\":\"Linux/g++\",\"version\":\"3.5.0\"},\"chainID\":\"chain0\",\"gatewayServiceName\":\"\",\"groupID\":\"group0\",\"isAuthCheck\":false,\"isSerialExecute\":true,\"isWasm\":false,\"nodeID\":\"9982639b1e7971e5b6003f1b6b329d60b3fea30cbe21fa7475953e17c66aff849c3bd64a1757dea20b93ead390cb0e9b7ea0e5801a8ea63d24ba36dbff4f0b17\",\"nodeName\":\"9982639b1e7971e5b6003f1b6b329d60b3fea30cbe21fa7475953e17c66aff849c3bd64a1757dea20b93ead390cb0e9b7ea0e5801a8ea63d24ba36dbff4f0b17\",\"rpcServiceName\":\"\",\"smCryptoType\":false}\n","microService":false,"name":"9982639b1e7971e5b6003f1b6b329d60b3fea30cbe21fa7475953e17c66aff849c3bd64a1757dea20b93ead390cb0e9b7ea0e5801a8ea63d24ba36dbff4f0b17","nodeID":"9982639b1e7971e5b6003f1b6b329d60b3fea30cbe21fa7475953e17c66aff849c3bd64a1757dea20b93ead390cb0e9b7ea0e5801a8ea63d24ba36dbff4f0b17","protocol":{"compatibilityVersion":50659328,"maxSupportedVersion":2,"minSupportedVersion":0},"serviceInfo":[{"serviceName":"LedgerServiceObj","type":2},{"serviceName":"SchedulerServiceObj","type":3},{"serviceName":"FrontServiceObj","type":4},{"serviceName":"","type":6},{"serviceName":"","type":7},{"serviceName":"TxPoolServiceObj","type":8}],"type":0}]}],"protocolVersion":1}
info|2024-02-01 19:00:08.491475|[RPCWS][SERVICE][waitForConnectionEstablish]wait for websocket connection handshake success,suc count=2
info|2024-02-01 19:00:08.491475|[RPC][IMPL][start]start rpc
info|2024-02-01 19:00:08.491475|[SDK][WS][SERVICE][start]websocket service is running
info|2024-02-01 19:00:08.598816|[RPCWS][SERVICE][waitForConnectionEstablish]wait for websocket connection handshake success,suc count=2
info|2024-02-01 19:00:08.598816|[AMOP][CLIENT][start]start amop
info|2024-02-01 19:00:08.598816|[SDK][WS][SERVICE][start]websocket service is running
info|2024-02-01 19:00:08.706108|[RPCWS][SERVICE][waitForConnectionEstablish]wait for websocket connection handshake success,suc count=2
info|2024-02-01 19:00:08.706579|[EVENT][SUB][start]start event sub successfully,sendMsgTimeout=-1,reconnectPeriod=20000
info|2024-02-01 19:00:08.706579|[SDK][WS][SERVICE][start]websocket service is running
info|2024-02-01 19:00:08.807041|[RPCWS][SERVICE][waitForConnectionEstablish]wait for websocket connection handshake success,suc count=2
info|2024-02-01 19:00:08.807041|[bcos_sdk_start],sdk=000001BF7AB92D00
info|2024-02-01 19:00:08.808521|[findClass]add class to cache,fullClassName=org/fisco/bcos/sdk/jni/common/Response
info|2024-02-01 19:00:08.808521|[RPCWS][SERVICE][getGroupInfo],count=2
info|2024-02-01 19:00:08.809016|[RPC][IMPL][getGroupInfo][get group info from cache],hitCache=true,response={"id":1,"jsonrpc":"2.0","result":{"chainID":"chain0","genesisConfig":"{\"blockTxCountLimit\":1000,\"consensusLeaderPeriod\":1,\"consensusType\":\"pbft\",\"sealerList\":[{\"nodeID\":\"39ed58e7d741e285fcd32475c962a1380cbd23c6cddb5aac7dbd65556c22ef9b52aeb57159fe29ceafb1e8af68b51141fa09b238a600ff7e92d1d08aee35c162\",\"weight\":1},{\"nodeID\":\"778b9202ede63f4ba6bfb2fbaf69891ecf9d481506e3469275ffe70d7f980959ca9a85131fac70e32cbb077bdfeeec7eedc087e4e4c5cecf6bf840fdcc6a7dac\",\"weight\":1},{\"nodeID\":\"9982639b1e7971e5b6003f1b6b329d60b3fea30cbe21fa7475953e17c66aff849c3bd64a1757dea20b93ead390cb0e9b7ea0e5801a8ea63d24ba36dbff4f0b17\",\"weight\":1},{\"nodeID\":\"aadc474cb133cb4f2c289add9bdc58bca1629e5706e1d0ac80ad0d71e81897293fcba5d8065f8ecf8fdb316422eb4548e81a30d55ff6d50d026ff5fddc142356\",\"weight\":1}],\"txGasLimit\":3000000000}\n","groupID":"group0","iniConfig":"","nodeList":[{"iniConfig":"{\"binaryInfo\":{\"buildTime\":\"20231120 09:26:49\",\"gitCommitHash\":\"773c82d4289698e0adf0321dd5c8ba0f3d4e9aea\",\"platform\":\"Linux/g++\",\"version\":\"3.5.0\"},\"chainID\":\"chain0\",\"gatewayServiceName\":\"\",\"groupID\":\"group0\",\"isAuthCheck\":false,\"isSerialExecute\":true,\"isWasm\":false,\"nodeID\":\"9982639b1e7971e5b6003f1b6b329d60b3fea30cbe21fa7475953e17c66aff849c3bd64a1757dea20b93ead390cb0e9b7ea0e5801a8ea63d24ba36dbff4f0b17\",\"nodeName\":\"9982639b1e7971e5b6003f1b6b329d60b3fea30cbe21fa7475953e17c66aff849c3bd64a1757dea20b93ead390cb0e9b7ea0e5801a8ea63d24ba36dbff4f0b17\",\"rpcServiceName\":\"\",\"smCryptoType\":false}\n","name":"9982639b1e7971e5b6003f1b6b329d60b3fea30cbe21fa7475953e17c66aff849c3bd64a1757dea20b93ead390cb0e9b7ea0e5801a8ea63d24ba36dbff4f0b17","protocol":{"compatibilityVersion":50659328,"maxSupportedVersion":2,"minSupportedVersion":0},"serviceInfo":[{"serviceName":"LedgerServiceObj","type":2},{"serviceName":"SchedulerServiceObj","type":3},{"serviceName":"FrontServiceObj","type":4},{"serviceName":"","type":6},{"serviceName":"","type":7},{"serviceName":"TxPoolServiceObj","type":8}],"type":0},{"iniConfig":"{\"binaryInfo\":{\"buildTime\":\"20231120 09:26:49\",\"gitCommitHash\":\"773c82d4289698e0adf0321dd5c8ba0f3d4e9aea\",\"platform\":\"Linux/g++\",\"version\":\"3.5.0\"},\"chainID\":\"chain0\",\"gatewayServiceName\":\"\",\"groupID\":\"group0\",\"isAuthCheck\":false,\"isSerialExecute\":true,\"isWasm\":false,\"nodeID\":\"aadc474cb133cb4f2c289add9bdc58bca1629e5706e1d0ac80ad0d71e81897293fcba5d8065f8ecf8fdb316422eb4548e81a30d55ff6d50d026ff5fddc142356\",\"nodeName\":\"aadc474cb133cb4f2c289add9bdc58bca1629e5706e1d0ac80ad0d71e81897293fcba5d8065f8ecf8fdb316422eb4548e81a30d55ff6d50d026ff5fddc142356\",\"rpcServiceName\":\"\",\"smCryptoType\":false}\n","name":"aadc474cb133cb4f2c289add9bdc58bca1629e5706e1d0ac80ad0d71e81897293fcba5d8065f8ecf8fdb316422eb4548e81a30d55ff6d50d026ff5fddc142356","protocol":{"compatibilityVersion":50659328,"maxSupportedVersion":2,"minSupportedVersion":0},"serviceInfo":[{"serviceName":"LedgerServiceObj","type":2},{"serviceName":"SchedulerServiceObj","type":3},{"serviceName":"FrontServiceObj","type":4},{"serviceName":"","type":6},{"serviceName":"","type":7},{"serviceName":"TxPoolServiceObj","type":8}],"type":0}],"smCryptoType":false,"wasm":false}}
info|2024-02-01 19:00:10.063104|[RPC][BLOCK][NUMBER][fromJson],group=group0,node=9982639b1e7971e5b6003f1b6b329d60b3fea30cbe21fa7475953e17c66aff849c3bd64a1757dea20b93ead390cb0e9b7ea0e5801a8ea63d24ba36dbff4f0b17,blockNumber=163
info|2024-02-01 19:00:10.063104|[RPCWS][SERVICE][onRecvBlockNotifier]receive block number notifier,group=group0,node=9982639b1e7971e5b6003f1b6b329d60b3fea30cbe21fa7475953e17c66aff849c3bd64a1757dea20b93ead390cb0e9b7ea0e5801a8ea63d24ba36dbff4f0b17,blockNumber=163
info|2024-02-01 19:00:10.063104|[RPCWS][SERVICE][updateGroupBlockNumber],groupID=group0,_blockNumber=163
info|2024-02-01 19:00:10.063104|[RPCWS][SERVICE][onRecvBlockNotifier]block notifier callback,group=group0,node=9982639b1e7971e5b6003f1b6b329d60b3fea30cbe21fa7475953e17c66aff849c3bd64a1757dea20b93ead390cb0e9b7ea0e5801a8ea63d24ba36dbff4f0b17,blockNumber=163
info|2024-02-01 19:00:10.063104|[WS]receive block notify,endpoint=192.168.81.141:20201,blk={
	"blockNumber" : 163,
	"group" : "group0",
	"nodeName" : "9982639b1e7971e5b6003f1b6b329d60b3fea30cbe21fa7475953e17c66aff849c3bd64a1757dea20b93ead390cb0e9b7ea0e5801a8ea63d24ba36dbff4f0b17"
}
info|2024-02-01 19:00:10.065609|[RPC][BLOCK][NUMBER][fromJson],group=group0,node=aadc474cb133cb4f2c289add9bdc58bca1629e5706e1d0ac80ad0d71e81897293fcba5d8065f8ecf8fdb316422eb4548e81a30d55ff6d50d026ff5fddc142356,blockNumber=163
info|2024-02-01 19:00:10.065609|[RPCWS][SERVICE][onRecvBlockNotifier]receive block number notifier,group=group0,node=aadc474cb133cb4f2c289add9bdc58bca1629e5706e1d0ac80ad0d71e81897293fcba5d8065f8ecf8fdb316422eb4548e81a30d55ff6d50d026ff5fddc142356,blockNumber=163
info|2024-02-01 19:00:10.065609|[WS]receive block notify,endpoint=192.168.81.141:20200,blk={
	"blockNumber" : 163,
	"group" : "group0",
	"nodeName" : "aadc474cb133cb4f2c289add9bdc58bca1629e5706e1d0ac80ad0d71e81897293fcba5d8065f8ecf8fdb316422eb4548e81a30d55ff6d50d026ff5fddc142356"
}
info|2024-02-01 19:00:27.917901|[RPC][BLOCK][NUMBER][fromJson],group=group0,node=9982639b1e7971e5b6003f1b6b329d60b3fea30cbe21fa7475953e17c66aff849c3bd64a1757dea20b93ead390cb0e9b7ea0e5801a8ea63d24ba36dbff4f0b17,blockNumber=164
info|2024-02-01 19:00:27.917901|[RPCWS][SERVICE][onRecvBlockNotifier]receive block number notifier,group=group0,node=9982639b1e7971e5b6003f1b6b329d60b3fea30cbe21fa7475953e17c66aff849c3bd64a1757dea20b93ead390cb0e9b7ea0e5801a8ea63d24ba36dbff4f0b17,blockNumber=164
info|2024-02-01 19:00:27.917901|[RPCWS][SERVICE][updateGroupBlockNumber],groupID=group0,_blockNumber=164
info|2024-02-01 19:00:27.917901|[RPCWS][SERVICE][onRecvBlockNotifier]block notifier callback,group=group0,node=9982639b1e7971e5b6003f1b6b329d60b3fea30cbe21fa7475953e17c66aff849c3bd64a1757dea20b93ead390cb0e9b7ea0e5801a8ea63d24ba36dbff4f0b17,blockNumber=164
info|2024-02-01 19:00:27.917901|[WS]receive block notify,endpoint=192.168.81.141:20201,blk={
	"blockNumber" : 164,
	"group" : "group0",
	"nodeName" : "9982639b1e7971e5b6003f1b6b329d60b3fea30cbe21fa7475953e17c66aff849c3bd64a1757dea20b93ead390cb0e9b7ea0e5801a8ea63d24ba36dbff4f0b17"
}
info|2024-02-01 19:00:27.926406|[RPC][BLOCK][NUMBER][fromJson],group=group0,node=aadc474cb133cb4f2c289add9bdc58bca1629e5706e1d0ac80ad0d71e81897293fcba5d8065f8ecf8fdb316422eb4548e81a30d55ff6d50d026ff5fddc142356,blockNumber=164
info|2024-02-01 19:00:27.926406|[RPCWS][SERVICE][onRecvBlockNotifier]receive block number notifier,group=group0,node=aadc474cb133cb4f2c289add9bdc58bca1629e5706e1d0ac80ad0d71e81897293fcba5d8065f8ecf8fdb316422eb4548e81a30d55ff6d50d026ff5fddc142356,blockNumber=164
info|2024-02-01 19:00:27.926406|[WS]receive block notify,endpoint=192.168.81.141:20200,blk={
	"blockNumber" : 164,
	"group" : "group0",
	"nodeName" : "aadc474cb133cb4f2c289add9bdc58bca1629e5706e1d0ac80ad0d71e81897293fcba5d8065f8ecf8fdb316422eb4548e81a30d55ff6d50d026ff5fddc142356"
}
info|2024-02-01 19:00:28.387195|[SDK][WS][SERVICE]connected nodes,count=2
info|2024-02-01 19:00:28.707013|[EVENT][SUB][doLoop]event sub tasks report,working event sub count=0,suspend event sub count=0
info|2024-02-01 19:00:48.399276|[SDK][WS][SERVICE]connected nodes,count=2
info|2024-02-01 19:00:48.707759|[EVENT][SUB][doLoop]event sub tasks report,working event sub count=0,suspend event sub count=0
info|2024-02-01 19:01:08.408432|[SDK][WS][SERVICE]connected nodes,count=2
info|2024-02-01 19:01:08.708051|[EVENT][SUB][doLoop]event sub tasks report,working event sub count=0,suspend event sub count=0
info|2024-02-01 19:01:28.408787|[SDK][WS][SERVICE]connected nodes,count=2
info|2024-02-01 19:01:28.708391|[EVENT][SUB][doLoop]event sub tasks report,working event sub count=0,suspend event sub count=0
info|2024-02-01 19:01:48.408983|[SDK][WS][SERVICE]connected nodes,count=2
info|2024-02-01 19:01:48.714826|[EVENT][SUB][doLoop]event sub tasks report,working event sub count=0,suspend event sub count=0
info|2024-02-01 19:02:08.409159|[SDK][WS][SERVICE]connected nodes,count=2
info|2024-02-01 19:02:08.717248|[EVENT][SUB][doLoop]event sub tasks report,working event sub count=0,suspend event sub count=0
info|2024-02-01 19:02:28.415112|[SDK][WS][SERVICE]connected nodes,count=2
info|2024-02-01 19:02:28.724959|[EVENT][SUB][doLoop]event sub tasks report,working event sub count=0,suspend event sub count=0
info|2024-02-01 19:02:48.416042|[SDK][WS][SERVICE]connected nodes,count=2
info|2024-02-01 19:02:48.737786|[EVENT][SUB][doLoop]event sub tasks report,working event sub count=0,suspend event sub count=0
info|2024-02-01 19:03:08.422024|[SDK][WS][SERVICE]connected nodes,count=2
info|2024-02-01 19:03:08.745810|[EVENT][SUB][doLoop]event sub tasks report,working event sub count=0,suspend event sub count=0
info|2024-02-01 19:03:28.429726|[SDK][WS][SERVICE]connected nodes,count=2
info|2024-02-01 19:03:28.753291|[EVENT][SUB][doLoop]event sub tasks report,working event sub count=0,suspend event sub count=0
info|2024-02-01 19:03:48.439805|[SDK][WS][SERVICE]connected nodes,count=2
info|2024-02-01 19:03:48.765371|[EVENT][SUB][doLoop]event sub tasks report,working event sub count=0,suspend event sub count=0
info|2024-02-01 19:04:08.452419|[SDK][WS][SERVICE]connected nodes,count=2
info|2024-02-01 19:04:08.777474|[EVENT][SUB][doLoop]event sub tasks report,working event sub count=0,suspend event sub count=0
info|2024-02-01 19:04:28.462298|[SDK][WS][SERVICE]connected nodes,count=2
info|2024-02-01 19:04:28.785670|[EVENT][SUB][doLoop]event sub tasks report,working event sub count=0,suspend event sub count=0
info|2024-02-01 19:04:48.476652|[SDK][WS][SERVICE]connected nodes,count=2
info|2024-02-01 19:04:48.800332|[EVENT][SUB][doLoop]event sub tasks report,working event sub count=0,suspend event sub count=0
info|2024-02-01 19:05:08.477732|[SDK][WS][SERVICE]connected nodes,count=2
info|2024-02-01 19:05:08.815457|[EVENT][SUB][doLoop]event sub tasks report,working event sub count=0,suspend event sub count=0
info|2024-02-01 19:05:28.489966|[SDK][WS][SERVICE]connected nodes,count=2
info|2024-02-01 19:05:28.830040|[EVENT][SUB][doLoop]event sub tasks report,working event sub count=0,suspend event sub count=0
info|2024-02-01 19:05:48.500002|[SDK][WS][SERVICE]connected nodes,count=2
info|2024-02-01 19:05:48.838365|[EVENT][SUB][doLoop]event sub tasks report,working event sub count=0,suspend event sub count=0
info|2024-02-01 19:06:08.512063|[SDK][WS][SERVICE]connected nodes,count=2
info|2024-02-01 19:06:08.851077|[EVENT][SUB][doLoop]event sub tasks report,working event sub count=0,suspend event sub count=0
info|2024-02-01 19:06:28.523710|[SDK][WS][SERVICE]connected nodes,count=2
info|2024-02-01 19:06:28.863281|[EVENT][SUB][doLoop]event sub tasks report,working event sub count=0,suspend event sub count=0
info|2024-02-01 19:06:48.530027|[SDK][WS][SERVICE]connected nodes,count=2
info|2024-02-01 19:06:48.869227|[EVENT][SUB][doLoop]event sub tasks report,working event sub count=0,suspend event sub count=0
info|2024-02-01 19:07:08.537459|[SDK][WS][SERVICE]connected nodes,count=2
info|2024-02-01 19:07:08.877291|[EVENT][SUB][doLoop]event sub tasks report,working event sub count=0,suspend event sub count=0
info|2024-02-01 19:07:28.541991|[SDK][WS][SERVICE]connected nodes,count=2
info|2024-02-01 19:07:28.881785|[EVENT][SUB][doLoop]event sub tasks report,working event sub count=0,suspend event sub count=0
info|2024-02-01 19:07:48.556711|[SDK][WS][SERVICE]connected nodes,count=2
info|2024-02-01 19:07:48.896454|[EVENT][SUB][doLoop]event sub tasks report,working event sub count=0,suspend event sub count=0
info|2024-02-01 19:08:08.557677|[SDK][WS][SERVICE]connected nodes,count=2
info|2024-02-01 19:08:08.898177|[EVENT][SUB][doLoop]event sub tasks report,working event sub count=0,suspend event sub count=0
info|2024-02-01 19:08:28.558570|[SDK][WS][SERVICE]connected nodes,count=2
info|2024-02-01 19:08:28.911970|[EVENT][SUB][doLoop]event sub tasks report,working event sub count=0,suspend event sub count=0
info|2024-02-01 19:08:48.559168|[SDK][WS][SERVICE]connected nodes,count=2
info|2024-02-01 19:08:48.914856|[EVENT][SUB][doLoop]event sub tasks report,working event sub count=0,suspend event sub count=0
info|2024-02-01 19:09:08.571802|[SDK][WS][SERVICE]connected nodes,count=2
info|2024-02-01 19:09:08.923298|[EVENT][SUB][doLoop]event sub tasks report,working event sub count=0,suspend event sub count=0
info|2024-02-01 19:09:28.576810|[SDK][WS][SERVICE]connected nodes,count=2
info|2024-02-01 19:09:28.932829|[EVENT][SUB][doLoop]event sub tasks report,working event sub count=0,suspend event sub count=0
info|2024-02-01 19:09:48.584679|[SDK][WS][SERVICE]connected nodes,count=2
info|2024-02-01 19:09:48.939315|[EVENT][SUB][doLoop]event sub tasks report,working event sub count=0,suspend event sub count=0
info|2024-02-01 19:10:08.593240|[SDK][WS][SERVICE]connected nodes,count=2
info|2024-02-01 19:10:08.947285|[EVENT][SUB][doLoop]event sub tasks report,working event sub count=0,suspend event sub count=0
info|2024-02-01 19:10:28.600439|[SDK][WS][SERVICE]connected nodes,count=2
info|2024-02-01 19:10:28.956475|[EVENT][SUB][doLoop]event sub tasks report,working event sub count=0,suspend event sub count=0
info|2024-02-01 19:10:48.600515|[SDK][WS][SERVICE]connected nodes,count=2
info|2024-02-01 19:10:48.969156|[EVENT][SUB][doLoop]event sub tasks report,working event sub count=0,suspend event sub count=0
info|2024-02-01 19:11:08.606286|[SDK][WS][SERVICE]connected nodes,count=2
info|2024-02-01 19:11:08.976975|[EVENT][SUB][doLoop]event sub tasks report,working event sub count=0,suspend event sub count=0
info|2024-02-01 19:11:28.606345|[SDK][WS][SERVICE]connected nodes,count=2
info|2024-02-01 19:11:28.982651|[EVENT][SUB][doLoop]event sub tasks report,working event sub count=0,suspend event sub count=0
info|2024-02-01 19:11:48.614835|[SDK][WS][SERVICE]connected nodes,count=2
info|2024-02-01 19:11:48.985846|[EVENT][SUB][doLoop]event sub tasks report,working event sub count=0,suspend event sub count=0
info|2024-02-01 19:12:08.622801|[SDK][WS][SERVICE]connected nodes,count=2
info|2024-02-01 19:12:08.991069|[EVENT][SUB][doLoop]event sub tasks report,working event sub count=0,suspend event sub count=0
info|2024-02-01 19:12:28.633186|[SDK][WS][SERVICE]connected nodes,count=2
info|2024-02-01 19:12:29.003613|[EVENT][SUB][doLoop]event sub tasks report,working event sub count=0,suspend event sub count=0
info|2024-02-01 19:12:48.638955|[SDK][WS][SERVICE]connected nodes,count=2
info|2024-02-01 19:12:49.011657|[EVENT][SUB][doLoop]event sub tasks report,working event sub count=0,suspend event sub count=0
info|2024-02-01 19:13:08.649009|[SDK][WS][SERVICE]connected nodes,count=2
info|2024-02-01 19:13:09.019388|[EVENT][SUB][doLoop]event sub tasks report,working event sub count=0,suspend event sub count=0
info|2024-02-01 19:13:28.656525|[SDK][WS][SERVICE]connected nodes,count=2
info|2024-02-01 19:13:29.026649|[EVENT][SUB][doLoop]event sub tasks report,working event sub count=0,suspend event sub count=0
info|2024-02-01 19:13:48.658124|[SDK][WS][SERVICE]connected nodes,count=2
info|2024-02-01 19:13:49.027772|[EVENT][SUB][doLoop]event sub tasks report,working event sub count=0,suspend event sub count=0
info|2024-02-01 19:14:08.669339|[SDK][WS][SERVICE]connected nodes,count=2
info|2024-02-01 19:14:09.037123|[EVENT][SUB][doLoop]event sub tasks report,working event sub count=0,suspend event sub count=0
info|2024-02-01 19:14:28.676857|[SDK][WS][SERVICE]connected nodes,count=2
info|2024-02-01 19:14:29.046195|[EVENT][SUB][doLoop]event sub tasks report,working event sub count=0,suspend event sub count=0
info|2024-02-01 19:14:48.684685|[SDK][WS][SERVICE]connected nodes,count=2
info|2024-02-01 19:14:49.056707|[EVENT][SUB][doLoop]event sub tasks report,working event sub count=0,suspend event sub count=0
info|2024-02-01 19:15:08.688613|[SDK][WS][SERVICE]connected nodes,count=2
info|2024-02-01 19:15:09.060972|[EVENT][SUB][doLoop]event sub tasks report,working event sub count=0,suspend event sub count=0
info|2024-02-01 19:15:28.701365|[SDK][WS][SERVICE]connected nodes,count=2
info|2024-02-01 19:15:29.070950|[EVENT][SUB][doLoop]event sub tasks report,working event sub count=0,suspend event sub count=0
info|2024-02-01 19:15:48.710178|[SDK][WS][SERVICE]connected nodes,count=2
info|2024-02-01 19:15:49.080857|[EVENT][SUB][doLoop]event sub tasks report,working event sub count=0,suspend event sub count=0
info|2024-02-01 19:16:08.710513|[SDK][WS][SERVICE]connected nodes,count=2
info|2024-02-01 19:16:09.095111|[EVENT][SUB][doLoop]event sub tasks report,working event sub count=0,suspend event sub count=0
info|2024-02-01 19:16:28.714904|[SDK][WS][SERVICE]connected nodes,count=2
info|2024-02-01 19:16:29.102452|[EVENT][SUB][doLoop]event sub tasks report,working event sub count=0,suspend event sub count=0
info|2024-02-01 19:16:48.729171|[SDK][WS][SERVICE]connected nodes,count=2
info|2024-02-01 19:16:49.114967|[EVENT][SUB][doLoop]event sub tasks report,working event sub count=0,suspend event sub count=0
info|2024-02-01 19:17:08.736233|[SDK][WS][SERVICE]connected nodes,count=2
info|2024-02-01 19:17:09.123734|[EVENT][SUB][doLoop]event sub tasks report,working event sub count=0,suspend event sub count=0
info|2024-02-01 19:17:28.750972|[SDK][WS][SERVICE]connected nodes,count=2
info|2024-02-01 19:17:29.135538|[EVENT][SUB][doLoop]event sub tasks report,working event sub count=0,suspend event sub count=0
info|2024-02-01 19:17:48.761931|[SDK][WS][SERVICE]connected nodes,count=2
info|2024-02-01 19:17:49.149429|[EVENT][SUB][doLoop]event sub tasks report,working event sub count=0,suspend event sub count=0
info|2024-02-01 19:18:08.776269|[SDK][WS][SERVICE]connected nodes,count=2
info|2024-02-01 19:18:09.161347|[EVENT][SUB][doLoop]event sub tasks report,working event sub count=0,suspend event sub count=0
info|2024-02-01 19:18:28.789934|[SDK][WS][SERVICE]connected nodes,count=2
info|2024-02-01 19:18:29.174310|[EVENT][SUB][doLoop]event sub tasks report,working event sub count=0,suspend event sub count=0
info|2024-02-01 19:18:48.800836|[SDK][WS][SERVICE]connected nodes,count=2
info|2024-02-01 19:18:49.186825|[EVENT][SUB][doLoop]event sub tasks report,working event sub count=0,suspend event sub count=0
info|2024-02-01 19:19:08.802027|[SDK][WS][SERVICE]connected nodes,count=2
info|2024-02-01 19:19:09.187769|[EVENT][SUB][doLoop]event sub tasks report,working event sub count=0,suspend event sub count=0
info|2024-02-01 19:19:28.811945|[SDK][WS][SERVICE]connected nodes,count=2
info|2024-02-01 19:19:29.197782|[EVENT][SUB][doLoop]event sub tasks report,working event sub count=0,suspend event sub count=0
info|2024-02-01 19:19:48.817634|[SDK][WS][SERVICE]connected nodes,count=2
info|2024-02-01 19:19:49.201559|[EVENT][SUB][doLoop]event sub tasks report,working event sub count=0,suspend event sub count=0
info|2024-02-01 19:20:08.832234|[SDK][WS][SERVICE]connected nodes,count=2
info|2024-02-01 19:20:09.201764|[EVENT][SUB][doLoop]event sub tasks report,working event sub count=0,suspend event sub count=0
info|2024-02-01 19:20:28.842182|[SDK][WS][SERVICE]connected nodes,count=2
info|2024-02-01 19:20:29.211239|[EVENT][SUB][doLoop]event sub tasks report,working event sub count=0,suspend event sub count=0
info|2024-02-01 19:20:48.855633|[SDK][WS][SERVICE]connected nodes,count=2
info|2024-02-01 19:20:49.225837|[EVENT][SUB][doLoop]event sub tasks report,working event sub count=0,suspend event sub count=0
info|2024-02-01 19:21:08.857876|[SDK][WS][SERVICE]connected nodes,count=2
info|2024-02-01 19:21:09.240728|[EVENT][SUB][doLoop]event sub tasks report,working event sub count=0,suspend event sub count=0
info|2024-02-01 19:21:28.866218|[SDK][WS][SERVICE]connected nodes,count=2
info|2024-02-01 19:21:29.249590|[EVENT][SUB][doLoop]event sub tasks report,working event sub count=0,suspend event sub count=0
info|2024-02-01 19:21:48.866813|[SDK][WS][SERVICE]connected nodes,count=2
info|2024-02-01 19:21:49.251868|[EVENT][SUB][doLoop]event sub tasks report,working event sub count=0,suspend event sub count=0
info|2024-02-01 19:22:08.869847|[SDK][WS][SERVICE]connected nodes,count=2
info|2024-02-01 19:22:09.254579|[EVENT][SUB][doLoop]event sub tasks report,working event sub count=0,suspend event sub count=0
info|2024-02-01 19:22:28.880013|[SDK][WS][SERVICE]connected nodes,count=2
info|2024-02-01 19:22:29.264263|[EVENT][SUB][doLoop]event sub tasks report,working event sub count=0,suspend event sub count=0
info|2024-02-01 19:22:48.891994|[SDK][WS][SERVICE]connected nodes,count=2
info|2024-02-01 19:22:49.274981|[EVENT][SUB][doLoop]event sub tasks report,working event sub count=0,suspend event sub count=0
info|2024-02-01 19:23:08.902191|[SDK][WS][SERVICE]connected nodes,count=2
info|2024-02-01 19:23:09.287384|[EVENT][SUB][doLoop]event sub tasks report,working event sub count=0,suspend event sub count=0
info|2024-02-01 19:23:28.902621|[SDK][WS][SERVICE]connected nodes,count=2
info|2024-02-01 19:23:29.294789|[EVENT][SUB][doLoop]event sub tasks report,working event sub count=0,suspend event sub count=0
info|2024-02-01 19:23:48.909745|[SDK][WS][SERVICE]connected nodes,count=2
info|2024-02-01 19:23:49.308282|[EVENT][SUB][doLoop]event sub tasks report,working event sub count=0,suspend event sub count=0
info|2024-02-01 19:24:08.912553|[SDK][WS][SERVICE]connected nodes,count=2
info|2024-02-01 19:24:09.308709|[EVENT][SUB][doLoop]event sub tasks report,working event sub count=0,suspend event sub count=0
info|2024-02-01 19:24:28.913520|[SDK][WS][SERVICE]connected nodes,count=2
info|2024-02-01 19:24:29.313902|[EVENT][SUB][doLoop]event sub tasks report,working event sub count=0,suspend event sub count=0
info|2024-02-01 19:24:48.925848|[SDK][WS][SERVICE]connected nodes,count=2
info|2024-02-01 19:24:49.326664|[EVENT][SUB][doLoop]event sub tasks report,working event sub count=0,suspend event sub count=0
info|2024-02-01 19:25:08.938859|[SDK][WS][SERVICE]connected nodes,count=2
info|2024-02-01 19:25:09.339049|[EVENT][SUB][doLoop]event sub tasks report,working event sub count=0,suspend event sub count=0
info|2024-02-01 19:25:28.940525|[SDK][WS][SERVICE]connected nodes,count=2
info|2024-02-01 19:25:29.339134|[EVENT][SUB][doLoop]event sub tasks report,working event sub count=0,suspend event sub count=0
info|2024-02-01 19:25:48.950465|[SDK][WS][SERVICE]connected nodes,count=2
info|2024-02-01 19:25:49.352059|[EVENT][SUB][doLoop]event sub tasks report,working event sub count=0,suspend event sub count=0
info|2024-02-01 19:26:08.956342|[SDK][WS][SERVICE]connected nodes,count=2
info|2024-02-01 19:26:09.358114|[EVENT][SUB][doLoop]event sub tasks report,working event sub count=0,suspend event sub count=0
info|2024-02-01 19:26:29.007742|[SDK][WS][SERVICE]connected nodes,count=2
info|2024-02-01 19:26:29.370241|[EVENT][SUB][doLoop]event sub tasks report,working event sub count=0,suspend event sub count=0
info|2024-02-01 19:26:49.014310|[SDK][WS][SERVICE]connected nodes,count=2
info|2024-02-01 19:26:49.384353|[EVENT][SUB][doLoop]event sub tasks report,working event sub count=0,suspend event sub count=0
info|2024-02-01 19:27:09.020348|[SDK][WS][SERVICE]connected nodes,count=2
info|2024-02-01 19:27:09.388225|[EVENT][SUB][doLoop]event sub tasks report,working event sub count=0,suspend event sub count=0
info|2024-02-01 19:27:29.034529|[SDK][WS][SERVICE]connected nodes,count=2
info|2024-02-01 19:27:29.390528|[EVENT][SUB][doLoop]event sub tasks report,working event sub count=0,suspend event sub count=0
info|2024-02-01 19:27:49.047474|[SDK][WS][SERVICE]connected nodes,count=2
info|2024-02-01 19:27:49.402616|[EVENT][SUB][doLoop]event sub tasks report,working event sub count=0,suspend event sub count=0
info|2024-02-01 19:28:09.052728|[SDK][WS][SERVICE]connected nodes,count=2
info|2024-02-01 19:28:09.403002|[EVENT][SUB][doLoop]event sub tasks report,working event sub count=0,suspend event sub count=0
info|2024-02-01 19:28:29.063241|[SDK][WS][SERVICE]connected nodes,count=2
info|2024-02-01 19:28:29.417734|[EVENT][SUB][doLoop]event sub tasks report,working event sub count=0,suspend event sub count=0
info|2024-02-01 19:28:49.064753|[SDK][WS][SERVICE]connected nodes,count=2
info|2024-02-01 19:28:49.418078|[EVENT][SUB][doLoop]event sub tasks report,working event sub count=0,suspend event sub count=0
info|2024-02-01 19:29:09.069062|[SDK][WS][SERVICE]connected nodes,count=2
info|2024-02-01 19:29:09.423840|[EVENT][SUB][doLoop]event sub tasks report,working event sub count=0,suspend event sub count=0
info|2024-02-01 19:29:29.073617|[SDK][WS][SERVICE]connected nodes,count=2
info|2024-02-01 19:29:29.428028|[EVENT][SUB][doLoop]event sub tasks report,working event sub count=0,suspend event sub count=0
info|2024-02-01 19:29:49.085957|[SDK][WS][SERVICE]connected nodes,count=2
info|2024-02-01 19:29:49.440057|[EVENT][SUB][doLoop]event sub tasks report,working event sub count=0,suspend event sub count=0
info|2024-02-01 19:30:09.096644|[SDK][WS][SERVICE]connected nodes,count=2
info|2024-02-01 19:30:09.449833|[EVENT][SUB][doLoop]event sub tasks report,working event sub count=0,suspend event sub count=0
info|2024-02-01 19:30:29.106444|[SDK][WS][SERVICE]connected nodes,count=2
info|2024-02-01 19:30:29.459454|[EVENT][SUB][doLoop]event sub tasks report,working event sub count=0,suspend event sub count=0
info|2024-02-01 19:30:49.106647|[SDK][WS][SERVICE]connected nodes,count=2
info|2024-02-01 19:30:49.473884|[EVENT][SUB][doLoop]event sub tasks report,working event sub count=0,suspend event sub count=0
info|2024-02-01 19:31:09.106827|[SDK][WS][SERVICE]connected nodes,count=2
info|2024-02-01 19:31:09.480113|[EVENT][SUB][doLoop]event sub tasks report,working event sub count=0,suspend event sub count=0
info|2024-02-01 19:31:29.110310|[SDK][WS][SERVICE]connected nodes,count=2
info|2024-02-01 19:31:29.493615|[EVENT][SUB][doLoop]event sub tasks report,working event sub count=0,suspend event sub count=0
info|2024-02-01 19:31:49.121233|[SDK][WS][SERVICE]connected nodes,count=2
info|2024-02-01 19:31:49.505189|[EVENT][SUB][doLoop]event sub tasks report,working event sub count=0,suspend event sub count=0
info|2024-02-01 19:32:09.134326|[SDK][WS][SERVICE]connected nodes,count=2
info|2024-02-01 19:32:09.505702|[EVENT][SUB][doLoop]event sub tasks report,working event sub count=0,suspend event sub count=0
info|2024-02-01 19:32:29.138563|[SDK][WS][SERVICE]connected nodes,count=2
info|2024-02-01 19:32:29.505856|[EVENT][SUB][doLoop]event sub tasks report,working event sub count=0,suspend event sub count=0
info|2024-02-01 19:32:49.138886|[SDK][WS][SERVICE]connected nodes,count=2
info|2024-02-01 19:32:49.510708|[EVENT][SUB][doLoop]event sub tasks report,working event sub count=0,suspend event sub count=0
info|2024-02-01 19:33:09.146748|[SDK][WS][SERVICE]connected nodes,count=2
info|2024-02-01 19:33:09.518748|[EVENT][SUB][doLoop]event sub tasks report,working event sub count=0,suspend event sub count=0
info|2024-02-01 19:33:29.155444|[SDK][WS][SERVICE]connected nodes,count=2
info|2024-02-01 19:33:29.527529|[EVENT][SUB][doLoop]event sub tasks report,working event sub count=0,suspend event sub count=0
info|2024-02-01 19:33:49.156179|[SDK][WS][SERVICE]connected nodes,count=2
info|2024-02-01 19:33:49.527619|[EVENT][SUB][doLoop]event sub tasks report,working event sub count=0,suspend event sub count=0
info|2024-02-01 19:34:09.161144|[SDK][WS][SERVICE]connected nodes,count=2
info|2024-02-01 19:34:09.532893|[EVENT][SUB][doLoop]event sub tasks report,working event sub count=0,suspend event sub count=0
info|2024-02-01 19:34:29.175421|[SDK][WS][SERVICE]connected nodes,count=2
info|2024-02-01 19:34:29.547637|[EVENT][SUB][doLoop]event sub tasks report,working event sub count=0,suspend event sub count=0
info|2024-02-01 19:34:49.177550|[SDK][WS][SERVICE]connected nodes,count=2
info|2024-02-01 19:34:49.548826|[EVENT][SUB][doLoop]event sub tasks report,working event sub count=0,suspend event sub count=0
info|2024-02-01 19:35:09.181405|[SDK][WS][SERVICE]connected nodes,count=2
info|2024-02-01 19:35:09.553403|[EVENT][SUB][doLoop]event sub tasks report,working event sub count=0,suspend event sub count=0
info|2024-02-01 19:35:29.184639|[SDK][WS][SERVICE]connected nodes,count=2
info|2024-02-01 19:35:29.556636|[EVENT][SUB][doLoop]event sub tasks report,working event sub count=0,suspend event sub count=0
info|2024-02-01 19:35:49.193374|[SDK][WS][SERVICE]connected nodes,count=2
info|2024-02-01 19:35:49.562740|[EVENT][SUB][doLoop]event sub tasks report,working event sub count=0,suspend event sub count=0
info|2024-02-01 19:36:09.197032|[SDK][WS][SERVICE]connected nodes,count=2
info|2024-02-01 19:36:09.565111|[EVENT][SUB][doLoop]event sub tasks report,working event sub count=0,suspend event sub count=0
info|2024-02-01 19:36:29.208034|[SDK][WS][SERVICE]connected nodes,count=2
info|2024-02-01 19:36:29.576250|[EVENT][SUB][doLoop]event sub tasks report,working event sub count=0,suspend event sub count=0
info|2024-02-01 19:36:49.208070|[SDK][WS][SERVICE]connected nodes,count=2
info|2024-02-01 19:36:49.591771|[EVENT][SUB][doLoop]event sub tasks report,working event sub count=0,suspend event sub count=0
info|2024-02-01 19:37:09.208362|[SDK][WS][SERVICE]connected nodes,count=2
info|2024-02-01 19:37:09.607058|[EVENT][SUB][doLoop]event sub tasks report,working event sub count=0,suspend event sub count=0
info|2024-02-01 19:37:29.208453|[SDK][WS][SERVICE]connected nodes,count=2
info|2024-02-01 19:37:29.607524|[EVENT][SUB][doLoop]event sub tasks report,working event sub count=0,suspend event sub count=0
info|2024-02-01 19:37:49.208762|[SDK][WS][SERVICE]connected nodes,count=2
info|2024-02-01 19:37:49.607801|[EVENT][SUB][doLoop]event sub tasks report,working event sub count=0,suspend event sub count=0
info|2024-02-01 19:38:09.222746|[SDK][WS][SERVICE]connected nodes,count=2
info|2024-02-01 19:38:09.622987|[EVENT][SUB][doLoop]event sub tasks report,working event sub count=0,suspend event sub count=0
info|2024-02-01 19:38:29.228401|[SDK][WS][SERVICE]connected nodes,count=2
info|2024-02-01 19:38:29.627692|[EVENT][SUB][doLoop]event sub tasks report,working event sub count=0,suspend event sub count=0
info|2024-02-01 19:38:49.231741|[SDK][WS][SERVICE]connected nodes,count=2
info|2024-02-01 19:38:49.634742|[EVENT][SUB][doLoop]event sub tasks report,working event sub count=0,suspend event sub count=0
info|2024-02-01 19:39:09.245315|[SDK][WS][SERVICE]connected nodes,count=2
info|2024-02-01 19:39:09.644775|[EVENT][SUB][doLoop]event sub tasks report,working event sub count=0,suspend event sub count=0
info|2024-02-01 19:39:29.257009|[SDK][WS][SERVICE]connected nodes,count=2
info|2024-02-01 19:39:29.657562|[EVENT][SUB][doLoop]event sub tasks report,working event sub count=0,suspend event sub count=0
info|2024-02-01 19:39:49.264373|[SDK][WS][SERVICE]connected nodes,count=2
info|2024-02-01 19:39:49.664473|[EVENT][SUB][doLoop]event sub tasks report,working event sub count=0,suspend event sub count=0
info|2024-02-01 19:40:09.274054|[SDK][WS][SERVICE]connected nodes,count=2
info|2024-02-01 19:40:09.673323|[EVENT][SUB][doLoop]event sub tasks report,working event sub count=0,suspend event sub count=0
info|2024-02-01 19:40:29.281144|[SDK][WS][SERVICE]connected nodes,count=2
info|2024-02-01 19:40:29.680295|[EVENT][SUB][doLoop]event sub tasks report,working event sub count=0,suspend event sub count=0
info|2024-02-01 19:40:49.283210|[SDK][WS][SERVICE]connected nodes,count=2
info|2024-02-01 19:40:49.685025|[EVENT][SUB][doLoop]event sub tasks report,working event sub count=0,suspend event sub count=0
info|2024-02-01 19:41:09.283465|[SDK][WS][SERVICE]connected nodes,count=2
info|2024-02-01 19:41:09.685429|[EVENT][SUB][doLoop]event sub tasks report,working event sub count=0,suspend event sub count=0
info|2024-02-01 19:41:29.286840|[SDK][WS][SERVICE]connected nodes,count=2
info|2024-02-01 19:41:29.686368|[EVENT][SUB][doLoop]event sub tasks report,working event sub count=0,suspend event sub count=0
info|2024-02-01 19:41:49.294383|[SDK][WS][SERVICE]connected nodes,count=2
info|2024-02-01 19:41:49.697955|[EVENT][SUB][doLoop]event sub tasks report,working event sub count=0,suspend event sub count=0
info|2024-02-01 19:42:09.308023|[SDK][WS][SERVICE]connected nodes,count=2
info|2024-02-01 19:42:09.706591|[EVENT][SUB][doLoop]event sub tasks report,working event sub count=0,suspend event sub count=0
info|2024-02-01 19:42:29.316552|[SDK][WS][SERVICE]connected nodes,count=2
info|2024-02-01 19:42:29.743037|[EVENT][SUB][doLoop]event sub tasks report,working event sub count=0,suspend event sub count=0
info|2024-02-01 19:42:49.329396|[SDK][WS][SERVICE]connected nodes,count=2
info|2024-02-01 19:42:49.745149|[EVENT][SUB][doLoop]event sub tasks report,working event sub count=0,suspend event sub count=0
info|2024-02-01 19:43:09.339925|[SDK][WS][SERVICE]connected nodes,count=2
info|2024-02-01 19:43:09.755078|[EVENT][SUB][doLoop]event sub tasks report,working event sub count=0,suspend event sub count=0
info|2024-02-01 19:43:29.346195|[SDK][WS][SERVICE]connected nodes,count=2
info|2024-02-01 19:43:29.760741|[EVENT][SUB][doLoop]event sub tasks report,working event sub count=0,suspend event sub count=0
info|2024-02-01 19:43:49.354429|[SDK][WS][SERVICE]connected nodes,count=2
info|2024-02-01 19:43:49.770514|[EVENT][SUB][doLoop]event sub tasks report,working event sub count=0,suspend event sub count=0
info|2024-02-01 19:44:09.356114|[SDK][WS][SERVICE]connected nodes,count=2
info|2024-02-01 19:44:09.774566|[EVENT][SUB][doLoop]event sub tasks report,working event sub count=0,suspend event sub count=0
info|2024-02-01 19:44:29.363733|[SDK][WS][SERVICE]connected nodes,count=2
info|2024-02-01 19:44:29.780497|[EVENT][SUB][doLoop]event sub tasks report,working event sub count=0,suspend event sub count=0
info|2024-02-01 19:44:49.376520|[SDK][WS][SERVICE]connected nodes,count=2
info|2024-02-01 19:44:49.793805|[EVENT][SUB][doLoop]event sub tasks report,working event sub count=0,suspend event sub count=0
info|2024-02-01 19:45:09.381050|[SDK][WS][SERVICE]connected nodes,count=2
info|2024-02-01 19:45:09.798022|[EVENT][SUB][doLoop]event sub tasks report,working event sub count=0,suspend event sub count=0
info|2024-02-01 19:45:29.382262|[SDK][WS][SERVICE]connected nodes,count=2
info|2024-02-01 19:45:29.812923|[EVENT][SUB][doLoop]event sub tasks report,working event sub count=0,suspend event sub count=0
info|2024-02-01 19:45:49.391228|[SDK][WS][SERVICE]connected nodes,count=2
info|2024-02-01 19:45:49.823082|[EVENT][SUB][doLoop]event sub tasks report,working event sub count=0,suspend event sub count=0
info|2024-02-01 19:46:09.398414|[SDK][WS][SERVICE]connected nodes,count=2
info|2024-02-01 19:46:09.830024|[EVENT][SUB][doLoop]event sub tasks report,working event sub count=0,suspend event sub count=0
info|2024-02-01 19:46:29.407974|[SDK][WS][SERVICE]connected nodes,count=2
info|2024-02-01 19:46:29.838176|[EVENT][SUB][doLoop]event sub tasks report,working event sub count=0,suspend event sub count=0
info|2024-02-01 19:46:49.408308|[SDK][WS][SERVICE]connected nodes,count=2
info|2024-02-01 19:46:49.850226|[EVENT][SUB][doLoop]event sub tasks report,working event sub count=0,suspend event sub count=0
info|2024-02-01 19:47:09.408828|[SDK][WS][SERVICE]connected nodes,count=2
info|2024-02-01 19:47:09.865247|[EVENT][SUB][doLoop]event sub tasks report,working event sub count=0,suspend event sub count=0
info|2024-02-01 19:47:29.409029|[SDK][WS][SERVICE]connected nodes,count=2
info|2024-02-01 19:47:29.875522|[EVENT][SUB][doLoop]event sub tasks report,working event sub count=0,suspend event sub count=0
info|2024-02-01 19:47:49.419536|[SDK][WS][SERVICE]connected nodes,count=2
info|2024-02-01 19:47:49.882011|[EVENT][SUB][doLoop]event sub tasks report,working event sub count=0,suspend event sub count=0
info|2024-02-01 19:48:09.420766|[SDK][WS][SERVICE]connected nodes,count=2
info|2024-02-01 19:48:09.883429|[EVENT][SUB][doLoop]event sub tasks report,working event sub count=0,suspend event sub count=0
info|2024-02-01 19:48:29.431816|[SDK][WS][SERVICE]connected nodes,count=2
info|2024-02-01 19:48:29.894514|[EVENT][SUB][doLoop]event sub tasks report,working event sub count=0,suspend event sub count=0
info|2024-02-01 19:48:49.433338|[SDK][WS][SERVICE]connected nodes,count=2
info|2024-02-01 19:48:49.909893|[EVENT][SUB][doLoop]event sub tasks report,working event sub count=0,suspend event sub count=0
info|2024-02-01 19:49:09.444958|[SDK][WS][SERVICE]connected nodes,count=2
info|2024-02-01 19:49:09.922947|[EVENT][SUB][doLoop]event sub tasks report,working event sub count=0,suspend event sub count=0
info|2024-02-01 19:49:29.456701|[SDK][WS][SERVICE]connected nodes,count=2
info|2024-02-01 19:49:29.932370|[EVENT][SUB][doLoop]event sub tasks report,working event sub count=0,suspend event sub count=0
info|2024-02-01 19:49:49.462552|[SDK][WS][SERVICE]connected nodes,count=2
info|2024-02-01 19:49:49.944551|[EVENT][SUB][doLoop]event sub tasks report,working event sub count=0,suspend event sub count=0
info|2024-02-01 19:50:09.476375|[SDK][WS][SERVICE]connected nodes,count=2
info|2024-02-01 19:50:09.955294|[EVENT][SUB][doLoop]event sub tasks report,working event sub count=0,suspend event sub count=0
info|2024-02-01 19:50:29.478734|[SDK][WS][SERVICE]connected nodes,count=2
info|2024-02-01 19:50:29.958020|[EVENT][SUB][doLoop]event sub tasks report,working event sub count=0,suspend event sub count=0
info|2024-02-01 19:50:49.481728|[SDK][WS][SERVICE]connected nodes,count=2
info|2024-02-01 19:50:49.961833|[EVENT][SUB][doLoop]event sub tasks report,working event sub count=0,suspend event sub count=0
info|2024-02-01 19:51:09.484604|[SDK][WS][SERVICE]connected nodes,count=2
info|2024-02-01 19:51:09.966657|[EVENT][SUB][doLoop]event sub tasks report,working event sub count=0,suspend event sub count=0
info|2024-02-01 19:51:29.497861|[SDK][WS][SERVICE]connected nodes,count=2
info|2024-02-01 19:51:29.976058|[EVENT][SUB][doLoop]event sub tasks report,working event sub count=0,suspend event sub count=0
info|2024-02-01 19:51:49.503227|[SDK][WS][SERVICE]connected nodes,count=2
info|2024-02-01 19:51:49.980392|[EVENT][SUB][doLoop]event sub tasks report,working event sub count=0,suspend event sub count=0
info|2024-02-01 19:52:09.503696|[SDK][WS][SERVICE]connected nodes,count=2
info|2024-02-01 19:52:09.981364|[EVENT][SUB][doLoop]event sub tasks report,working event sub count=0,suspend event sub count=0
info|2024-02-01 19:52:29.503886|[SDK][WS][SERVICE]connected nodes,count=2
info|2024-02-01 19:52:29.991800|[EVENT][SUB][doLoop]event sub tasks report,working event sub count=0,suspend event sub count=0
info|2024-02-01 19:52:49.513664|[SDK][WS][SERVICE]connected nodes,count=2
info|2024-02-01 19:52:50.006211|[EVENT][SUB][doLoop]event sub tasks report,working event sub count=0,suspend event sub count=0
info|2024-02-01 19:53:09.528931|[SDK][WS][SERVICE]connected nodes,count=2
info|2024-02-01 19:53:10.006262|[EVENT][SUB][doLoop]event sub tasks report,working event sub count=0,suspend event sub count=0
info|2024-02-01 19:53:29.534338|[SDK][WS][SERVICE]connected nodes,count=2
info|2024-02-01 19:53:30.006452|[EVENT][SUB][doLoop]event sub tasks report,working event sub count=0,suspend event sub count=0
info|2024-02-01 19:53:49.570550|[SDK][WS][SERVICE]connected nodes,count=2
info|2024-02-01 19:53:50.084051|[EVENT][SUB][doLoop]event sub tasks report,working event sub count=0,suspend event sub count=0
info|2024-02-01 19:54:09.579407|[SDK][WS][SERVICE]connected nodes,count=2
info|2024-02-01 19:54:10.088887|[EVENT][SUB][doLoop]event sub tasks report,working event sub count=0,suspend event sub count=0
info|2024-02-01 19:54:29.589714|[SDK][WS][SERVICE]connected nodes,count=2
info|2024-02-01 19:54:30.100488|[EVENT][SUB][doLoop]event sub tasks report,working event sub count=0,suspend event sub count=0
info|2024-02-01 19:54:49.596522|[SDK][WS][SERVICE]connected nodes,count=2
info|2024-02-01 19:54:50.105637|[EVENT][SUB][doLoop]event sub tasks report,working event sub count=0,suspend event sub count=0
info|2024-02-01 19:55:09.603360|[SDK][WS][SERVICE]connected nodes,count=2
info|2024-02-01 19:55:10.105832|[EVENT][SUB][doLoop]event sub tasks report,working event sub count=0,suspend event sub count=0
info|2024-02-01 19:55:29.603400|[SDK][WS][SERVICE]connected nodes,count=2
info|2024-02-01 19:55:30.119192|[EVENT][SUB][doLoop]event sub tasks report,working event sub count=0,suspend event sub count=0
info|2024-02-01 19:55:49.605296|[SDK][WS][SERVICE]connected nodes,count=2
info|2024-02-01 19:55:50.126790|[EVENT][SUB][doLoop]event sub tasks report,working event sub count=0,suspend event sub count=0
info|2024-02-01 19:56:09.605431|[SDK][WS][SERVICE]connected nodes,count=2
info|2024-02-01 19:56:10.128260|[EVENT][SUB][doLoop]event sub tasks report,working event sub count=0,suspend event sub count=0
info|2024-02-01 19:56:29.608818|[SDK][WS][SERVICE]connected nodes,count=2
info|2024-02-01 19:56:30.135784|[EVENT][SUB][doLoop]event sub tasks report,working event sub count=0,suspend event sub count=0
info|2024-02-01 19:56:49.608829|[SDK][WS][SERVICE]connected nodes,count=2
info|2024-02-01 19:56:50.142024|[EVENT][SUB][doLoop]event sub tasks report,working event sub count=0,suspend event sub count=0
info|2024-02-01 19:57:09.621275|[SDK][WS][SERVICE]connected nodes,count=2
info|2024-02-01 19:57:10.148275|[EVENT][SUB][doLoop]event sub tasks report,working event sub count=0,suspend event sub count=0
info|2024-02-01 19:57:29.621921|[SDK][WS][SERVICE]connected nodes,count=2
info|2024-02-01 19:57:30.160658|[EVENT][SUB][doLoop]event sub tasks report,working event sub count=0,suspend event sub count=0
info|2024-02-01 19:57:49.625999|[SDK][WS][SERVICE]connected nodes,count=2
info|2024-02-01 19:57:50.164543|[EVENT][SUB][doLoop]event sub tasks report,working event sub count=0,suspend event sub count=0
info|2024-02-01 19:58:09.635444|[SDK][WS][SERVICE]connected nodes,count=2
info|2024-02-01 19:58:10.172631|[EVENT][SUB][doLoop]event sub tasks report,working event sub count=0,suspend event sub count=0
info|2024-02-01 19:58:29.635523|[SDK][WS][SERVICE]connected nodes,count=2
info|2024-02-01 19:58:30.173596|[EVENT][SUB][doLoop]event sub tasks report,working event sub count=0,suspend event sub count=0
info|2024-02-01 19:58:49.636300|[SDK][WS][SERVICE]connected nodes,count=2
info|2024-02-01 19:58:50.175344|[EVENT][SUB][doLoop]event sub tasks report,working event sub count=0,suspend event sub count=0
info|2024-02-01 19:59:09.651160|[SDK][WS][SERVICE]connected nodes,count=2
info|2024-02-01 19:59:10.189247|[EVENT][SUB][doLoop]event sub tasks report,working event sub count=0,suspend event sub count=0
info|2024-02-01 19:59:29.653471|[SDK][WS][SERVICE]connected nodes,count=2
info|2024-02-01 19:59:30.195294|[EVENT][SUB][doLoop]event sub tasks report,working event sub count=0,suspend event sub count=0
info|2024-02-01 19:59:49.669075|[SDK][WS][SERVICE]connected nodes,count=2
info|2024-02-01 19:59:50.208777|[EVENT][SUB][doLoop]event sub tasks report,working event sub count=0,suspend event sub count=0
